[INFO] Scanning for projects...
[INFO] ------------------------------------------------------------------------
[INFO] Reactor Build Order:
[INFO] 
[INFO] Prompto Core
[INFO] Core
[INFO] Runtime
[INFO] CodeStore
[INFO] Standalone
[INFO]                                                                         
[INFO] ------------------------------------------------------------------------
[INFO] Building Prompto Core 0.0.1-SNAPSHOT
[INFO] ------------------------------------------------------------------------
[INFO] 
[INFO] --- maven-bundle-plugin:3.2.0:manifest (bundle-manifest) @ Parent-Core ---
[WARNING] Ignoring project type pom - supportedProjectTypes = [jar, bundle]
[INFO]                                                                         
[INFO] ------------------------------------------------------------------------
[INFO] Building Core 0.0.1-SNAPSHOT
[INFO] ------------------------------------------------------------------------
[INFO] 
[INFO] --- build-helper-maven-plugin:1.9.1:add-source (add-source) @ Core ---
[INFO] Source directory: /root/workspace/prompto/prompto-java/447139216/Core/src/generated/java added.
[INFO] 
[INFO] --- maven-resources-plugin:2.6:resources (default-resources) @ Core ---
[INFO] Using 'UTF-8' encoding to copy filtered resources.
[INFO] Copying 42 resources
[INFO] 
[INFO] --- maven-compiler-plugin:3.1:compile (default-compile) @ Core ---
[INFO] Nothing to compile - all classes are up to date
[INFO] 
[INFO] --- maven-bundle-plugin:3.2.0:manifest (bundle-manifest) @ Core ---
[INFO] 
[INFO] --- maven-resources-plugin:2.6:testResources (default-testResources) @ Core ---
[INFO] Using 'UTF-8' encoding to copy filtered resources.
[INFO] Copying 5 resources
[INFO] 
[INFO] --- maven-compiler-plugin:3.1:testCompile (default-testCompile) @ Core ---
[INFO] Nothing to compile - all classes are up to date
[INFO] 
[INFO] --- maven-surefire-plugin:2.12.4:test (default-test) @ Core ---
[INFO] Surefire report directory: /root/workspace/prompto/prompto-java/447139216/Core/target/surefire-reports
[INFO] Downloading: https://repo.maven.apache.org/maven2/org/apache/maven/surefire/surefire-junit4/2.12.4/surefire-junit4-2.12.4.pom
[INFO] Downloaded: https://repo.maven.apache.org/maven2/org/apache/maven/surefire/surefire-junit4/2.12.4/surefire-junit4-2.12.4.pom (3 KB at 3.5 KB/sec)
[INFO] Downloading: https://repo.maven.apache.org/maven2/org/apache/maven/surefire/surefire-providers/2.12.4/surefire-providers-2.12.4.pom
[INFO] Downloaded: https://repo.maven.apache.org/maven2/org/apache/maven/surefire/surefire-providers/2.12.4/surefire-providers-2.12.4.pom (3 KB at 58.8 KB/sec)
[INFO] Downloading: https://repo.maven.apache.org/maven2/org/apache/maven/surefire/surefire-junit4/2.12.4/surefire-junit4-2.12.4.jar
[INFO] Downloaded: https://repo.maven.apache.org/maven2/org/apache/maven/surefire/surefire-junit4/2.12.4/surefire-junit4-2.12.4.jar (37 KB at 391.9 KB/sec)

-------------------------------------------------------
 T E S T S
-------------------------------------------------------
Running prompto.debug.TestLocalDebugger
Tests run: 8, Failures: 0, Errors: 0, Skipped: 0, Time elapsed: 2.003 sec
Running prompto.store.memory.TestMemStore
Tests run: 17, Failures: 0, Errors: 0, Skipped: 0, Time elapsed: 0.069 sec
Running prompto.error.TestErrorListener
Tests run: 11, Failures: 0, Errors: 0, Skipped: 2, Time elapsed: 0.091 sec
Running prompto.translate.omo.TestAnnotations
Tests run: 2, Failures: 0, Errors: 0, Skipped: 0, Time elapsed: 1.6 sec
Running prompto.translate.omo.TestSortSet
Tests run: 22, Failures: 0, Errors: 0, Skipped: 0, Time elapsed: 0.685 sec
Running prompto.translate.omo.TestMethods
Tests run: 18, Failures: 0, Errors: 0, Skipped: 0, Time elapsed: 0.277 sec
Running prompto.translate.omo.TestOperators
Tests run: 6, Failures: 0, Errors: 0, Skipped: 0, Time elapsed: 0.142 sec
Running prompto.translate.omo.TestFilter
Tests run: 2, Failures: 0, Errors: 0, Skipped: 0, Time elapsed: 0.025 sec
Running prompto.translate.omo.TestTesting
Tests run: 10, Failures: 0, Errors: 0, Skipped: 0, Time elapsed: 0.09 sec
Running prompto.translate.omo.TestEnums
Tests run: 5, Failures: 0, Errors: 0, Skipped: 0, Time elapsed: 0.031 sec
Running prompto.translate.omo.TestForward
Tests run: 1, Failures: 0, Errors: 0, Skipped: 0, Time elapsed: 0.002 sec
Running prompto.translate.omo.TestErrors
Tests run: 11, Failures: 0, Errors: 0, Skipped: 0, Time elapsed: 0.098 sec
Running prompto.translate.omo.TestGreater
Tests run: 15, Failures: 0, Errors: 0, Skipped: 0, Time elapsed: 0.12 sec
Running prompto.translate.omo.TestBuiltins
Tests run: 33, Failures: 0, Errors: 0, Skipped: 0, Time elapsed: 0.257 sec
Running prompto.translate.omo.TestCategories
Tests run: 5, Failures: 0, Errors: 0, Skipped: 0, Time elapsed: 0.084 sec
Running prompto.translate.omo.TestResourceError
Tests run: 3, Failures: 0, Errors: 0, Skipped: 0, Time elapsed: 0.036 sec
Running prompto.translate.omo.TestWidget
Tests run: 3, Failures: 0, Errors: 0, Skipped: 0, Time elapsed: 0.137 sec
Running prompto.translate.omo.TestDiv
Tests run: 4, Failures: 0, Errors: 0, Skipped: 0, Time elapsed: 0.04 sec
Running prompto.translate.omo.TestEquals
Tests run: 32, Failures: 0, Errors: 0, Skipped: 0, Time elapsed: 0.246 sec
Running prompto.translate.omo.TestLoops
Tests run: 32, Failures: 0, Errors: 0, Skipped: 0, Time elapsed: 0.261 sec
Running prompto.translate.omo.TestSetters
Tests run: 2, Failures: 0, Errors: 0, Skipped: 0, Time elapsed: 0.016 sec
Running prompto.translate.omo.TestNative
Tests run: 18, Failures: 0, Errors: 0, Skipped: 0, Time elapsed: 0.155 sec
Running prompto.translate.omo.TestInjections
Tests run: 1, Failures: 0, Errors: 0, Skipped: 0, Time elapsed: 0.015 sec
Running prompto.translate.omo.TestCss
Tests run: 6, Failures: 0, Errors: 0, Skipped: 0, Time elapsed: 0.036 sec
Running prompto.translate.omo.TestTuples
Tests run: 3, Failures: 0, Errors: 0, Skipped: 0, Time elapsed: 0.018 sec
Running prompto.translate.omo.TestSub
Tests run: 6, Failures: 0, Errors: 0, Skipped: 0, Time elapsed: 0.024 sec
Running prompto.translate.omo.TestJsx
Tests run: 11, Failures: 0, Errors: 0, Skipped: 0, Time elapsed: 0.092 sec
Running prompto.translate.omo.TestCondition
Tests run: 6, Failures: 0, Errors: 0, Skipped: 0, Time elapsed: 0.047 sec
Running prompto.translate.omo.TestLazy
Tests run: 5, Failures: 0, Errors: 0, Skipped: 0, Time elapsed: 0.055 sec
Running prompto.translate.omo.TestUuid
Tests run: 1, Failures: 0, Errors: 0, Skipped: 0, Time elapsed: 0.005 sec
Running prompto.translate.omo.TestLogic
Tests run: 3, Failures: 0, Errors: 0, Skipped: 0, Time elapsed: 0.012 sec
Running prompto.translate.omo.TestClosures
Tests run: 3, Failures: 0, Errors: 0, Skipped: 0, Time elapsed: 0.037 sec
Running prompto.translate.omo.TestIterate
Tests run: 1, Failures: 0, Errors: 0, Skipped: 0, Time elapsed: 0.018 sec
Running prompto.translate.omo.TestSortList
Tests run: 22, Failures: 0, Errors: 0, Skipped: 0, Time elapsed: 0.263 sec
Running prompto.translate.omo.TestCast
Tests run: 7, Failures: 0, Errors: 0, Skipped: 0, Time elapsed: 0.053 sec
Running prompto.translate.omo.TestMutability
Tests run: 12, Failures: 0, Errors: 0, Skipped: 0, Time elapsed: 0.066 sec
Running prompto.translate.omo.TestItem
Tests run: 5, Failures: 0, Errors: 0, Skipped: 0, Time elapsed: 0.014 sec
Running prompto.translate.omo.TestSlice
Tests run: 3, Failures: 0, Errors: 0, Skipped: 0, Time elapsed: 0.011 sec
Running prompto.translate.omo.TestMult
Tests run: 6, Failures: 0, Errors: 0, Skipped: 0, Time elapsed: 0.016 sec
Running prompto.translate.omo.TestSingleton
Tests run: 2, Failures: 0, Errors: 0, Skipped: 0, Time elapsed: 0.007 sec
Running prompto.translate.omo.TestMinus
Tests run: 3, Failures: 0, Errors: 0, Skipped: 0, Time elapsed: 0.007 sec
Running prompto.translate.omo.TestPatterns
Tests run: 6, Failures: 0, Errors: 0, Skipped: 0, Time elapsed: 0.02 sec
Running prompto.translate.omo.TestLess
Tests run: 15, Failures: 0, Errors: 0, Skipped: 0, Time elapsed: 0.042 sec
Running prompto.translate.omo.TestAdd
Tests run: 15, Failures: 0, Errors: 0, Skipped: 0, Time elapsed: 0.037 sec
Running prompto.translate.omo.TestContains
Tests run: 25, Failures: 0, Errors: 0, Skipped: 0, Time elapsed: 0.179 sec
Running prompto.translate.omo.TestDocuments
Tests run: 5, Failures: 0, Errors: 0, Skipped: 0, Time elapsed: 0.049 sec
Running prompto.translate.omo.TestSelf
Tests run: 2, Failures: 0, Errors: 0, Skipped: 0, Time elapsed: 0.026 sec
Running prompto.translate.omo.TestResource
Tests run: 4, Failures: 0, Errors: 0, Skipped: 0, Time elapsed: 0.065 sec
Running prompto.translate.eme.TestAnnotations
Tests run: 2, Failures: 0, Errors: 0, Skipped: 0, Time elapsed: 0.011 sec
Running prompto.translate.eme.TestSortSet
Tests run: 22, Failures: 0, Errors: 0, Skipped: 0, Time elapsed: 0.429 sec
Running prompto.translate.eme.TestMethods
Tests run: 21, Failures: 0, Errors: 0, Skipped: 0, Time elapsed: 0.315 sec
Running prompto.translate.eme.TestOperators
Tests run: 6, Failures: 0, Errors: 0, Skipped: 0, Time elapsed: 0.153 sec
Running prompto.translate.eme.TestFilter
Tests run: 3, Failures: 0, Errors: 0, Skipped: 0, Time elapsed: 0.036 sec
Running prompto.translate.eme.TestTesting
Tests run: 10, Failures: 0, Errors: 0, Skipped: 0, Time elapsed: 0.054 sec
Running prompto.translate.eme.TestInfer
Tests run: 3, Failures: 0, Errors: 0, Skipped: 0, Time elapsed: 0.041 sec
Running prompto.translate.eme.TestEnums
Tests run: 8, Failures: 0, Errors: 0, Skipped: 0, Time elapsed: 0.075 sec
Running prompto.translate.eme.TestExit
Tests run: 10, Failures: 0, Errors: 0, Skipped: 0, Time elapsed: 0.062 sec
Running prompto.translate.eme.TestForward
Tests run: 1, Failures: 0, Errors: 0, Skipped: 0, Time elapsed: 0.009 sec
Running prompto.translate.eme.TestErrors
Tests run: 12, Failures: 0, Errors: 0, Skipped: 0, Time elapsed: 0.099 sec
Running prompto.translate.eme.TestGreater
Tests run: 15, Failures: 0, Errors: 0, Skipped: 0, Time elapsed: 0.056 sec
Running prompto.translate.eme.TestBuiltins
Tests run: 56, Failures: 0, Errors: 0, Skipped: 0, Time elapsed: 0.269 sec
Running prompto.translate.eme.TestCategories
Tests run: 7, Failures: 0, Errors: 0, Skipped: 0, Time elapsed: 0.087 sec
Running prompto.translate.eme.TestResourceError
Tests run: 3, Failures: 0, Errors: 0, Skipped: 0, Time elapsed: 0.016 sec
Running prompto.translate.eme.TestWidget
Tests run: 2, Failures: 0, Errors: 0, Skipped: 0, Time elapsed: 0.043 sec
Running prompto.translate.eme.TestDiv
Tests run: 4, Failures: 0, Errors: 0, Skipped: 0, Time elapsed: 0.01 sec
Running prompto.translate.eme.TestEquals
Tests run: 32, Failures: 0, Errors: 0, Skipped: 0, Time elapsed: 0.11 sec
Running prompto.translate.eme.TestLoops
Tests run: 32, Failures: 0, Errors: 0, Skipped: 0, Time elapsed: 0.198 sec
Running prompto.translate.eme.TestSetters
Tests run: 3, Failures: 0, Errors: 0, Skipped: 0, Time elapsed: 0.017 sec
Running prompto.translate.eme.TestNative
Tests run: 9, Failures: 0, Errors: 0, Skipped: 0, Time elapsed: 0.089 sec
Running prompto.translate.eme.TestInjections
Tests run: 1, Failures: 0, Errors: 0, Skipped: 0, Time elapsed: 0.01 sec
Running prompto.translate.eme.TestStore
Tests run: 10, Failures: 0, Errors: 0, Skipped: 0, Time elapsed: 0.139 sec
Running prompto.translate.eme.TestCss
Tests run: 6, Failures: 0, Errors: 0, Skipped: 0, Time elapsed: 0.022 sec
Running prompto.translate.eme.TestTuples
Tests run: 3, Failures: 0, Errors: 0, Skipped: 0, Time elapsed: 0.013 sec
Running prompto.translate.eme.TestIssues
Tests run: 1, Failures: 0, Errors: 0, Skipped: 0, Time elapsed: 0.015 sec
Running prompto.translate.eme.TestSub
Tests run: 8, Failures: 0, Errors: 0, Skipped: 0, Time elapsed: 0.018 sec
Running prompto.translate.eme.TestJsx
Tests run: 11, Failures: 0, Errors: 0, Skipped: 0, Time elapsed: 0.052 sec
Running prompto.translate.eme.TestCondition
Tests run: 6, Failures: 0, Errors: 0, Skipped: 0, Time elapsed: 0.023 sec
Running prompto.translate.eme.TestLazy
Tests run: 5, Failures: 0, Errors: 0, Skipped: 0, Time elapsed: 0.03 sec
Running prompto.translate.eme.TestUuid
Tests run: 1, Failures: 0, Errors: 0, Skipped: 0, Time elapsed: 0.002 sec
Running prompto.translate.eme.TestLogic
Tests run: 3, Failures: 0, Errors: 0, Skipped: 0, Time elapsed: 0.007 sec
Running prompto.translate.eme.TestClosures
Tests run: 4, Failures: 0, Errors: 0, Skipped: 0, Time elapsed: 0.026 sec
Running prompto.translate.eme.TestIterate
Tests run: 2, Failures: 0, Errors: 0, Skipped: 0, Time elapsed: 0.025 sec
Running prompto.translate.eme.TestSortList
Tests run: 22, Failures: 0, Errors: 0, Skipped: 0, Time elapsed: 0.182 sec
Running prompto.translate.eme.TestCast
Tests run: 13, Failures: 0, Errors: 0, Skipped: 0, Time elapsed: 0.098 sec
Running prompto.translate.eme.TestMutability
Tests run: 12, Failures: 0, Errors: 0, Skipped: 0, Time elapsed: 0.078 sec
Running prompto.translate.eme.TestItem
Tests run: 5, Failures: 0, Errors: 0, Skipped: 0, Time elapsed: 0.016 sec
Running prompto.translate.eme.TestSlice
Tests run: 3, Failures: 0, Errors: 0, Skipped: 0, Time elapsed: 0.011 sec
Running prompto.translate.eme.TestDebug
Tests run: 2, Failures: 0, Errors: 0, Skipped: 0, Time elapsed: 0.014 sec
Running prompto.translate.eme.TestMult
Tests run: 6, Failures: 0, Errors: 0, Skipped: 0, Time elapsed: 0.017 sec
Running prompto.translate.eme.TestSingleton
Tests run: 2, Failures: 0, Errors: 0, Skipped: 0, Time elapsed: 0.002 sec
Running prompto.translate.eme.TestMinus
Tests run: 3, Failures: 0, Errors: 0, Skipped: 0, Time elapsed: 0.005 sec
Running prompto.translate.eme.TestPatterns
Tests run: 6, Failures: 0, Errors: 0, Skipped: 0, Time elapsed: 0.022 sec
Running prompto.translate.eme.TestLess
Tests run: 15, Failures: 0, Errors: 0, Skipped: 0, Time elapsed: 0.045 sec
Running prompto.translate.eme.TestComment
Tests run: 1, Failures: 0, Errors: 0, Skipped: 0, Time elapsed: 0.001 sec
Running prompto.translate.eme.TestAdd
Tests run: 18, Failures: 0, Errors: 0, Skipped: 0, Time elapsed: 0.035 sec
Running prompto.translate.eme.TestContains
Tests run: 29, Failures: 0, Errors: 0, Skipped: 0, Time elapsed: 0.095 sec
Running prompto.translate.eme.TestPredicate
Tests run: 9, Failures: 0, Errors: 0, Skipped: 0, Time elapsed: 0.145 sec
Running prompto.translate.eme.TestDocuments
Tests run: 7, Failures: 0, Errors: 0, Skipped: 0, Time elapsed: 0.032 sec
Running prompto.translate.eme.TestSelf
Tests run: 2, Failures: 0, Errors: 0, Skipped: 0, Time elapsed: 0.012 sec
Running prompto.translate.eme.TestResource
Tests run: 4, Failures: 0, Errors: 0, Skipped: 0, Time elapsed: 0.029 sec
Running prompto.translate.oeo.TestAnnotations
Tests run: 2, Failures: 0, Errors: 0, Skipped: 0, Time elapsed: 0.002 sec
Running prompto.translate.oeo.TestSortSet
Tests run: 22, Failures: 0, Errors: 0, Skipped: 0, Time elapsed: 0.183 sec
Running prompto.translate.oeo.TestMethods
Tests run: 18, Failures: 0, Errors: 0, Skipped: 0, Time elapsed: 0.133 sec
Running prompto.translate.oeo.TestOperators
Tests run: 6, Failures: 0, Errors: 0, Skipped: 0, Time elapsed: 0.078 sec
Running prompto.translate.oeo.TestFilter
Tests run: 2, Failures: 0, Errors: 0, Skipped: 0, Time elapsed: 0.015 sec
Running prompto.translate.oeo.TestTesting
Tests run: 10, Failures: 0, Errors: 0, Skipped: 0, Time elapsed: 0.036 sec
Running prompto.translate.oeo.TestEnums
Tests run: 5, Failures: 0, Errors: 0, Skipped: 0, Time elapsed: 0.019 sec
Running prompto.translate.oeo.TestForward
Tests run: 1, Failures: 0, Errors: 0, Skipped: 0, Time elapsed: 0.007 sec
Running prompto.translate.oeo.TestErrors
Tests run: 11, Failures: 0, Errors: 0, Skipped: 0, Time elapsed: 0.09 sec
Running prompto.translate.oeo.TestGreater
Tests run: 15, Failures: 0, Errors: 0, Skipped: 0, Time elapsed: 0.038 sec
Running prompto.translate.oeo.TestBuiltins
Tests run: 33, Failures: 0, Errors: 0, Skipped: 0, Time elapsed: 0.119 sec
Running prompto.translate.oeo.TestCategories
Tests run: 5, Failures: 0, Errors: 0, Skipped: 0, Time elapsed: 0.062 sec
Running prompto.translate.oeo.TestResourceError
Tests run: 3, Failures: 0, Errors: 0, Skipped: 0, Time elapsed: 0.012 sec
Running prompto.translate.oeo.TestWidget
Tests run: 3, Failures: 0, Errors: 0, Skipped: 0, Time elapsed: 0.028 sec
Running prompto.translate.oeo.TestDiv
Tests run: 4, Failures: 0, Errors: 0, Skipped: 0, Time elapsed: 0.01 sec
Running prompto.translate.oeo.TestEquals
Tests run: 32, Failures: 0, Errors: 0, Skipped: 0, Time elapsed: 0.098 sec
Running prompto.translate.oeo.TestLoops
Tests run: 32, Failures: 0, Errors: 0, Skipped: 0, Time elapsed: 0.394 sec
Running prompto.translate.oeo.TestSetters
Tests run: 2, Failures: 0, Errors: 0, Skipped: 0, Time elapsed: 0.026 sec
Running prompto.translate.oeo.TestNative
Tests run: 18, Failures: 0, Errors: 0, Skipped: 0, Time elapsed: 0.137 sec
Running prompto.translate.oeo.TestInjections
Tests run: 1, Failures: 0, Errors: 0, Skipped: 0, Time elapsed: 0.007 sec
Running prompto.translate.oeo.TestCss
Tests run: 6, Failures: 0, Errors: 0, Skipped: 0, Time elapsed: 0.017 sec
Running prompto.translate.oeo.TestTuples
Tests run: 3, Failures: 0, Errors: 0, Skipped: 0, Time elapsed: 0.02 sec
Running prompto.translate.oeo.TestSub
Tests run: 6, Failures: 0, Errors: 0, Skipped: 0, Time elapsed: 0.021 sec
Running prompto.translate.oeo.TestJsx
Tests run: 11, Failures: 0, Errors: 0, Skipped: 0, Time elapsed: 0.081 sec
Running prompto.translate.oeo.TestCondition
Tests run: 6, Failures: 0, Errors: 0, Skipped: 0, Time elapsed: 0.032 sec
Running prompto.translate.oeo.TestLazy
Tests run: 5, Failures: 0, Errors: 0, Skipped: 0, Time elapsed: 0.044 sec
Running prompto.translate.oeo.TestUuid
Tests run: 1, Failures: 0, Errors: 0, Skipped: 0, Time elapsed: 0.004 sec
Running prompto.translate.oeo.TestLogic
Tests run: 3, Failures: 0, Errors: 0, Skipped: 0, Time elapsed: 0.009 sec
Running prompto.translate.oeo.TestClosures
Tests run: 3, Failures: 0, Errors: 0, Skipped: 0, Time elapsed: 0.036 sec
Running prompto.translate.oeo.TestIterate
Tests run: 1, Failures: 0, Errors: 0, Skipped: 0, Time elapsed: 0.009 sec
Running prompto.translate.oeo.TestSortList
Tests run: 22, Failures: 0, Errors: 0, Skipped: 0, Time elapsed: 0.274 sec
Running prompto.translate.oeo.TestCast
Tests run: 7, Failures: 0, Errors: 0, Skipped: 0, Time elapsed: 0.067 sec
Running prompto.translate.oeo.TestMutability
Tests run: 12, Failures: 0, Errors: 0, Skipped: 0, Time elapsed: 0.087 sec
Running prompto.translate.oeo.TestItem
Tests run: 5, Failures: 0, Errors: 0, Skipped: 0, Time elapsed: 0.024 sec
Running prompto.translate.oeo.TestSlice
Tests run: 3, Failures: 0, Errors: 0, Skipped: 0, Time elapsed: 0.013 sec
Running prompto.translate.oeo.TestMult
Tests run: 6, Failures: 0, Errors: 0, Skipped: 0, Time elapsed: 0.019 sec
Running prompto.translate.oeo.TestSingleton
Tests run: 2, Failures: 0, Errors: 0, Skipped: 0, Time elapsed: 0.009 sec
Running prompto.translate.oeo.TestMinus
Tests run: 3, Failures: 0, Errors: 0, Skipped: 0, Time elapsed: 0.006 sec
Running prompto.translate.oeo.TestPatterns
Tests run: 6, Failures: 0, Errors: 0, Skipped: 0, Time elapsed: 0.024 sec
Running prompto.translate.oeo.TestLess
Tests run: 15, Failures: 0, Errors: 0, Skipped: 0, Time elapsed: 0.042 sec
Running prompto.translate.oeo.TestAdd
Tests run: 15, Failures: 0, Errors: 0, Skipped: 0, Time elapsed: 0.045 sec
Running prompto.translate.oeo.TestContains
Tests run: 25, Failures: 0, Errors: 0, Skipped: 0, Time elapsed: 0.127 sec
Running prompto.translate.oeo.TestDocuments
Tests run: 5, Failures: 0, Errors: 0, Skipped: 0, Time elapsed: 0.032 sec
Running prompto.translate.oeo.TestSelf
Tests run: 2, Failures: 0, Errors: 0, Skipped: 0, Time elapsed: 0.024 sec
Running prompto.translate.oeo.TestResource
Tests run: 4, Failures: 0, Errors: 0, Skipped: 0, Time elapsed: 0.051 sec
Running prompto.translate.eoe.TestAnnotations
Tests run: 2, Failures: 0, Errors: 0, Skipped: 0, Time elapsed: 0.005 sec
Running prompto.translate.eoe.TestSortSet
Tests run: 22, Failures: 0, Errors: 0, Skipped: 0, Time elapsed: 0.302 sec
Running prompto.translate.eoe.TestMethods
Tests run: 21, Failures: 0, Errors: 0, Skipped: 0, Time elapsed: 0.151 sec
Running prompto.translate.eoe.TestOperators
Tests run: 6, Failures: 0, Errors: 0, Skipped: 0, Time elapsed: 0.077 sec
Running prompto.translate.eoe.TestFilter
Tests run: 3, Failures: 0, Errors: 0, Skipped: 0, Time elapsed: 0.032 sec
Running prompto.translate.eoe.TestTesting
Tests run: 10, Failures: 0, Errors: 0, Skipped: 0, Time elapsed: 0.037 sec
Running prompto.translate.eoe.TestInfer
Tests run: 3, Failures: 0, Errors: 0, Skipped: 0, Time elapsed: 0.031 sec
Running prompto.translate.eoe.TestEnums
Tests run: 8, Failures: 0, Errors: 0, Skipped: 0, Time elapsed: 0.068 sec
Running prompto.translate.eoe.TestExit
Tests run: 10, Failures: 0, Errors: 0, Skipped: 0, Time elapsed: 0.044 sec
Running prompto.translate.eoe.TestForward
Tests run: 1, Failures: 0, Errors: 0, Skipped: 0, Time elapsed: 0.008 sec
Running prompto.translate.eoe.TestErrors
Tests run: 12, Failures: 0, Errors: 0, Skipped: 0, Time elapsed: 0.114 sec
Running prompto.translate.eoe.TestGreater
Tests run: 15, Failures: 0, Errors: 0, Skipped: 0, Time elapsed: 0.055 sec
Running prompto.translate.eoe.TestBuiltins
Tests run: 56, Failures: 0, Errors: 0, Skipped: 0, Time elapsed: 0.333 sec
Running prompto.translate.eoe.TestCategories
Tests run: 7, Failures: 0, Errors: 0, Skipped: 0, Time elapsed: 0.102 sec
Running prompto.translate.eoe.TestResourceError
Tests run: 3, Failures: 0, Errors: 0, Skipped: 0, Time elapsed: 0.016 sec
Running prompto.translate.eoe.TestWidget
Tests run: 2, Failures: 0, Errors: 0, Skipped: 0, Time elapsed: 0.02 sec
Running prompto.translate.eoe.TestDiv
Tests run: 4, Failures: 0, Errors: 0, Skipped: 0, Time elapsed: 0.012 sec
Running prompto.translate.eoe.TestEquals
Tests run: 32, Failures: 0, Errors: 0, Skipped: 0, Time elapsed: 0.125 sec
Running prompto.translate.eoe.TestLoops
Tests run: 32, Failures: 0, Errors: 0, Skipped: 0, Time elapsed: 0.272 sec
Running prompto.translate.eoe.TestSetters
Tests run: 3, Failures: 0, Errors: 0, Skipped: 0, Time elapsed: 0.023 sec
Running prompto.translate.eoe.TestNative
Tests run: 9, Failures: 0, Errors: 0, Skipped: 0, Time elapsed: 0.069 sec
Running prompto.translate.eoe.TestInjections
Tests run: 1, Failures: 0, Errors: 0, Skipped: 0, Time elapsed: 0.01 sec
Running prompto.translate.eoe.TestStore
Tests run: 10, Failures: 0, Errors: 0, Skipped: 0, Time elapsed: 0.183 sec
Running prompto.translate.eoe.TestCss
Tests run: 6, Failures: 0, Errors: 0, Skipped: 0, Time elapsed: 0.02 sec
Running prompto.translate.eoe.TestTuples
Tests run: 3, Failures: 0, Errors: 0, Skipped: 0, Time elapsed: 0.016 sec
Running prompto.translate.eoe.TestIssues
Tests run: 1, Failures: 0, Errors: 0, Skipped: 0, Time elapsed: 0.03 sec
Running prompto.translate.eoe.TestSub
Tests run: 8, Failures: 0, Errors: 0, Skipped: 0, Time elapsed: 0.021 sec
Running prompto.translate.eoe.TestJsx
Tests run: 11, Failures: 0, Errors: 0, Skipped: 0, Time elapsed: 0.056 sec
Running prompto.translate.eoe.TestCondition
Tests run: 6, Failures: 0, Errors: 0, Skipped: 0, Time elapsed: 0.031 sec
Running prompto.translate.eoe.TestLazy
Tests run: 5, Failures: 0, Errors: 0, Skipped: 0, Time elapsed: 0.052 sec
Running prompto.translate.eoe.TestUuid
Tests run: 1, Failures: 0, Errors: 0, Skipped: 0, Time elapsed: 0.005 sec
Running prompto.translate.eoe.TestLogic
Tests run: 3, Failures: 0, Errors: 0, Skipped: 0, Time elapsed: 0.011 sec
Running prompto.translate.eoe.TestClosures
Tests run: 4, Failures: 0, Errors: 0, Skipped: 0, Time elapsed: 0.046 sec
Running prompto.translate.eoe.TestIterate
Tests run: 2, Failures: 0, Errors: 0, Skipped: 0, Time elapsed: 0.039 sec
Running prompto.translate.eoe.TestSortList
Tests run: 22, Failures: 0, Errors: 0, Skipped: 0, Time elapsed: 0.333 sec
Running prompto.translate.eoe.TestCast
Tests run: 13, Failures: 0, Errors: 0, Skipped: 0, Time elapsed: 0.128 sec
Running prompto.translate.eoe.TestMutability
Tests run: 12, Failures: 0, Errors: 0, Skipped: 0, Time elapsed: 0.118 sec
Running prompto.translate.eoe.TestItem
Tests run: 5, Failures: 0, Errors: 0, Skipped: 0, Time elapsed: 0.029 sec
Running prompto.translate.eoe.TestSlice
Tests run: 3, Failures: 0, Errors: 0, Skipped: 0, Time elapsed: 0.017 sec
Running prompto.translate.eoe.TestDebug
Tests run: 2, Failures: 0, Errors: 0, Skipped: 0, Time elapsed: 0.027 sec
Running prompto.translate.eoe.TestMult
Tests run: 6, Failures: 0, Errors: 0, Skipped: 0, Time elapsed: 0.021 sec
Running prompto.translate.eoe.TestSingleton
Tests run: 2, Failures: 0, Errors: 0, Skipped: 0, Time elapsed: 0.011 sec
Running prompto.translate.eoe.TestMinus
Tests run: 3, Failures: 0, Errors: 0, Skipped: 0, Time elapsed: 0.008 sec
Running prompto.translate.eoe.TestPatterns
Tests run: 6, Failures: 0, Errors: 0, Skipped: 0, Time elapsed: 0.029 sec
Running prompto.translate.eoe.TestLess
Tests run: 15, Failures: 0, Errors: 0, Skipped: 0, Time elapsed: 0.052 sec
Running prompto.translate.eoe.TestComment
Tests run: 1, Failures: 0, Errors: 0, Skipped: 0, Time elapsed: 0.003 sec
Running prompto.translate.eoe.TestAdd
Tests run: 18, Failures: 0, Errors: 0, Skipped: 0, Time elapsed: 0.055 sec
Running prompto.translate.eoe.TestContains
Tests run: 29, Failures: 0, Errors: 0, Skipped: 0, Time elapsed: 0.134 sec
Running prompto.translate.eoe.TestPredicate
Tests run: 9, Failures: 0, Errors: 0, Skipped: 0, Time elapsed: 0.224 sec
Running prompto.translate.eoe.TestDocuments
Tests run: 7, Failures: 0, Errors: 0, Skipped: 0, Time elapsed: 0.046 sec
Running prompto.translate.eoe.TestSelf
Tests run: 2, Failures: 0, Errors: 0, Skipped: 0, Time elapsed: 0.026 sec
Running prompto.translate.eoe.TestResource
Tests run: 4, Failures: 0, Errors: 0, Skipped: 0, Time elapsed: 0.062 sec
Running prompto.java.TestJavaClassType
Tests run: 1, Failures: 0, Errors: 0, Skipped: 0, Time elapsed: 0.001 sec
Running prompto.compiler.TestCompilerIssues
"randomUUID is not null" test successful
Tests run: 2, Failures: 0, Errors: 0, Skipped: 0, Time elapsed: 0.236 sec
Running prompto.compiler.TestClassFile
Tests run: 10, Failures: 0, Errors: 0, Skipped: 0, Time elapsed: 0.032 sec
Running prompto.compiler.TestAnonymousProxy
Tests run: 1, Failures: 0, Errors: 0, Skipped: 0, Time elapsed: 0.013 sec
Running prompto.compiler.TestClosureProxy
Tests run: 1, Failures: 0, Errors: 0, Skipped: 0, Time elapsed: 0.003 sec
Running prompto.compiler.TestStackAttribute
Tests run: 5, Failures: 0, Errors: 0, Skipped: 0, Time elapsed: 0.002 sec
Running prompto.compiler.TestCallSite
Tests run: 5, Failures: 0, Errors: 0, Skipped: 0, Time elapsed: 0.044 sec
Running prompto.utils.TestYamlUtils
Tests run: 1, Failures: 0, Errors: 0, Skipped: 0, Time elapsed: 0.14 sec
Running prompto.utils.TestCmdLineParser
Tests run: 8, Failures: 0, Errors: 0, Skipped: 0, Time elapsed: 0.008 sec
Running prompto.utils.TestResourceUtils
Tests run: 3, Failures: 0, Errors: 0, Skipped: 0, Time elapsed: 0.023 sec
Running prompto.utils.TestLimits
Tests run: 3, Failures: 0, Errors: 0, Skipped: 0, Time elapsed: 0.001 sec
Running prompto.utils.TestLogger
Tests run: 1, Failures: 0, Errors: 0, Skipped: 0, Time elapsed: 0.001 sec
Running prompto.utils.TestStringUtils
Tests run: 1, Failures: 0, Errors: 0, Skipped: 0, Time elapsed: 0 sec
Running prompto.parser.m.TestParserJsx
Tests run: 2, Failures: 0, Errors: 0, Skipped: 0, Time elapsed: 0.007 sec
Running prompto.parser.o.TestParserAtoms
Tests run: 46, Failures: 0, Errors: 0, Skipped: 0, Time elapsed: 0.057 sec
Running prompto.parser.o.TestResourceError
Tests run: 3, Failures: 0, Errors: 0, Skipped: 0, Time elapsed: 0.019 sec
Running prompto.parser.o.TestParserFiles
Tests run: 1, Failures: 0, Errors: 0, Skipped: 0, Time elapsed: 0 sec
Running prompto.parser.o.TestParserJsx
Tests run: 2, Failures: 0, Errors: 0, Skipped: 0, Time elapsed: 0.006 sec
Running prompto.parser.o.TestScope
Tests run: 3, Failures: 0, Errors: 0, Skipped: 0, Time elapsed: 0.003 sec
Running prompto.parser.o.TestCheck
Tests run: 11, Failures: 0, Errors: 0, Skipped: 0, Time elapsed: 0.02 sec
Running prompto.parser.o.TestPrecedence
Tests run: 3, Failures: 0, Errors: 0, Skipped: 0, Time elapsed: 0.006 sec
Running prompto.parser.e.TestParserAtoms
Tests run: 61, Failures: 0, Errors: 0, Skipped: 0, Time elapsed: 0.106 sec
Running prompto.parser.e.TestStatement
Tests run: 1, Failures: 0, Errors: 0, Skipped: 0, Time elapsed: 0 sec
Running prompto.parser.e.TestResourceError
Tests run: 3, Failures: 0, Errors: 0, Skipped: 0, Time elapsed: 0.015 sec
Running prompto.parser.e.TestParserFiles
Tests run: 7, Failures: 0, Errors: 0, Skipped: 0, Time elapsed: 0.092 sec
Running prompto.parser.e.TestELexer
Tests run: 17, Failures: 0, Errors: 0, Skipped: 0, Time elapsed: 0.007 sec
Running prompto.parser.e.TestParserJsx
Tests run: 2, Failures: 0, Errors: 0, Skipped: 0, Time elapsed: 0.007 sec
Running prompto.parser.e.TestRuntime
Tests run: 4, Failures: 0, Errors: 0, Skipped: 0, Time elapsed: 0.079 sec
Running prompto.parser.e.TestUnexpected
Tests run: 1, Failures: 0, Errors: 0, Skipped: 0, Time elapsed: 0.008 sec
Running prompto.parser.e.TestDeclaredTypes
Tests run: 10, Failures: 0, Errors: 0, Skipped: 0, Time elapsed: 0.009 sec
Running prompto.parser.e.TestScope
Tests run: 3, Failures: 0, Errors: 0, Skipped: 0, Time elapsed: 0.013 sec
Running prompto.parser.e.TestJavaParser
Tests run: 4, Failures: 0, Errors: 0, Skipped: 0, Time elapsed: 0 sec
Running prompto.parser.e.TestCheck
Tests run: 14, Failures: 0, Errors: 0, Skipped: 0, Time elapsed: 0.016 sec
Running prompto.parser.e.TestPrecedence
Tests run: 4, Failures: 0, Errors: 0, Skipped: 0, Time elapsed: 0.008 sec
Running prompto.parser.e.TestAnonymousTypes
Tests run: 4, Failures: 0, Errors: 0, Skipped: 0, Time elapsed: 0.003 sec
Running prompto.transpiler.TestInline
Tests run: 4, Failures: 0, Errors: 0, Skipped: 0, Time elapsed: 1.511 sec
Running prompto.transpiler.TestStatic
Tests run: 4, Failures: 0, Errors: 0, Skipped: 0, Time elapsed: 0.235 sec
Running prompto.config.TestCodeStoreConfigurationReader
Tests run: 7, Failures: 0, Errors: 0, Skipped: 0, Time elapsed: 0.008 sec
Running prompto.config.TestYamlConfigurationReader
Tests run: 9, Failures: 0, Errors: 0, Skipped: 0, Time elapsed: 0.058 sec
Running prompto.security.TestSecretKeyFactory
Tests run: 2, Failures: 0, Errors: 0, Skipped: 0, Time elapsed: 0.011 sec
Running prompto.code.TestVersion
Tests run: 1, Failures: 0, Errors: 0, Skipped: 0, Time elapsed: 0 sec
Running prompto.runtime.m.TestTesting
Tests run: 30, Failures: 0, Errors: 0, Skipped: 0, Time elapsed: 2.553 sec
Running prompto.runtime.m.TestWidget
Tests run: 4, Failures: 0, Errors: 0, Skipped: 0, Time elapsed: 0.354 sec
Running prompto.runtime.m.TestCss
Tests run: 18, Failures: 0, Errors: 0, Skipped: 0, Time elapsed: 0.805 sec
Running prompto.runtime.m.TestJsx
Tests run: 33, Failures: 0, Errors: 0, Skipped: 0, Time elapsed: 1.272 sec
Running prompto.runtime.m.TestAdd
Tests run: 3, Failures: 0, Errors: 0, Skipped: 0, Time elapsed: 0.137 sec
Running prompto.runtime.o.TestSortSet
Tests run: 66, Failures: 0, Errors: 0, Skipped: 0, Time elapsed: 3.801 sec
Running prompto.runtime.o.TestMethods
Tests run: 48, Failures: 0, Errors: 0, Skipped: 0, Time elapsed: 2.046 sec
Running prompto.runtime.o.TestOperators
Tests run: 18, Failures: 0, Errors: 0, Skipped: 0, Time elapsed: 0.877 sec
Running prompto.runtime.o.TestFilter
Tests run: 6, Failures: 0, Errors: 0, Skipped: 0, Time elapsed: 0.181 sec
Running prompto.runtime.o.TestTesting
Tests run: 30, Failures: 0, Errors: 0, Skipped: 0, Time elapsed: 0.896 sec
Running prompto.runtime.o.TestEnums
Tests run: 15, Failures: 0, Errors: 0, Skipped: 0, Time elapsed: 0.46 sec
Running prompto.runtime.o.TestForward
Tests run: 3, Failures: 0, Errors: 0, Skipped: 0, Time elapsed: 0.066 sec
Running prompto.runtime.o.TestErrors
Tests run: 33, Failures: 0, Errors: 0, Skipped: 0, Time elapsed: 0.957 sec
Running prompto.runtime.o.TestGreater
Tests run: 45, Failures: 0, Errors: 0, Skipped: 0, Time elapsed: 1.791 sec
Running prompto.runtime.o.TestBuiltins
Tests run: 93, Failures: 0, Errors: 0, Skipped: 0, Time elapsed: 2.757 sec
Running prompto.runtime.o.TestCategories
Tests run: 15, Failures: 0, Errors: 0, Skipped: 0, Time elapsed: 0.435 sec
Running prompto.runtime.o.TestWidget
Tests run: 6, Failures: 0, Errors: 0, Skipped: 0, Time elapsed: 0.15 sec
Running prompto.runtime.o.TestDiv
Tests run: 12, Failures: 0, Errors: 0, Skipped: 0, Time elapsed: 0.3 sec
Running prompto.runtime.o.TestEquals
Tests run: 96, Failures: 0, Errors: 0, Skipped: 0, Time elapsed: 2.703 sec
Running prompto.runtime.o.TestLoops
Tests run: 96, Failures: 0, Errors: 0, Skipped: 0, Time elapsed: 2.431 sec
Running prompto.runtime.o.TestSetters
Tests run: 6, Failures: 0, Errors: 0, Skipped: 0, Time elapsed: 0.183 sec
Running prompto.runtime.o.TestNative
Tests run: 51, Failures: 0, Errors: 0, Skipped: 0, Time elapsed: 0.896 sec
Running prompto.runtime.o.TestInjections
Tests run: 3, Failures: 0, Errors: 0, Skipped: 0, Time elapsed: 0.052 sec
Running prompto.runtime.o.TestCss
Tests run: 18, Failures: 0, Errors: 0, Skipped: 0, Time elapsed: 0.25 sec
Running prompto.runtime.o.TestTuples
Tests run: 9, Failures: 0, Errors: 0, Skipped: 0, Time elapsed: 0.246 sec
Running prompto.runtime.o.TestSub
Tests run: 18, Failures: 0, Errors: 0, Skipped: 0, Time elapsed: 0.404 sec
Running prompto.runtime.o.TestJsx
Tests run: 33, Failures: 0, Errors: 0, Skipped: 0, Time elapsed: 0.484 sec
Running prompto.runtime.o.TestCondition
Tests run: 18, Failures: 0, Errors: 0, Skipped: 0, Time elapsed: 0.32 sec
Running prompto.runtime.o.TestLazy
Tests run: 15, Failures: 0, Errors: 0, Skipped: 0, Time elapsed: 0.251 sec
Running prompto.runtime.o.TestUuid
Tests run: 3, Failures: 0, Errors: 0, Skipped: 0, Time elapsed: 0.08 sec
Running prompto.runtime.o.TestLogic
Tests run: 9, Failures: 0, Errors: 0, Skipped: 0, Time elapsed: 0.14 sec
Running prompto.runtime.o.TestClosures
Tests run: 9, Failures: 0, Errors: 0, Skipped: 0, Time elapsed: 0.199 sec
Running prompto.runtime.o.TestIterate
Tests run: 3, Failures: 0, Errors: 0, Skipped: 0, Time elapsed: 0.07 sec
Running prompto.runtime.o.TestSortList
Tests run: 66, Failures: 0, Errors: 0, Skipped: 0, Time elapsed: 2.479 sec
Running prompto.runtime.o.TestCast
Tests run: 21, Failures: 0, Errors: 0, Skipped: 0, Time elapsed: 0.909 sec
Running prompto.runtime.o.TestMutability
Tests run: 36, Failures: 0, Errors: 0, Skipped: 0, Time elapsed: 1.145 sec
Running prompto.runtime.o.TestItem
Tests run: 15, Failures: 0, Errors: 0, Skipped: 0, Time elapsed: 0.252 sec
Running prompto.runtime.o.TestSlice
Tests run: 9, Failures: 0, Errors: 0, Skipped: 0, Time elapsed: 0.181 sec
Running prompto.runtime.o.TestMult
Tests run: 18, Failures: 0, Errors: 0, Skipped: 0, Time elapsed: 0.278 sec
Running prompto.runtime.o.TestSingleton
Tests run: 6, Failures: 0, Errors: 0, Skipped: 0, Time elapsed: 0.107 sec
Running prompto.runtime.o.TestMinus
Tests run: 9, Failures: 0, Errors: 0, Skipped: 0, Time elapsed: 0.138 sec
Running prompto.runtime.o.TestPatterns
Tests run: 18, Failures: 0, Errors: 0, Skipped: 0, Time elapsed: 0.926 sec
Running prompto.runtime.o.TestLess
Tests run: 45, Failures: 0, Errors: 0, Skipped: 0, Time elapsed: 1.384 sec
Running prompto.runtime.o.TestAdd
Tests run: 45, Failures: 0, Errors: 0, Skipped: 0, Time elapsed: 1.168 sec
Running prompto.runtime.o.TestContains
Tests run: 75, Failures: 0, Errors: 0, Skipped: 0, Time elapsed: 2.46 sec
Running prompto.runtime.o.TestDocuments
Tests run: 15, Failures: 0, Errors: 0, Skipped: 0, Time elapsed: 0.524 sec
Running prompto.runtime.o.TestSelf
Tests run: 6, Failures: 0, Errors: 0, Skipped: 0, Time elapsed: 0.2 sec
Running prompto.runtime.o.TestResource
Tests run: 12, Failures: 0, Errors: 0, Skipped: 0, Time elapsed: 0.325 sec
Running prompto.runtime.e.TestSortSet
Tests run: 66, Failures: 0, Errors: 0, Skipped: 0, Time elapsed: 2.691 sec
Running prompto.runtime.e.TestMethods
Tests run: 57, Failures: 0, Errors: 0, Skipped: 0, Time elapsed: 1.536 sec
Running prompto.runtime.e.TestOperators
Tests run: 18, Failures: 0, Errors: 0, Skipped: 0, Time elapsed: 0.559 sec
Running prompto.runtime.e.TestFilter
Tests run: 9, Failures: 0, Errors: 0, Skipped: 0, Time elapsed: 0.378 sec
Running prompto.runtime.e.TestTesting
Tests run: 30, Failures: 0, Errors: 0, Skipped: 0, Time elapsed: 0.499 sec
Running prompto.runtime.e.TestInfer
Tests run: 9, Failures: 0, Errors: 0, Skipped: 0, Time elapsed: 0.33 sec
Running prompto.runtime.e.TestEnums
Tests run: 24, Failures: 0, Errors: 0, Skipped: 0, Time elapsed: 0.94 sec
Running prompto.runtime.e.TestExit
Tests run: 30, Failures: 0, Errors: 0, Skipped: 0, Time elapsed: 0.551 sec
Running prompto.runtime.e.TestForward
Tests run: 3, Failures: 0, Errors: 0, Skipped: 0, Time elapsed: 0.078 sec
Running prompto.runtime.e.TestErrors
Tests run: 33, Failures: 0, Errors: 0, Skipped: 0, Time elapsed: 1.053 sec
Running prompto.runtime.e.TestGreater
Tests run: 45, Failures: 0, Errors: 0, Skipped: 0, Time elapsed: 0.734 sec
Running prompto.runtime.e.TestBuiltins
Tests run: 162, Failures: 1, Errors: 0, Skipped: 0, Time elapsed: 3.689 sec <<< FAILURE!
testTranspiledCursorToList(prompto.runtime.e.TestBuiltins)  Time elapsed: 0.101 sec  <<< FAILURE!
java.lang.AssertionError: ReferenceError: "List" is not defined in <eval> at line number 224
	at org.junit.Assert.fail(Assert.java:88)
	at prompto.utils.BaseParserTest.transpileResource(BaseParserTest.java:140)
	at prompto.utils.BaseParserTest.checkOutput(BaseParserTest.java:197)
	at prompto.utils.BaseParserTest.checkTranspiledOutput(BaseParserTest.java:188)
	at prompto.runtime.e.TestBuiltins.testTranspiledCursorToList(TestBuiltins.java:94)
	at sun.reflect.NativeMethodAccessorImpl.invoke0(Native Method)
	at sun.reflect.NativeMethodAccessorImpl.invoke(NativeMethodAccessorImpl.java:62)
	at sun.reflect.DelegatingMethodAccessorImpl.invoke(DelegatingMethodAccessorImpl.java:43)
	at java.lang.reflect.Method.invoke(Method.java:498)
	at org.junit.runners.model.FrameworkMethod$1.runReflectiveCall(FrameworkMethod.java:47)
	at org.junit.internal.runners.model.ReflectiveCallable.run(ReflectiveCallable.java:12)
	at org.junit.runners.model.FrameworkMethod.invokeExplosively(FrameworkMethod.java:44)
	at org.junit.internal.runners.statements.InvokeMethod.evaluate(InvokeMethod.java:17)
	at org.junit.internal.runners.statements.RunBefores.evaluate(RunBefores.java:26)
	at org.junit.internal.runners.statements.RunAfters.evaluate(RunAfters.java:27)
	at org.junit.runners.ParentRunner.runLeaf(ParentRunner.java:271)
	at org.junit.runners.BlockJUnit4ClassRunner.runChild(BlockJUnit4ClassRunner.java:70)
	at org.junit.runners.BlockJUnit4ClassRunner.runChild(BlockJUnit4ClassRunner.java:50)
	at org.junit.runners.ParentRunner$3.run(ParentRunner.java:238)
	at org.junit.runners.ParentRunner$1.schedule(ParentRunner.java:63)
	at org.junit.runners.ParentRunner.runChildren(ParentRunner.java:236)
	at org.junit.runners.ParentRunner.access$000(ParentRunner.java:53)
	at org.junit.runners.ParentRunner$2.evaluate(ParentRunner.java:229)
	at org.junit.runners.ParentRunner.run(ParentRunner.java:309)
	at org.apache.maven.surefire.junit4.JUnit4Provider.execute(JUnit4Provider.java:252)
	at org.apache.maven.surefire.junit4.JUnit4Provider.executeTestSet(JUnit4Provider.java:141)
	at org.apache.maven.surefire.junit4.JUnit4Provider.invoke(JUnit4Provider.java:112)
	at sun.reflect.NativeMethodAccessorImpl.invoke0(Native Method)
	at sun.reflect.NativeMethodAccessorImpl.invoke(NativeMethodAccessorImpl.java:62)
	at sun.reflect.DelegatingMethodAccessorImpl.invoke(DelegatingMethodAccessorImpl.java:43)
	at java.lang.reflect.Method.invoke(Method.java:498)
	at org.apache.maven.surefire.util.ReflectionUtils.invokeMethodWithArray(ReflectionUtils.java:189)
	at org.apache.maven.surefire.booter.ProviderFactory$ProviderProxy.invoke(ProviderFactory.java:165)
	at org.apache.maven.surefire.booter.ProviderFactory.invokeProvider(ProviderFactory.java:85)
	at org.apache.maven.surefire.booter.ForkedBooter.runSuitesInProcess(ForkedBooter.java:115)
	at org.apache.maven.surefire.booter.ForkedBooter.main(ForkedBooter.java:75)

Running prompto.runtime.e.TestCategories
Tests run: 21, Failures: 0, Errors: 0, Skipped: 0, Time elapsed: 0.759 sec
Running prompto.runtime.e.TestWidget
Tests run: 4, Failures: 0, Errors: 0, Skipped: 0, Time elapsed: 0.079 sec
Running prompto.runtime.e.TestDiv
Tests run: 12, Failures: 0, Errors: 0, Skipped: 0, Time elapsed: 0.216 sec
Running prompto.runtime.e.TestEquals
Tests run: 96, Failures: 0, Errors: 0, Skipped: 0, Time elapsed: 2.402 sec
Running prompto.runtime.e.TestLoops
Tests run: 96, Failures: 0, Errors: 0, Skipped: 0, Time elapsed: 2.408 sec
Running prompto.runtime.e.TestSetters
Tests run: 9, Failures: 0, Errors: 0, Skipped: 0, Time elapsed: 0.328 sec
Running prompto.runtime.e.TestNative
Tests run: 23, Failures: 0, Errors: 0, Skipped: 0, Time elapsed: 0.636 sec
Running prompto.runtime.e.TestInjections
Tests run: 3, Failures: 0, Errors: 0, Skipped: 0, Time elapsed: 0.084 sec
Running prompto.runtime.e.TestStore
Tests run: 30, Failures: 0, Errors: 0, Skipped: 0, Time elapsed: 1.689 sec
Running prompto.runtime.e.TestCss
Tests run: 18, Failures: 0, Errors: 0, Skipped: 0, Time elapsed: 0.212 sec
Running prompto.runtime.e.TestTuples
Tests run: 9, Failures: 0, Errors: 0, Skipped: 0, Time elapsed: 0.196 sec
Running prompto.runtime.e.TestIssues
Tests run: 1, Failures: 0, Errors: 0, Skipped: 0, Time elapsed: 0.023 sec
Running prompto.runtime.e.TestSub
Tests run: 24, Failures: 0, Errors: 0, Skipped: 0, Time elapsed: 0.414 sec
Running prompto.runtime.e.TestJsx
Tests run: 33, Failures: 0, Errors: 0, Skipped: 0, Time elapsed: 0.422 sec
Running prompto.runtime.e.TestCondition
Tests run: 18, Failures: 0, Errors: 0, Skipped: 0, Time elapsed: 0.259 sec
Running prompto.runtime.e.TestLazy
Tests run: 15, Failures: 0, Errors: 0, Skipped: 0, Time elapsed: 0.222 sec
Running prompto.runtime.e.TestUuid
Tests run: 3, Failures: 0, Errors: 0, Skipped: 0, Time elapsed: 0.053 sec
Running prompto.runtime.e.TestLogic
Tests run: 9, Failures: 0, Errors: 0, Skipped: 0, Time elapsed: 0.109 sec
Running prompto.runtime.e.TestClosures
Tests run: 12, Failures: 0, Errors: 0, Skipped: 0, Time elapsed: 0.213 sec
Running prompto.runtime.e.TestIterate
Tests run: 6, Failures: 0, Errors: 0, Skipped: 0, Time elapsed: 0.123 sec
Running prompto.runtime.e.TestSortList
Tests run: 66, Failures: 0, Errors: 0, Skipped: 0, Time elapsed: 2.038 sec
Running prompto.runtime.e.TestCast
Tests run: 39, Failures: 0, Errors: 0, Skipped: 0, Time elapsed: 0.77 sec
Running prompto.runtime.e.TestMutability
Tests run: 36, Failures: 0, Errors: 0, Skipped: 0, Time elapsed: 0.949 sec
Running prompto.runtime.e.TestItem
Tests run: 15, Failures: 0, Errors: 0, Skipped: 0, Time elapsed: 0.208 sec
Running prompto.runtime.e.TestSlice
Tests run: 9, Failures: 0, Errors: 0, Skipped: 0, Time elapsed: 0.228 sec
Running prompto.runtime.e.TestMult
Tests run: 18, Failures: 0, Errors: 0, Skipped: 0, Time elapsed: 0.632 sec
Running prompto.runtime.e.TestSingleton
Tests run: 6, Failures: 0, Errors: 0, Skipped: 0, Time elapsed: 0.193 sec
Running prompto.runtime.e.TestMinus
Tests run: 9, Failures: 0, Errors: 0, Skipped: 0, Time elapsed: 0.239 sec
Running prompto.runtime.e.TestPatterns
Tests run: 18, Failures: 0, Errors: 0, Skipped: 0, Time elapsed: 0.817 sec
Running prompto.runtime.e.TestLess
Tests run: 45, Failures: 0, Errors: 0, Skipped: 0, Time elapsed: 1.161 sec
Running prompto.runtime.e.TestAdd
Tests run: 54, Failures: 0, Errors: 0, Skipped: 0, Time elapsed: 0.962 sec
Running prompto.runtime.e.TestContains
Tests run: 87, Failures: 0, Errors: 0, Skipped: 0, Time elapsed: 3.009 sec
Running prompto.runtime.e.TestPredicate
Tests run: 27, Failures: 0, Errors: 0, Skipped: 0, Time elapsed: 1.666 sec
Running prompto.runtime.e.TestDocuments
Tests run: 21, Failures: 0, Errors: 0, Skipped: 0, Time elapsed: 2.26 sec
Running prompto.runtime.e.TestSelf
Tests run: 6, Failures: 0, Errors: 0, Skipped: 0, Time elapsed: 0.169 sec
Running prompto.runtime.e.TestResource
Tests run: 12, Failures: 0, Errors: 0, Skipped: 0, Time elapsed: 0.26 sec

Results :

Failed tests:   testTranspiledCursorToList(prompto.runtime.e.TestBuiltins): ReferenceError: "List" is not defined in <eval> at line number 224

Tests run: 4734, Failures: 1, Errors: 0, Skipped: 2

[INFO] ------------------------------------------------------------------------
[INFO] Reactor Summary:
[INFO] 
[INFO] Prompto Core ....................................... SUCCESS [  1.568 s]
[INFO] Core ............................................... FAILURE [01:59 min]
[INFO] Runtime ............................................ SKIPPED
[INFO] CodeStore .......................................... SKIPPED
[INFO] Standalone ......................................... SKIPPED
[INFO] ------------------------------------------------------------------------
[INFO] BUILD FAILURE
[INFO] ------------------------------------------------------------------------
[INFO] Total time: 02:01 min
[INFO] Finished at: 2018-10-28T05:25:04+01:00
[INFO] Final Memory: 26M/596M
[INFO] ------------------------------------------------------------------------
[ERROR] Failed to execute goal org.apache.maven.plugins:maven-surefire-plugin:2.12.4:test (default-test) on project Core: There are test failures.
[ERROR] 
[ERROR] Please refer to /root/workspace/prompto/prompto-java/447139216/Core/target/surefire-reports for the individual test results.
[ERROR] -> [Help 1]
[ERROR] 
[ERROR] To see the full stack trace of the errors, re-run Maven with the -e switch.
[ERROR] Re-run Maven using the -X switch to enable full debug logging.
[ERROR] 
[ERROR] For more information about the errors and possible solutions, please read the following articles:
[ERROR] [Help 1] http://cwiki.apache.org/confluence/display/MAVEN/MojoFailureException
[ERROR] 
[ERROR] After correcting the problems, you can resume the build with the command
[ERROR]   mvn <goals> -rf :Core
