[INFO] Scanning for projects...
[WARNING] 
[WARNING] Some problems were encountered while building the effective model for fr.inria.gforge.spoon:spoon-core:jar:7.2.0-SNAPSHOT
[WARNING] 'build.plugins.plugin.version' for org.pitest:pitest-maven is missing. @ line 564, column 15
[WARNING] 
[WARNING] It is highly recommended to fix these problems because they threaten the stability of your build.
[WARNING] 
[WARNING] For this reason, future Maven versions might no longer support building such malformed projects.
[WARNING] 
[INFO] Inspecting build with total of 1 modules...
[INFO] Installing Nexus Staging features:
[INFO]   ... total of 1 executions of maven-deploy-plugin replaced with nexus-staging-maven-plugin
[INFO]                                                                         
[INFO] ------------------------------------------------------------------------
[INFO] Building Spoon Core 7.2.0-SNAPSHOT
[INFO] ------------------------------------------------------------------------
[INFO] 
[INFO] --- maven-enforcer-plugin:1.0:enforce (enforce-maven) @ spoon-core ---
[INFO] Skipping Rule Enforcement.
[INFO] 
[INFO] --- jacoco-maven-plugin:0.8.1:prepare-agent (default) @ spoon-core ---
[INFO] argLine set to -javaagent:/root/./workspace/INRIA/spoon/454678479/.m2/org/jacoco/org.jacoco.agent/0.8.1/org.jacoco.agent-0.8.1-runtime.jar=destfile=/root/workspace/INRIA/spoon/454678479/target/jacoco.exec
[INFO] 
[INFO] --- maven-resources-plugin:2.6:resources (default-resources) @ spoon-core ---
[INFO] Using 'UTF-8' encoding to copy filtered resources.
[INFO] Copying 3 resources
[INFO] Copying 1 resource
[INFO] 
[INFO] --- maven-compiler-plugin:3.7.0:compile (default-compile) @ spoon-core ---
[INFO] Nothing to compile - all classes are up to date
[INFO] 
[INFO] --- maven-resources-plugin:2.6:testResources (default-testResources) @ spoon-core ---
[INFO] Using 'UTF-8' encoding to copy filtered resources.
[INFO] Copying 188 resources
[INFO] 
[INFO] --- maven-compiler-plugin:3.7.0:testCompile (default-testCompile) @ spoon-core ---
[INFO] Nothing to compile - all classes are up to date
[INFO] 
[INFO] --- maven-surefire-plugin:2.21.0:test (default-test) @ spoon-core ---
[INFO] Downloading: https://repo.maven.apache.org/maven2/org/apache/maven/surefire/surefire-junit4/2.21.0/surefire-junit4-2.21.0.pom
[INFO] Downloaded: https://repo.maven.apache.org/maven2/org/apache/maven/surefire/surefire-junit4/2.21.0/surefire-junit4-2.21.0.pom (4 KB at 5.8 KB/sec)
[INFO] Downloading: https://repo.maven.apache.org/maven2/org/apache/maven/surefire/surefire-providers/2.21.0/surefire-providers-2.21.0.pom
[INFO] Downloaded: https://repo.maven.apache.org/maven2/org/apache/maven/surefire/surefire-providers/2.21.0/surefire-providers-2.21.0.pom (3 KB at 68.2 KB/sec)
[INFO] Downloading: https://repo.maven.apache.org/maven2/org/apache/maven/surefire/surefire-junit4/2.21.0/surefire-junit4-2.21.0.jar
[INFO] Downloaded: https://repo.maven.apache.org/maven2/org/apache/maven/surefire/surefire-junit4/2.21.0/surefire-junit4-2.21.0.jar (83 KB at 918.4 KB/sec)
[INFO] 
[INFO] -------------------------------------------------------
[INFO]  T E S T S
[INFO] -------------------------------------------------------
[INFO] Running spoon.testing.CtPackageAssertTest
[INFO] Tests run: 4, Failures: 0, Errors: 0, Skipped: 0, Time elapsed: 2.962 s - in spoon.testing.CtPackageAssertTest
[INFO] Running spoon.testing.CtElementAssertTest
[INFO] Tests run: 5, Failures: 0, Errors: 0, Skipped: 0, Time elapsed: 2.047 s - in spoon.testing.CtElementAssertTest
[INFO] Running spoon.testing.AbstractAssertTest
[INFO] Tests run: 4, Failures: 0, Errors: 0, Skipped: 0, Time elapsed: 0.734 s - in spoon.testing.AbstractAssertTest
[INFO] Running spoon.testing.FileAssertTest
[INFO] Tests run: 2, Failures: 0, Errors: 0, Skipped: 0, Time elapsed: 0.344 s - in spoon.testing.FileAssertTest
[INFO] Running spoon.MavenLauncherTest
[WARNING] Tests run: 8, Failures: 0, Errors: 0, Skipped: 1, Time elapsed: 119.401 s - in spoon.MavenLauncherTest
[INFO] Running spoon.reflect.visitor.CtIteratorTest
[INFO] Tests run: 1, Failures: 0, Errors: 0, Skipped: 0, Time elapsed: 1.226 s - in spoon.reflect.visitor.CtIteratorTest
[INFO] Running spoon.reflect.visitor.CtScannerTest
[INFO] Tests run: 3, Failures: 0, Errors: 0, Skipped: 0, Time elapsed: 16.666 s - in spoon.reflect.visitor.CtScannerTest
[INFO] Running spoon.reflect.visitor.CtVisitorTest
[INFO] Tests run: 1, Failures: 0, Errors: 0, Skipped: 0, Time elapsed: 1.701 s - in spoon.reflect.visitor.CtVisitorTest
[INFO] Running spoon.reflect.visitor.CtInheritanceScannerTest
[INFO] Tests run: 83, Failures: 0, Errors: 0, Skipped: 0, Time elapsed: 0.956 s - in spoon.reflect.visitor.CtInheritanceScannerTest
[INFO] Running spoon.reflect.visitor.CtInheritanceScannerMethodsTest
[INFO] Tests run: 1, Failures: 0, Errors: 0, Skipped: 0, Time elapsed: 2.134 s - in spoon.reflect.visitor.CtInheritanceScannerMethodsTest
[INFO] Running spoon.reflect.declaration.CtTypeInformationTest
[INFO] Tests run: 4, Failures: 0, Errors: 0, Skipped: 0, Time elapsed: 0.685 s - in spoon.reflect.declaration.CtTypeInformationTest
[INFO] Running spoon.reflect.declaration.UnknownDeclarationTest
[INFO] Tests run: 1, Failures: 0, Errors: 0, Skipped: 0, Time elapsed: 0.055 s - in spoon.reflect.declaration.UnknownDeclarationTest
[INFO] Running spoon.reflect.ast.CloneTest
[INFO] Tests run: 5, Failures: 0, Errors: 0, Skipped: 0, Time elapsed: 11.428 s - in spoon.reflect.ast.CloneTest
[INFO] Running spoon.reflect.ast.AstCheckerTest
[INFO] Tests run: 2, Failures: 0, Errors: 0, Skipped: 0, Time elapsed: 10.918 s - in spoon.reflect.ast.AstCheckerTest
[INFO] Running spoon.test.invocations.InvocationTest
[INFO] Tests run: 3, Failures: 0, Errors: 0, Skipped: 0, Time elapsed: 0.292 s - in spoon.test.invocations.InvocationTest
[INFO] Running spoon.test.secondaryclasses.ClassesTest
[INFO] Tests run: 6, Failures: 0, Errors: 0, Skipped: 0, Time elapsed: 0.343 s - in spoon.test.secondaryclasses.ClassesTest
[INFO] Running spoon.test.replace.ReplaceParametrizedTest
[INFO] Tests run: 83, Failures: 0, Errors: 0, Skipped: 0, Time elapsed: 0.237 s - in spoon.test.replace.ReplaceParametrizedTest
[INFO] Running spoon.test.replace.ReplaceTest
[INFO] Tests run: 17, Failures: 0, Errors: 0, Skipped: 0, Time elapsed: 1.305 s - in spoon.test.replace.ReplaceTest
[INFO] Running spoon.test.compilationunit.TestCompilationUnit
[INFO] Tests run: 9, Failures: 0, Errors: 0, Skipped: 0, Time elapsed: 0.391 s - in spoon.test.compilationunit.TestCompilationUnit
[INFO] Running spoon.test.compilationunit.GetBinaryFilesTest
[INFO] Tests run: 5, Failures: 0, Errors: 0, Skipped: 0, Time elapsed: 0.58 s - in spoon.test.compilationunit.GetBinaryFilesTest
[INFO] Running spoon.test.visibility.VisibilityTest
[INFO] Tests run: 5, Failures: 0, Errors: 0, Skipped: 0, Time elapsed: 0.729 s - in spoon.test.visibility.VisibilityTest
[INFO] Running spoon.test.role.TestCtRole
[INFO] Tests run: 6, Failures: 0, Errors: 0, Skipped: 0, Time elapsed: 0.008 s - in spoon.test.role.TestCtRole
[INFO] Running spoon.test.compilation.CompilationTest
>> Hello: Bar <<
>> Hello: FooEx <<
>> Hello: IBar <<
>> Hello: SimpleProcessor <<
[INFO] Tests run: 13, Failures: 0, Errors: 0, Skipped: 0, Time elapsed: 5.454 s - in spoon.test.compilation.CompilationTest
[INFO] Running spoon.test.variable.AccessFullyQualifiedFieldTest
[INFO] Tests run: 9, Failures: 0, Errors: 0, Skipped: 0, Time elapsed: 1.914 s - in spoon.test.variable.AccessFullyQualifiedFieldTest
[INFO] Running spoon.test.variable.InferredVariableTest
[INFO] Tests run: 2, Failures: 0, Errors: 0, Skipped: 0, Time elapsed: 0.164 s - in spoon.test.variable.InferredVariableTest
[INFO] Running spoon.test.variable.AccessTest
[INFO] Tests run: 8, Failures: 0, Errors: 0, Skipped: 0, Time elapsed: 0.44 s - in spoon.test.variable.AccessTest
[INFO] Running spoon.test.snippets.SnippetTest
[INFO] Tests run: 7, Failures: 0, Errors: 0, Skipped: 0, Time elapsed: 0.843 s - in spoon.test.snippets.SnippetTest
[INFO] Running spoon.test.initializers.InitializerTest
[INFO] Tests run: 2, Failures: 0, Errors: 0, Skipped: 0, Time elapsed: 0.104 s - in spoon.test.initializers.InitializerTest
[INFO] Running spoon.test.factory.TypeFactoryTest
[INFO] Tests run: 5, Failures: 0, Errors: 0, Skipped: 0, Time elapsed: 0.169 s - in spoon.test.factory.TypeFactoryTest
[INFO] Running spoon.test.factory.CodeFactoryTest
[INFO] Tests run: 1, Failures: 0, Errors: 0, Skipped: 0, Time elapsed: 0.002 s - in spoon.test.factory.CodeFactoryTest
[INFO] Running spoon.test.factory.AnnotationFactoryTest
[INFO] Tests run: 1, Failures: 0, Errors: 0, Skipped: 0, Time elapsed: 0.054 s - in spoon.test.factory.AnnotationFactoryTest
[INFO] Running spoon.test.factory.FactoryTest
[INFO] Tests run: 5, Failures: 0, Errors: 0, Skipped: 0, Time elapsed: 0.227 s - in spoon.test.factory.FactoryTest
[INFO] Running spoon.test.factory.ClassFactoryTest
[INFO] Tests run: 2, Failures: 0, Errors: 0, Skipped: 0, Time elapsed: 0.001 s - in spoon.test.factory.ClassFactoryTest
[INFO] Running spoon.test.factory.FieldFactoryTest
[INFO] Tests run: 2, Failures: 0, Errors: 0, Skipped: 0, Time elapsed: 0.252 s - in spoon.test.factory.FieldFactoryTest
[INFO] Running spoon.test.factory.ConstructorFactoryTest
[INFO] Tests run: 2, Failures: 0, Errors: 0, Skipped: 0, Time elapsed: 0.088 s - in spoon.test.factory.ConstructorFactoryTest
[INFO] Running spoon.test.factory.ExecutableFactoryTest
[INFO] Tests run: 1, Failures: 0, Errors: 0, Skipped: 0, Time elapsed: 0 s - in spoon.test.factory.ExecutableFactoryTest
[INFO] Running spoon.test.properties.PropertiesTest
[INFO] Tests run: 1, Failures: 0, Errors: 0, Skipped: 0, Time elapsed: 0.098 s - in spoon.test.properties.PropertiesTest
[INFO] Running spoon.test.methodreference.MethodReferenceTest
[INFO] Tests run: 13, Failures: 0, Errors: 0, Skipped: 0, Time elapsed: 2.462 s - in spoon.test.methodreference.MethodReferenceTest
[INFO] Running spoon.test.eval.EvalTest
[INFO] Tests run: 10, Failures: 0, Errors: 0, Skipped: 0, Time elapsed: 0.881 s - in spoon.test.eval.EvalTest
[INFO] Running spoon.test.api.APITest
./target/nooutput_f8d6b4cf-b33f-441f-8c6d-df2a225d0bd3
[INFO] Tests run: 23, Failures: 0, Errors: 0, Skipped: 0, Time elapsed: 14.81 s - in spoon.test.api.APITest
[INFO] Running spoon.test.api.FileSystemFolderTest
[INFO] Tests run: 2, Failures: 0, Errors: 0, Skipped: 0, Time elapsed: 0.001 s - in spoon.test.api.FileSystemFolderTest
[INFO] Running spoon.test.api.MetamodelTest
[INFO] Tests run: 16, Failures: 0, Errors: 0, Skipped: 0, Time elapsed: 5.139 s - in spoon.test.api.MetamodelTest
[INFO] Running spoon.test.api.NoClasspathTest
[INFO] Tests run: 5, Failures: 0, Errors: 0, Skipped: 0, Time elapsed: 0.506 s - in spoon.test.api.NoClasspathTest
[INFO] Running spoon.test.template.TemplateArrayAccessTest
[INFO] Tests run: 2, Failures: 0, Errors: 0, Skipped: 0, Time elapsed: 0.267 s - in spoon.test.template.TemplateArrayAccessTest
[INFO] Running spoon.test.template.TemplateClassAccessTest
[INFO] Tests run: 1, Failures: 0, Errors: 0, Skipped: 0, Time elapsed: 0.142 s - in spoon.test.template.TemplateClassAccessTest
[INFO] Running spoon.test.template.TemplateReplaceReturnTest
[INFO] Tests run: 2, Failures: 0, Errors: 0, Skipped: 0, Time elapsed: 0.418 s - in spoon.test.template.TemplateReplaceReturnTest
[INFO] Running spoon.test.template.TemplateEnumAccessTest
[INFO] Tests run: 1, Failures: 0, Errors: 0, Skipped: 0, Time elapsed: 0.211 s - in spoon.test.template.TemplateEnumAccessTest
[INFO] Running spoon.test.template.core.ParameterInfoTest
[INFO] Tests run: 21, Failures: 0, Errors: 0, Skipped: 0, Time elapsed: 0.024 s - in spoon.test.template.core.ParameterInfoTest
[INFO] Running spoon.test.template.TemplateTest
0
[INFO] Tests run: 24, Failures: 0, Errors: 0, Skipped: 0, Time elapsed: 3.795 s - in spoon.test.template.TemplateTest
[INFO] Running spoon.test.template.TemplateInvocationSubstitutionTest
[INFO] Tests run: 3, Failures: 0, Errors: 0, Skipped: 0, Time elapsed: 0.359 s - in spoon.test.template.TemplateInvocationSubstitutionTest
[INFO] Running spoon.test.template.PatternTest
[INFO] Tests run: 34, Failures: 0, Errors: 0, Skipped: 0, Time elapsed: 3.284 s - in spoon.test.template.PatternTest
[INFO] Running spoon.test.parent.ContractOnSettersParametrizedTest
[INFO] Tests run: 69, Failures: 0, Errors: 0, Skipped: 0, Time elapsed: 1.494 s - in spoon.test.parent.ContractOnSettersParametrizedTest
[INFO] Running spoon.test.parent.NullParentTest
[INFO] Tests run: 8, Failures: 0, Errors: 0, Skipped: 0, Time elapsed: 0.405 s - in spoon.test.parent.NullParentTest
[INFO] Running spoon.test.parent.ParentTest
[WARNING] Tests run: 11, Failures: 0, Errors: 0, Skipped: 1, Time elapsed: 1.113 s - in spoon.test.parent.ParentTest
[INFO] Running spoon.test.parent.TopLevelTypeTest
[INFO] Tests run: 1, Failures: 0, Errors: 0, Skipped: 0, Time elapsed: 0.05 s - in spoon.test.parent.TopLevelTypeTest
[INFO] Running spoon.test.parent.SetParentTest
[INFO] Tests run: 69, Failures: 0, Errors: 0, Skipped: 0, Time elapsed: 0.119 s - in spoon.test.parent.SetParentTest
[INFO] Running spoon.test.executable.ExecutableTest
[INFO] Tests run: 4, Failures: 0, Errors: 0, Skipped: 0, Time elapsed: 0.206 s - in spoon.test.executable.ExecutableTest
[INFO] Running spoon.test.executable.ExecutableRefTest
[INFO] Tests run: 5, Failures: 0, Errors: 0, Skipped: 0, Time elapsed: 0.519 s - in spoon.test.executable.ExecutableRefTest
[INFO] Running spoon.test.varargs.VarArgsTest
[INFO] Tests run: 1, Failures: 0, Errors: 0, Skipped: 0, Time elapsed: 0.064 s - in spoon.test.varargs.VarArgsTest
[INFO] Running spoon.test.pkg.PackageTest
[INFO] Tests run: 12, Failures: 0, Errors: 0, Skipped: 0, Time elapsed: 1.492 s - in spoon.test.pkg.PackageTest
[INFO] Running spoon.test.comment.CommentTest
[INFO] Tests run: 24, Failures: 0, Errors: 0, Skipped: 0, Time elapsed: 31.492 s - in spoon.test.comment.CommentTest
[INFO] Running spoon.test.constructor.ConstructorTest
[INFO] Tests run: 7, Failures: 0, Errors: 0, Skipped: 0, Time elapsed: 1.035 s - in spoon.test.constructor.ConstructorTest
[INFO] Running spoon.test.loop.LoopTest
[INFO] Tests run: 2, Failures: 0, Errors: 0, Skipped: 0, Time elapsed: 0.188 s - in spoon.test.loop.LoopTest
[INFO] Running spoon.test.exceptions.ExceptionTest
[INFO] Tests run: 6, Failures: 0, Errors: 0, Skipped: 0, Time elapsed: 0.394 s - in spoon.test.exceptions.ExceptionTest
[INFO] Running spoon.test.enums.EnumsTest
[INFO] Tests run: 8, Failures: 0, Errors: 0, Skipped: 0, Time elapsed: 0.469 s - in spoon.test.enums.EnumsTest
[INFO] Running spoon.test.enums.EnumsTypeTest
[INFO] Tests run: 2, Failures: 0, Errors: 0, Skipped: 0, Time elapsed: 0.126 s - in spoon.test.enums.EnumsTypeTest
[INFO] Running spoon.test.intercession.insertBefore.InsertMethodsTest
[INFO] Tests run: 9, Failures: 0, Errors: 0, Skipped: 0, Time elapsed: 1.701 s - in spoon.test.intercession.insertBefore.InsertMethodsTest
[INFO] Running spoon.test.intercession.OneCanCallSetterWithNullParameterizedTest
[INFO] Tests run: 126, Failures: 0, Errors: 0, Skipped: 0, Time elapsed: 0.939 s - in spoon.test.intercession.OneCanCallSetterWithNullParameterizedTest
[INFO] Running spoon.test.intercession.RemoveTest
[INFO] Tests run: 1, Failures: 0, Errors: 0, Skipped: 0, Time elapsed: 0.081 s - in spoon.test.intercession.RemoveTest
[INFO] Running spoon.test.intercession.IntercessionTest
[WARNING] Tests run: 8, Failures: 0, Errors: 0, Skipped: 1, Time elapsed: 6.767 s - in spoon.test.intercession.IntercessionTest
[INFO] Running spoon.test.literal.LiteralTest
[INFO] Tests run: 5, Failures: 0, Errors: 0, Skipped: 0, Time elapsed: 0.86 s - in spoon.test.literal.LiteralTest
[INFO] Running spoon.test.module.TestModule
[WARNING] Tests run: 8, Failures: 0, Errors: 0, Skipped: 2, Time elapsed: 0.128 s - in spoon.test.module.TestModule
[INFO] Running spoon.test.targeted.TargetedExpressionTest
[INFO] Tests run: 17, Failures: 0, Errors: 0, Skipped: 0, Time elapsed: 1.143 s - in spoon.test.targeted.TargetedExpressionTest
[INFO] Running spoon.test.sourcePosition.SourcePositionTest
[INFO] Tests run: 3, Failures: 0, Errors: 0, Skipped: 0, Time elapsed: 0.16 s - in spoon.test.sourcePosition.SourcePositionTest
[INFO] Running spoon.test.type.TypeTest
[INFO] Tests run: 13, Failures: 0, Errors: 0, Skipped: 0, Time elapsed: 0.912 s - in spoon.test.type.TypeTest
[INFO] Running spoon.test.architecture.SpoonArchitectureEnforcerTest
2018-11-13 22:01:33,680 ERROR spoon.support.compiler.jdt.JDTCommentBuilder - "/* c2 */" cannot be added into the AST, with parent class spoon.support.reflect.code.CtLiteralImplplease report the bug by posting on https://github.com/INRIA/spoon/issues/2482
2018-11-13 22:01:33,682 ERROR spoon.support.compiler.jdt.JDTCommentBuilder - "// c5" cannot be added into the AST, with parent class spoon.support.reflect.code.CtLiteralImplplease report the bug by posting on https://github.com/INRIA/spoon/issues/2482
2018-11-13 22:01:33,683 ERROR spoon.support.compiler.jdt.JDTCommentBuilder - "/* c6 */" cannot be added into the AST, with parent class spoon.support.reflect.code.CtLiteralImplplease report the bug by posting on https://github.com/INRIA/spoon/issues/2482
2018-11-13 22:01:33,684 ERROR spoon.support.compiler.jdt.JDTCommentBuilder - "// c7" cannot be added into the AST, with parent class spoon.support.reflect.code.CtLiteralImplplease report the bug by posting on https://github.com/INRIA/spoon/issues/2482
[INFO] Tests run: 8, Failures: 0, Errors: 0, Skipped: 0, Time elapsed: 42.452 s - in spoon.test.architecture.SpoonArchitectureEnforcerTest
[INFO] Running spoon.test.modifiers.TestModifiers
[INFO] Tests run: 6, Failures: 0, Errors: 0, Skipped: 0, Time elapsed: 0.486 s - in spoon.test.modifiers.TestModifiers
[INFO] Running spoon.test.signature.SignatureTest
[INFO] Tests run: 8, Failures: 0, Errors: 0, Skipped: 0, Time elapsed: 0.85 s - in spoon.test.signature.SignatureTest
[INFO] Running spoon.test.path.PathTest
[INFO] Tests run: 16, Failures: 0, Errors: 0, Skipped: 0, Time elapsed: 0.899 s - in spoon.test.path.PathTest
[INFO] Running spoon.test.arrays.ArraysTest
[INFO] Tests run: 8, Failures: 0, Errors: 0, Skipped: 0, Time elapsed: 0.497 s - in spoon.test.arrays.ArraysTest
[INFO] Running spoon.test.staticFieldAccess.StaticAccessTest
[INFO] Tests run: 2, Failures: 0, Errors: 0, Skipped: 0, Time elapsed: 0.153 s - in spoon.test.staticFieldAccess.StaticAccessTest
[INFO] Running spoon.test.delete.DeleteTest
[INFO] Tests run: 14, Failures: 0, Errors: 0, Skipped: 0, Time elapsed: 0.689 s - in spoon.test.delete.DeleteTest
[INFO] Running spoon.test.staticFieldAccess2.ImplicitStaticFieldReferenceTest
[INFO] Tests run: 16, Failures: 0, Errors: 0, Skipped: 0, Time elapsed: 2.479 s - in spoon.test.staticFieldAccess2.ImplicitStaticFieldReferenceTest
[INFO] Running spoon.test.imports.ImportTest
[INFO] Tests run: 48, Failures: 0, Errors: 0, Skipped: 0, Time elapsed: 6.184 s - in spoon.test.imports.ImportTest
[INFO] Running spoon.test.imports.ImportAndExtendWithPackageNameTest
[INFO] Tests run: 1, Failures: 0, Errors: 0, Skipped: 0, Time elapsed: 0.045 s - in spoon.test.imports.ImportAndExtendWithPackageNameTest
[INFO] Running spoon.test.imports.ImportScannerTest
2018-11-13 22:02:21,350 WARN spoon.Launcher - ImportScannerTest: Import scanner imports 606 unused imports and misses 0 imports
[INFO] Tests run: 7, Failures: 0, Errors: 0, Skipped: 0, Time elapsed: 25.349 s - in spoon.test.imports.ImportScannerTest
[INFO] Running spoon.test.generics.GenericsTest
[INFO] Tests run: 48, Failures: 0, Errors: 0, Skipped: 0, Time elapsed: 4.037 s - in spoon.test.generics.GenericsTest
[INFO] Running spoon.test.reflect.visitor.ReferenceQueryTest
[INFO] Tests run: 1, Failures: 0, Errors: 0, Skipped: 0, Time elapsed: 0.089 s - in spoon.test.reflect.visitor.ReferenceQueryTest
[INFO] Running spoon.test.interfaces.InterfaceTest
[INFO] Tests run: 6, Failures: 0, Errors: 0, Skipped: 0, Time elapsed: 0.687 s - in spoon.test.interfaces.InterfaceTest
[INFO] Running spoon.test.interfaces.TestInterfaceWithoutSetup
[INFO] Tests run: 2, Failures: 0, Errors: 0, Skipped: 0, Time elapsed: 0.168 s - in spoon.test.interfaces.TestInterfaceWithoutSetup
[INFO] Running spoon.test.ctClass.CtClassTest
[INFO] Tests run: 8, Failures: 0, Errors: 0, Skipped: 0, Time elapsed: 3.66 s - in spoon.test.ctClass.CtClassTest
[INFO] Running spoon.test.ctCase.SwitchCaseTest
[INFO] Tests run: 2, Failures: 0, Errors: 0, Skipped: 0, Time elapsed: 0.094 s - in spoon.test.ctCase.SwitchCaseTest
[INFO] Running spoon.test.fieldaccesses.FieldAccessTest
[INFO] Tests run: 16, Failures: 0, Errors: 0, Skipped: 0, Time elapsed: 0.925 s - in spoon.test.fieldaccesses.FieldAccessTest
[INFO] Running spoon.test.labels.TestLabels
[INFO] Tests run: 1, Failures: 0, Errors: 0, Skipped: 0, Time elapsed: 0.049 s - in spoon.test.labels.TestLabels
[INFO] Running spoon.test.visitor.AssignmentsEqualsTest
[INFO] Tests run: 1, Failures: 0, Errors: 0, Skipped: 0, Time elapsed: 0.043 s - in spoon.test.visitor.AssignmentsEqualsTest
[INFO] Running spoon.test.visitor.VisitorTest
[INFO] Tests run: 1, Failures: 0, Errors: 0, Skipped: 0, Time elapsed: 0.05 s - in spoon.test.visitor.VisitorTest
[INFO] Running spoon.test.parameters.ParameterTest
[INFO] Tests run: 3, Failures: 0, Errors: 0, Skipped: 0, Time elapsed: 0.332 s - in spoon.test.parameters.ParameterTest
[INFO] Running spoon.test.annotation.AnnotationLoopTest
[INFO] Tests run: 1, Failures: 0, Errors: 0, Skipped: 0, Time elapsed: 0.086 s - in spoon.test.annotation.AnnotationLoopTest
[INFO] Running spoon.test.annotation.AnnotationValuesTest
[INFO] Tests run: 6, Failures: 0, Errors: 0, Skipped: 0, Time elapsed: 0.225 s - in spoon.test.annotation.AnnotationValuesTest
[INFO] Running spoon.test.annotation.AnnotationTest
[INFO] Tests run: 52, Failures: 0, Errors: 0, Skipped: 0, Time elapsed: 3.633 s - in spoon.test.annotation.AnnotationTest
[INFO] Running spoon.test.javadoc.JavaDocTest
[INFO] Tests run: 2, Failures: 0, Errors: 0, Skipped: 0, Time elapsed: 0.116 s - in spoon.test.javadoc.JavaDocTest
[INFO] Running spoon.test.condition.ConditionalTest
[INFO] Tests run: 6, Failures: 0, Errors: 0, Skipped: 0, Time elapsed: 0.47 s - in spoon.test.condition.ConditionalTest
[INFO] Running spoon.test.change.ChangeCollectorTest
[INFO] Tests run: 1, Failures: 0, Errors: 0, Skipped: 0, Time elapsed: 0.09 s - in spoon.test.change.ChangeCollectorTest
[INFO] Running spoon.test.method_overriding.MethodOverriddingTest
[INFO] Tests run: 4, Failures: 0, Errors: 0, Skipped: 0, Time elapsed: 0.195 s - in spoon.test.method_overriding.MethodOverriddingTest
[INFO] Running spoon.test.trycatch.TryCatchTest
[INFO] Tests run: 12, Failures: 0, Errors: 0, Skipped: 0, Time elapsed: 0.817 s - in spoon.test.trycatch.TryCatchTest
[INFO] Running spoon.test.ctBodyHolder.CtBodyHolderTest
[INFO] Tests run: 6, Failures: 0, Errors: 0, Skipped: 0, Time elapsed: 0.749 s - in spoon.test.ctBodyHolder.CtBodyHolderTest
[INFO] Running spoon.test.reference.AnnotationFieldReferenceTest
[INFO] Tests run: 1, Failures: 0, Errors: 0, Skipped: 0, Time elapsed: 0.152 s - in spoon.test.reference.AnnotationFieldReferenceTest
[INFO] Running spoon.test.reference.CloneReferenceTest
[INFO] Tests run: 2, Failures: 0, Errors: 0, Skipped: 0, Time elapsed: 0.181 s - in spoon.test.reference.CloneReferenceTest
[INFO] Running spoon.test.reference.ExecutableReferenceGenericTest
[INFO] Tests run: 12, Failures: 0, Errors: 0, Skipped: 0, Time elapsed: 0.787 s - in spoon.test.reference.ExecutableReferenceGenericTest
[INFO] Running spoon.test.reference.ExecutableReferenceTest
[INFO] Tests run: 8, Failures: 0, Errors: 0, Skipped: 0, Time elapsed: 0.798 s - in spoon.test.reference.ExecutableReferenceTest
[INFO] Running spoon.test.reference.TypeReferenceTest
[INFO] Tests run: 28, Failures: 0, Errors: 0, Skipped: 0, Time elapsed: 1.851 s - in spoon.test.reference.TypeReferenceTest
[INFO] Running spoon.test.reference.ElasticsearchStackoverflowTest
[INFO] Tests run: 1, Failures: 0, Errors: 0, Skipped: 0, Time elapsed: 0.16 s - in spoon.test.reference.ElasticsearchStackoverflowTest
[INFO] Running spoon.test.reference.VariableAccessTest
[INFO] Tests run: 11, Failures: 0, Errors: 0, Skipped: 0, Time elapsed: 0.712 s - in spoon.test.reference.VariableAccessTest
[INFO] Running spoon.test.comparison.EqualTest
[INFO] Tests run: 5, Failures: 0, Errors: 0, Skipped: 0, Time elapsed: 0.47 s - in spoon.test.comparison.EqualTest
[INFO] Running spoon.test.position.PositionTest
2018-11-13 22:02:43,933 ERROR spoon.support.compiler.jdt.JDTCommentBuilder - "/* c2 */" cannot be added into the AST, with parent class spoon.support.reflect.code.CtLiteralImplplease report the bug by posting on https://github.com/INRIA/spoon/issues/2482
2018-11-13 22:02:43,934 ERROR spoon.support.compiler.jdt.JDTCommentBuilder - "// c5" cannot be added into the AST, with parent class spoon.support.reflect.code.CtLiteralImplplease report the bug by posting on https://github.com/INRIA/spoon/issues/2482
2018-11-13 22:02:43,935 ERROR spoon.support.compiler.jdt.JDTCommentBuilder - "/* c6 */" cannot be added into the AST, with parent class spoon.support.reflect.code.CtLiteralImplplease report the bug by posting on https://github.com/INRIA/spoon/issues/2482
2018-11-13 22:02:43,935 ERROR spoon.support.compiler.jdt.JDTCommentBuilder - "// c7" cannot be added into the AST, with parent class spoon.support.reflect.code.CtLiteralImplplease report the bug by posting on https://github.com/INRIA/spoon/issues/2482
2018-11-13 22:02:44,410 ERROR spoon.support.compiler.jdt.JDTCommentBuilder - "/* c2 */" cannot be added into the AST, with parent class spoon.support.reflect.code.CtLiteralImplplease report the bug by posting on https://github.com/INRIA/spoon/issues/2482
2018-11-13 22:02:44,411 ERROR spoon.support.compiler.jdt.JDTCommentBuilder - "// c5" cannot be added into the AST, with parent class spoon.support.reflect.code.CtLiteralImplplease report the bug by posting on https://github.com/INRIA/spoon/issues/2482
2018-11-13 22:02:44,411 ERROR spoon.support.compiler.jdt.JDTCommentBuilder - "/* c6 */" cannot be added into the AST, with parent class spoon.support.reflect.code.CtLiteralImplplease report the bug by posting on https://github.com/INRIA/spoon/issues/2482
2018-11-13 22:02:44,411 ERROR spoon.support.compiler.jdt.JDTCommentBuilder - "// c7" cannot be added into the AST, with parent class spoon.support.reflect.code.CtLiteralImplplease report the bug by posting on https://github.com/INRIA/spoon/issues/2482
2018-11-13 22:02:44,755 ERROR spoon.support.compiler.jdt.JDTCommentBuilder - "/* c2 */" cannot be added into the AST, with parent class spoon.support.reflect.code.CtLiteralImplplease report the bug by posting on https://github.com/INRIA/spoon/issues/2482
2018-11-13 22:02:44,756 ERROR spoon.support.compiler.jdt.JDTCommentBuilder - "// c5" cannot be added into the AST, with parent class spoon.support.reflect.code.CtLiteralImplplease report the bug by posting on https://github.com/INRIA/spoon/issues/2482
2018-11-13 22:02:44,756 ERROR spoon.support.compiler.jdt.JDTCommentBuilder - "/* c6 */" cannot be added into the AST, with parent class spoon.support.reflect.code.CtLiteralImplplease report the bug by posting on https://github.com/INRIA/spoon/issues/2482
2018-11-13 22:02:44,757 ERROR spoon.support.compiler.jdt.JDTCommentBuilder - "// c7" cannot be added into the AST, with parent class spoon.support.reflect.code.CtLiteralImplplease report the bug by posting on https://github.com/INRIA/spoon/issues/2482
2018-11-13 22:02:45,265 ERROR spoon.support.compiler.jdt.JDTCommentBuilder - "/* c2 */" cannot be added into the AST, with parent class spoon.support.reflect.code.CtLiteralImplplease report the bug by posting on https://github.com/INRIA/spoon/issues/2482
2018-11-13 22:02:45,267 ERROR spoon.support.compiler.jdt.JDTCommentBuilder - "// c5" cannot be added into the AST, with parent class spoon.support.reflect.code.CtLiteralImplplease report the bug by posting on https://github.com/INRIA/spoon/issues/2482
2018-11-13 22:02:45,269 ERROR spoon.support.compiler.jdt.JDTCommentBuilder - "/* c6 */" cannot be added into the AST, with parent class spoon.support.reflect.code.CtLiteralImplplease report the bug by posting on https://github.com/INRIA/spoon/issues/2482
2018-11-13 22:02:45,269 ERROR spoon.support.compiler.jdt.JDTCommentBuilder - "// c7" cannot be added into the AST, with parent class spoon.support.reflect.code.CtLiteralImplplease report the bug by posting on https://github.com/INRIA/spoon/issues/2482
[ERROR] Tests run: 31, Failures: 0, Errors: 1, Skipped: 0, Time elapsed: 2.325 s <<< FAILURE! - in spoon.test.position.PositionTest
[ERROR] testPackageDeclaration(spoon.test.position.PositionTest)  Time elapsed: 0.106 s  <<< ERROR!
java.lang.UnsupportedOperationException: PartialSourcePosition only contains a CompilationUnit
	at spoon.test.position.PositionTest.contentAtPosition(PositionTest.java:621)
	at spoon.test.position.PositionTest.testPackageDeclaration(PositionTest.java:1207)

[INFO] Running spoon.test.position.TestSourceFragment
[INFO] Tests run: 7, Failures: 0, Errors: 0, Skipped: 0, Time elapsed: 0.121 s - in spoon.test.position.TestSourceFragment
[INFO] Running spoon.test.control.ControlTest
[INFO] Tests run: 2, Failures: 0, Errors: 0, Skipped: 0, Time elapsed: 0.162 s - in spoon.test.control.ControlTest
[INFO] Running spoon.test.processing.ProcessingTest
[INFO] Tests run: 10, Failures: 0, Errors: 0, Skipped: 0, Time elapsed: 0.53 s - in spoon.test.processing.ProcessingTest
[INFO] Running spoon.test.ctElement.MetadataTest
[INFO] Tests run: 1, Failures: 0, Errors: 0, Skipped: 0, Time elapsed: 0.053 s - in spoon.test.ctElement.MetadataTest
[INFO] Running spoon.test.ctElement.ElementTest
[INFO] Tests run: 1, Failures: 0, Errors: 0, Skipped: 0, Time elapsed: 0 s - in spoon.test.ctElement.ElementTest
[INFO] Running spoon.test.main.MainTest
[INFO] Tests run: 5, Failures: 0, Errors: 0, Skipped: 0, Time elapsed: 43.01 s - in spoon.test.main.MainTest
[INFO] Running spoon.test.field.FieldTest
[INFO] Tests run: 6, Failures: 0, Errors: 0, Skipped: 0, Time elapsed: 0.244 s - in spoon.test.field.FieldTest
[INFO] Running spoon.test.OutputTypeTest
[INFO] Tests run: 1, Failures: 0, Errors: 0, Skipped: 0, Time elapsed: 0.001 s - in spoon.test.OutputTypeTest
[INFO] Running spoon.test.method.MethodTest
[INFO] Tests run: 6, Failures: 0, Errors: 0, Skipped: 0, Time elapsed: 0.28 s - in spoon.test.method.MethodTest
[INFO] Running spoon.test.logging.LogTest
2018-11-13 22:03:30,228 WARN spoon.Launcher - Spoon is now using the 'no classpath mode' by default. If you want to ensure using Spoon in full classpath mode, please use the new flag: --cpmode fullclasspath.
2018-11-13 22:03:30,228 WARN spoon.Launcher - Spoon now parse by default the comments. Consider using the option --disable-comments if you want the old behaviour.
2018-11-13 22:03:30,229 DEBUG spoon.Launcher - destination: /root/workspace/INRIA/spoon/454678479/spooned-classes
2018-11-13 22:03:30,232 DEBUG spoon.Launcher - source classpath: null
2018-11-13 22:03:30,233 DEBUG spoon.Launcher - template classpath: []
2018-11-13 22:03:30,234 INFO spoon.Launcher - Log info
2018-11-13 22:03:30,234 WARN spoon.Launcher - Log warn
2018-11-13 22:03:30,234 ERROR spoon.Launcher - Log error
2018-11-13 22:03:30,234 DEBUG spoon.Launcher - Log debug
2018-11-13 22:03:30,235 WARN spoon.Launcher - Spoon is now using the 'no classpath mode' by default. If you want to ensure using Spoon in full classpath mode, please use the new flag: --cpmode fullclasspath.
2018-11-13 22:03:30,236 WARN spoon.Launcher - Spoon now parse by default the comments. Consider using the option --disable-comments if you want the old behaviour.
2018-11-13 22:03:30,237 DEBUG spoon.Launcher - destination: /root/workspace/INRIA/spoon/454678479/spooned-classes
2018-11-13 22:03:30,237 DEBUG spoon.Launcher - source classpath: null
2018-11-13 22:03:30,237 DEBUG spoon.Launcher - template classpath: []
2018-11-13 22:03:30,240 INFO spoon.Launcher - Log info
2018-11-13 22:03:30,240 WARN spoon.Launcher - Log warn
2018-11-13 22:03:30,240 ERROR spoon.Launcher - Log error
2018-11-13 22:03:30,241 DEBUG spoon.Launcher - Log debug
2018-11-13 22:03:30,242 WARN spoon.Launcher - Spoon is now using the 'no classpath mode' by default. If you want to ensure using Spoon in full classpath mode, please use the new flag: --cpmode fullclasspath.
2018-11-13 22:03:30,242 WARN spoon.Launcher - Spoon now parse by default the comments. Consider using the option --disable-comments if you want the old behaviour.
2018-11-13 22:03:30,243 INFO spoon.Launcher - Log info
2018-11-13 22:03:30,243 WARN spoon.Launcher - Log warn
2018-11-13 22:03:30,244 ERROR spoon.Launcher - Log error
2018-11-13 22:03:30,245 WARN spoon.Launcher - Spoon is now using the 'no classpath mode' by default. If you want to ensure using Spoon in full classpath mode, please use the new flag: --cpmode fullclasspath.
2018-11-13 22:03:30,245 WARN spoon.Launcher - Spoon now parse by default the comments. Consider using the option --disable-comments if you want the old behaviour.
2018-11-13 22:03:30,246 WARN spoon.Launcher - Log warn
2018-11-13 22:03:30,246 ERROR spoon.Launcher - Log error
2018-11-13 22:03:30,249 ERROR spoon.Launcher - Log error
[INFO] Tests run: 6, Failures: 0, Errors: 0, Skipped: 0, Time elapsed: 0.012 s - in spoon.test.logging.LogTest
[INFO] Running spoon.test.limits.utils.InternalTest
[INFO] Tests run: 2, Failures: 0, Errors: 0, Skipped: 0, Time elapsed: 0.098 s - in spoon.test.limits.utils.InternalTest
[INFO] Running spoon.test.ctType.CtTypeParameterTest
[INFO] Tests run: 2, Failures: 0, Errors: 0, Skipped: 0, Time elapsed: 0.131 s - in spoon.test.ctType.CtTypeParameterTest
[INFO] Running spoon.test.ctType.CtTypeTest
[INFO] Tests run: 8, Failures: 0, Errors: 0, Skipped: 0, Time elapsed: 0.819 s - in spoon.test.ctType.CtTypeTest
[INFO] Running spoon.test.query_function.testclasses.VariableReferencesModelTest
[INFO] Tests run: 15, Failures: 0, Errors: 0, Skipped: 0, Time elapsed: 0 s - in spoon.test.query_function.testclasses.VariableReferencesModelTest
[INFO] Running spoon.test.query_function.VariableReferencesTest
2018-11-13 22:03:31,325 WARN spoon.Launcher - Spoon is now using the 'no classpath mode' by default. If you want to ensure using Spoon in full classpath mode, please use the new flag: --cpmode fullclasspath.
2018-11-13 22:03:31,326 WARN spoon.Launcher - Spoon now parse by default the comments. Consider using the option --disable-comments if you want the old behaviour.
2018-11-13 22:03:31,327 INFO spoon.Launcher - Spoon version 7.2.0-SNAPSHOT
2018-11-13 22:03:31,327 INFO spoon.Launcher - running Spoon...
2018-11-13 22:03:31,327 INFO spoon.Launcher - start processing...
2018-11-13 22:03:31,427 INFO spoon.Launcher - end of processing: 
2018-11-13 22:03:31,428 INFO spoon.Launcher - no errors, no warnings
2018-11-13 22:03:31,484 WARN spoon.Launcher - Spoon is now using the 'no classpath mode' by default. If you want to ensure using Spoon in full classpath mode, please use the new flag: --cpmode fullclasspath.
2018-11-13 22:03:31,484 WARN spoon.Launcher - Spoon now parse by default the comments. Consider using the option --disable-comments if you want the old behaviour.
2018-11-13 22:03:31,485 INFO spoon.Launcher - Spoon version 7.2.0-SNAPSHOT
2018-11-13 22:03:31,485 INFO spoon.Launcher - running Spoon...
2018-11-13 22:03:31,485 INFO spoon.Launcher - start processing...
2018-11-13 22:03:31,570 INFO spoon.Launcher - end of processing: 
2018-11-13 22:03:31,570 INFO spoon.Launcher - no errors, no warnings
2018-11-13 22:03:31,595 WARN spoon.Launcher - Spoon is now using the 'no classpath mode' by default. If you want to ensure using Spoon in full classpath mode, please use the new flag: --cpmode fullclasspath.
2018-11-13 22:03:31,595 WARN spoon.Launcher - Spoon now parse by default the comments. Consider using the option --disable-comments if you want the old behaviour.
2018-11-13 22:03:31,596 INFO spoon.Launcher - Spoon version 7.2.0-SNAPSHOT
2018-11-13 22:03:31,596 INFO spoon.Launcher - running Spoon...
2018-11-13 22:03:31,596 INFO spoon.Launcher - start processing...
2018-11-13 22:03:31,659 INFO spoon.Launcher - end of processing: 
2018-11-13 22:03:31,660 INFO spoon.Launcher - no errors, no warnings
2018-11-13 22:03:31,663 WARN spoon.Launcher - Spoon is now using the 'no classpath mode' by default. If you want to ensure using Spoon in full classpath mode, please use the new flag: --cpmode fullclasspath.
2018-11-13 22:03:31,663 WARN spoon.Launcher - Spoon now parse by default the comments. Consider using the option --disable-comments if you want the old behaviour.
2018-11-13 22:03:31,664 INFO spoon.Launcher - Spoon version 7.2.0-SNAPSHOT
2018-11-13 22:03:31,664 INFO spoon.Launcher - running Spoon...
2018-11-13 22:03:31,664 INFO spoon.Launcher - start processing...
2018-11-13 22:03:31,725 INFO spoon.Launcher - end of processing: 
2018-11-13 22:03:31,726 INFO spoon.Launcher - no errors, no warnings
2018-11-13 22:03:31,746 WARN spoon.Launcher - Spoon is now using the 'no classpath mode' by default. If you want to ensure using Spoon in full classpath mode, please use the new flag: --cpmode fullclasspath.
2018-11-13 22:03:31,747 WARN spoon.Launcher - Spoon now parse by default the comments. Consider using the option --disable-comments if you want the old behaviour.
2018-11-13 22:03:31,747 INFO spoon.Launcher - Spoon version 7.2.0-SNAPSHOT
2018-11-13 22:03:31,747 INFO spoon.Launcher - running Spoon...
2018-11-13 22:03:31,747 INFO spoon.Launcher - start processing...
2018-11-13 22:03:31,810 INFO spoon.Launcher - end of processing: 
2018-11-13 22:03:31,810 INFO spoon.Launcher - no errors, no warnings
2018-11-13 22:03:31,816 WARN spoon.Launcher - Spoon is now using the 'no classpath mode' by default. If you want to ensure using Spoon in full classpath mode, please use the new flag: --cpmode fullclasspath.
2018-11-13 22:03:31,817 WARN spoon.Launcher - Spoon now parse by default the comments. Consider using the option --disable-comments if you want the old behaviour.
2018-11-13 22:03:31,817 INFO spoon.Launcher - Spoon version 7.2.0-SNAPSHOT
2018-11-13 22:03:31,817 INFO spoon.Launcher - running Spoon...
2018-11-13 22:03:31,818 INFO spoon.Launcher - start processing...
2018-11-13 22:03:31,883 INFO spoon.Launcher - end of processing: 
2018-11-13 22:03:31,883 INFO spoon.Launcher - no errors, no warnings
2018-11-13 22:03:31,891 WARN spoon.Launcher - Spoon is now using the 'no classpath mode' by default. If you want to ensure using Spoon in full classpath mode, please use the new flag: --cpmode fullclasspath.
2018-11-13 22:03:31,891 WARN spoon.Launcher - Spoon now parse by default the comments. Consider using the option --disable-comments if you want the old behaviour.
2018-11-13 22:03:31,892 INFO spoon.Launcher - Spoon version 7.2.0-SNAPSHOT
2018-11-13 22:03:31,892 INFO spoon.Launcher - running Spoon...
2018-11-13 22:03:31,892 INFO spoon.Launcher - start processing...
2018-11-13 22:03:31,956 INFO spoon.Launcher - end of processing: 
2018-11-13 22:03:31,956 INFO spoon.Launcher - no errors, no warnings
2018-11-13 22:03:32,007 WARN spoon.Launcher - Spoon is now using the 'no classpath mode' by default. If you want to ensure using Spoon in full classpath mode, please use the new flag: --cpmode fullclasspath.
2018-11-13 22:03:32,008 WARN spoon.Launcher - Spoon now parse by default the comments. Consider using the option --disable-comments if you want the old behaviour.
2018-11-13 22:03:32,008 INFO spoon.Launcher - Spoon version 7.2.0-SNAPSHOT
2018-11-13 22:03:32,008 INFO spoon.Launcher - running Spoon...
2018-11-13 22:03:32,009 INFO spoon.Launcher - start processing...
2018-11-13 22:03:32,072 INFO spoon.Launcher - end of processing: 
2018-11-13 22:03:32,072 INFO spoon.Launcher - no errors, no warnings
[INFO] Tests run: 8, Failures: 0, Errors: 0, Skipped: 0, Time elapsed: 0.791 s - in spoon.test.query_function.VariableReferencesTest
[INFO] Running spoon.test.ctBlock.TestCtBlock
[INFO] Tests run: 3, Failures: 0, Errors: 0, Skipped: 0, Time elapsed: 0.146 s - in spoon.test.ctBlock.TestCtBlock
[INFO] Running spoon.test.constructorcallnewclass.ConstructorCallTest
[INFO] Tests run: 6, Failures: 0, Errors: 0, Skipped: 0, Time elapsed: 0.638 s - in spoon.test.constructorcallnewclass.ConstructorCallTest
[INFO] Running spoon.test.constructorcallnewclass.NewClassTest
[INFO] Tests run: 7, Failures: 0, Errors: 0, Skipped: 0, Time elapsed: 1.034 s - in spoon.test.constructorcallnewclass.NewClassTest
[INFO] Running spoon.test.strings.StringTest
[INFO] Tests run: 1, Failures: 0, Errors: 0, Skipped: 0, Time elapsed: 0.088 s - in spoon.test.strings.StringTest
[INFO] Running spoon.test.strings.StringLiteralTest
[INFO] Tests run: 1, Failures: 0, Errors: 0, Skipped: 0, Time elapsed: 0.092 s - in spoon.test.strings.StringLiteralTest
[INFO] Running spoon.test.lambda.LambdaTest
[INFO] Tests run: 23, Failures: 0, Errors: 0, Skipped: 0, Time elapsed: 3.555 s - in spoon.test.lambda.LambdaTest
[INFO] Running spoon.test.refactoring.CtRenameLocalVariableRefactoringTest
[INFO] Tests run: 4, Failures: 0, Errors: 0, Skipped: 0, Time elapsed: 12.81 s - in spoon.test.refactoring.CtRenameLocalVariableRefactoringTest
[INFO] Running spoon.test.refactoring.MethodsRefactoringTest
[INFO] Tests run: 5, Failures: 0, Errors: 0, Skipped: 0, Time elapsed: 0.999 s - in spoon.test.refactoring.MethodsRefactoringTest
[INFO] Running spoon.test.refactoring.RefactoringTest
[INFO] Tests run: 4, Failures: 0, Errors: 0, Skipped: 0, Time elapsed: 0.735 s - in spoon.test.refactoring.RefactoringTest
[INFO] Running spoon.test.support.ResourceTest
[INFO] Tests run: 4, Failures: 0, Errors: 0, Skipped: 0, Time elapsed: 0.411 s - in spoon.test.support.ResourceTest
[INFO] Running spoon.test.prettyprinter.QualifiedThisRefTest
[INFO] Tests run: 3, Failures: 0, Errors: 0, Skipped: 0, Time elapsed: 0.323 s - in spoon.test.prettyprinter.QualifiedThisRefTest
[INFO] Running spoon.test.prettyprinter.TestSniperPrinter
[INFO] Tests run: 9, Failures: 0, Errors: 0, Skipped: 0, Time elapsed: 1.369 s - in spoon.test.prettyprinter.TestSniperPrinter
[INFO] Running spoon.test.prettyprinter.LinesTest
[INFO] Tests run: 3, Failures: 0, Errors: 0, Skipped: 0, Time elapsed: 0.511 s - in spoon.test.prettyprinter.LinesTest
[INFO] Running spoon.test.prettyprinter.PrinterTest
[INFO] Tests run: 9, Failures: 0, Errors: 0, Skipped: 0, Time elapsed: 3.635 s - in spoon.test.prettyprinter.PrinterTest
[INFO] Running spoon.test.prettyprinter.DefaultPrettyPrinterTest
[INFO] Tests run: 14, Failures: 0, Errors: 0, Skipped: 0, Time elapsed: 1.008 s - in spoon.test.prettyprinter.DefaultPrettyPrinterTest
[INFO] Running spoon.test.jdtimportbuilder.ImportBuilderTest
[INFO] Tests run: 8, Failures: 0, Errors: 0, Skipped: 0, Time elapsed: 0.523 s - in spoon.test.jdtimportbuilder.ImportBuilderTest
[INFO] Running spoon.test.serializable.SourcePositionTest
[INFO] Tests run: 1, Failures: 0, Errors: 0, Skipped: 0, Time elapsed: 0.119 s - in spoon.test.serializable.SourcePositionTest
[INFO] Running spoon.test.serializable.ModelStreamerTest
Testing factory serialization with different compressors with source folder: ./src/main/java/spoon/reflect/declaration
109738 bytes for default
583293 bytes for NONE
71877 bytes for LZMA
111732 bytes for GZIP
80215 bytes for BZIP2
[INFO] Tests run: 5, Failures: 0, Errors: 0, Skipped: 0, Time elapsed: 6.051 s - in spoon.test.serializable.ModelStreamerTest
[INFO] Running spoon.test.serializable.SerializableTest
[INFO] Tests run: 3, Failures: 0, Errors: 0, Skipped: 0, Time elapsed: 0.155 s - in spoon.test.serializable.SerializableTest
[INFO] Running spoon.test.casts.CastTest
[INFO] Tests run: 5, Failures: 0, Errors: 0, Skipped: 0, Time elapsed: 0.446 s - in spoon.test.casts.CastTest
[INFO] Running spoon.test.jar.JarTest
[INFO] Tests run: 4, Failures: 0, Errors: 0, Skipped: 0, Time elapsed: 0.268 s - in spoon.test.jar.JarTest
[INFO] Running spoon.test.model.IncrementalLauncherTest
[INFO] Tests run: 4, Failures: 0, Errors: 0, Skipped: 0, Time elapsed: 3.548 s - in spoon.test.model.IncrementalLauncherTest
[INFO] Running spoon.test.model.TypeTest
[INFO] Tests run: 8, Failures: 0, Errors: 0, Skipped: 0, Time elapsed: 0.81 s - in spoon.test.model.TypeTest
[INFO] Running spoon.test.model.SwitchCaseTest
[INFO] Tests run: 2, Failures: 0, Errors: 0, Skipped: 0, Time elapsed: 0.134 s - in spoon.test.model.SwitchCaseTest
[INFO] Running spoon.test.model.AnonymousExecutableTest
[INFO] Tests run: 1, Failures: 0, Errors: 0, Skipped: 0, Time elapsed: 0.05 s - in spoon.test.model.AnonymousExecutableTest
[INFO] Running spoon.test.model.BlockTest
[INFO] Tests run: 2, Failures: 0, Errors: 0, Skipped: 0, Time elapsed: 0.096 s - in spoon.test.model.BlockTest
[INFO] Running spoon.test.filters.CUFilterTest
[INFO] Tests run: 3, Failures: 0, Errors: 0, Skipped: 0, Time elapsed: 0.143 s - in spoon.test.filters.CUFilterTest
[INFO] Running spoon.test.filters.FilterTest
[INFO] Tests run: 43, Failures: 0, Errors: 0, Skipped: 0, Time elapsed: 6.242 s - in spoon.test.filters.FilterTest
[INFO] Running spoon.decompiler.SpoonClassFileTransformerTest
[INFO] Tests run: 1, Failures: 0, Errors: 0, Skipped: 0, Time elapsed: 1.09 s - in spoon.decompiler.SpoonClassFileTransformerTest
[INFO] Running spoon.processing.CtGenerationTest
[INFO] Tests run: 4, Failures: 0, Errors: 0, Skipped: 0, Time elapsed: 48.098 s - in spoon.processing.CtGenerationTest
[INFO] Running spoon.processing.ProcessingTest
[INFO] Tests run: 2, Failures: 0, Errors: 0, Skipped: 0, Time elapsed: 0.078 s - in spoon.processing.ProcessingTest
[INFO] Running spoon.JarLauncherTest
[INFO] Tests run: 3, Failures: 0, Errors: 0, Skipped: 0, Time elapsed: 7.279 s - in spoon.JarLauncherTest
[INFO] Running spoon.LauncherTest
[INFO] Tests run: 4, Failures: 0, Errors: 0, Skipped: 0, Time elapsed: 0.324 s - in spoon.LauncherTest
[INFO] Running spoon.support.compiler.classpath.ComputeClasspathTest
[INFO] Tests run: 1, Failures: 0, Errors: 0, Skipped: 0, Time elapsed: 0 s - in spoon.support.compiler.classpath.ComputeClasspathTest
[INFO] Running spoon.support.compiler.jdt.JDTBatchCompilerTest
[INFO] Tests run: 1, Failures: 0, Errors: 0, Skipped: 0, Time elapsed: 0.104 s - in spoon.support.compiler.jdt.JDTBatchCompilerTest
[INFO] Running spoon.support.compiler.jdt.JDTBasedSpoonCompilerTest
[INFO] Tests run: 1, Failures: 0, Errors: 0, Skipped: 0, Time elapsed: 3.124 s - in spoon.support.compiler.jdt.JDTBasedSpoonCompilerTest
[INFO] Running spoon.support.compiler.jdt.JDTBuilderTest
[INFO] Tests run: 1, Failures: 0, Errors: 0, Skipped: 0, Time elapsed: 0 s - in spoon.support.compiler.jdt.JDTBuilderTest
[INFO] Running spoon.support.compiler.jdt.ExtendedStringLiteralTest
[INFO] Tests run: 1, Failures: 0, Errors: 0, Skipped: 0, Time elapsed: 0.051 s - in spoon.support.compiler.jdt.ExtendedStringLiteralTest
[INFO] Running spoon.support.visitor.java.JavaReflectionTreeBuilderTest
[INFO] Tests run: 19, Failures: 0, Errors: 0, Skipped: 0, Time elapsed: 2.955 s - in spoon.support.visitor.java.JavaReflectionTreeBuilderTest
[INFO] 
[INFO] Results:
[INFO] 
[ERROR] Errors: 
[ERROR]   PositionTest.testPackageDeclaration:1207->contentAtPosition:621 Â» UnsupportedOperation
[INFO] 
[ERROR] Tests run: 1610, Failures: 0, Errors: 1, Skipped: 5
[INFO] 
[INFO] ------------------------------------------------------------------------
[INFO] BUILD FAILURE
[INFO] ------------------------------------------------------------------------
[INFO] Total time: 08:58 min
[INFO] Finished at: 2018-11-13T22:05:22+01:00
[INFO] Final Memory: 23M/574M
[INFO] ------------------------------------------------------------------------
[ERROR] Failed to execute goal org.apache.maven.plugins:maven-surefire-plugin:2.21.0:test (default-test) on project spoon-core: There are test failures.
[ERROR] 
[ERROR] Please refer to /root/workspace/INRIA/spoon/454678479/target/surefire-reports for the individual test results.
[ERROR] Please refer to dump files (if any exist) [date]-jvmRun[N].dump, [date].dumpstream and [date]-jvmRun[N].dumpstream.
[ERROR] -> [Help 1]
[ERROR] 
[ERROR] To see the full stack trace of the errors, re-run Maven with the -e switch.
[ERROR] Re-run Maven using the -X switch to enable full debug logging.
[ERROR] 
[ERROR] For more information about the errors and possible solutions, please read the following articles:
[ERROR] [Help 1] http://cwiki.apache.org/confluence/display/MAVEN/MojoFailureException
