-------------------------------------------------------------------------------
Test set: com.mitchellbosecke.pebble.ForTest
-------------------------------------------------------------------------------
Tests run: 3, Failures: 1, Errors: 0, Skipped: 0, Time elapsed: 0.002 s <<< FAILURE! - in com.mitchellbosecke.pebble.ForTest
testInvalidIdentifierName(com.mitchellbosecke.pebble.ForTest)  Time elapsed: 0.001 s  <<< FAILURE!
java.lang.AssertionError: Exception not thrown
	at com.mitchellbosecke.pebble.ForTest.testInvalidIdentifierName(ForTest.java:62)

