<?xml version="1.0" encoding="UTF-8" ?>
<testsuite tests="36" failures="2" name="com.webfirmframework.wffweb.tag.html.AbstractHtmlTest" time="2.283" errors="0" skipped="0">
  <properties>
    <property name="java.runtime.name" value="OpenJDK Runtime Environment"/>
    <property name="sun.boot.library.path" value="/usr/lib/jvm/java-8-openjdk-amd64/jre/lib/amd64"/>
    <property name="java.vm.version" value="25.121-b13"/>
    <property name="java.vm.vendor" value="Oracle Corporation"/>
    <property name="maven.multiModuleProjectDirectory" value="/root/workspace/webfirmframework/wff/453188520/wffweb"/>
    <property name="java.vendor.url" value="http://java.oracle.com/"/>
    <property name="path.separator" value=":"/>
    <property name="guice.disable.misplaced.annotation.check" value="true"/>
    <property name="skip.gulp" value="true"/>
    <property name="java.vm.name" value="OpenJDK 64-Bit Server VM"/>
    <property name="file.encoding.pkg" value="sun.io"/>
    <property name="sun.java.launcher" value="SUN_STANDARD"/>
    <property name="sun.os.patch.level" value="unknown"/>
    <property name="findbugs.skip" value="true"/>
    <property name="java.vm.specification.name" value="Java Virtual Machine Specification"/>
    <property name="user.dir" value="/root/workspace/webfirmframework/wff/453188520/wffweb"/>
    <property name="checkstyle.skip" value="true"/>
    <property name="java.runtime.version" value="1.8.0_121-8u121-b13-1~bpo8+1-b13"/>
    <property name="java.awt.graphicsenv" value="sun.awt.X11GraphicsEnvironment"/>
    <property name="skip.npm" value="true"/>
    <property name="java.endorsed.dirs" value="/usr/lib/jvm/java-8-openjdk-amd64/jre/lib/endorsed"/>
    <property name="os.arch" value="amd64"/>
    <property name="java.io.tmpdir" value="/tmp"/>
    <property name="gpg.skip" value="true"/>
    <property name="line.separator" value="
"/>
    <property name="java.vm.specification.vendor" value="Oracle Corporation"/>
    <property name="cobertura.skip" value="true"/>
    <property name="os.name" value="Linux"/>
    <property name="classworlds.conf" value="/usr/share/maven/bin/m2.conf"/>
    <property name="sun.jnu.encoding" value="UTF-8"/>
    <property name="java.library.path" value="/usr/java/packages/lib/amd64:/usr/lib/x86_64-linux-gnu/jni:/lib/x86_64-linux-gnu:/usr/lib/x86_64-linux-gnu:/usr/lib/jni:/lib:/usr/lib"/>
    <property name="license.skip" value="true"/>
    <property name="java.specification.name" value="Java Platform API Specification"/>
    <property name="java.class.version" value="52.0"/>
    <property name="sun.management.compiler" value="HotSpot 64-Bit Tiered Compilers"/>
    <property name="skip.bower" value="true"/>
    <property name="maven.repo.local" value="/root/./workspace/webfirmframework/wff/453188520/.m2"/>
    <property name="os.version" value="4.9.0-6-amd64"/>
    <property name="user.home" value="/root"/>
    <property name="user.timezone" value="Europe/Paris"/>
    <property name="java.awt.printerjob" value="sun.print.PSPrinterJob"/>
    <property name="java.specification.version" value="1.8"/>
    <property name="file.encoding" value="UTF-8"/>
    <property name="user.name" value="root"/>
    <property name="java.class.path" value="/usr/share/maven/boot/plexus-classworlds-2.5.2.jar"/>
    <property name="skipITs" value="true"/>
    <property name="java.vm.specification.version" value="1.8"/>
    <property name="sun.arch.data.model" value="64"/>
    <property name="java.home" value="/usr/lib/jvm/java-8-openjdk-amd64/jre"/>
    <property name="sun.java.command" value="org.codehaus.plexus.classworlds.launcher.Launcher -B -D enforcer.skip=true -D dependency-check.skip=true -D skipITs=true -D cobertura.skip=true -D maven.repo.local=/root/./workspace/webfirmframework/wff/453188520/.m2 -D rat.skip=true -D findbugs.skip=true -D skip.bower=true -D gpg.skip=true -D checkstyle.skip=true -D skip.gulp=true -D license.skip=true -D skip.npm=true test"/>
    <property name="java.specification.vendor" value="Oracle Corporation"/>
    <property name="user.language" value="en"/>
    <property name="awt.toolkit" value="sun.awt.X11.XToolkit"/>
    <property name="dependency-check.skip" value="true"/>
    <property name="java.vm.info" value="mixed mode"/>
    <property name="java.version" value="1.8.0_121"/>
    <property name="java.ext.dirs" value="/usr/lib/jvm/java-8-openjdk-amd64/jre/lib/ext:/usr/java/packages/lib/ext"/>
    <property name="securerandom.source" value="file:/dev/./urandom"/>
    <property name="sun.boot.class.path" value="/usr/lib/jvm/java-8-openjdk-amd64/jre/lib/resources.jar:/usr/lib/jvm/java-8-openjdk-amd64/jre/lib/rt.jar:/usr/lib/jvm/java-8-openjdk-amd64/jre/lib/sunrsasign.jar:/usr/lib/jvm/java-8-openjdk-amd64/jre/lib/jsse.jar:/usr/lib/jvm/java-8-openjdk-amd64/jre/lib/jce.jar:/usr/lib/jvm/java-8-openjdk-amd64/jre/lib/charsets.jar:/usr/lib/jvm/java-8-openjdk-amd64/jre/lib/jfr.jar:/usr/lib/jvm/java-8-openjdk-amd64/jre/classes"/>
    <property name="java.vendor" value="Oracle Corporation"/>
    <property name="enforcer.skip" value="true"/>
    <property name="rat.skip" value="true"/>
    <property name="maven.home" value="/usr/share/maven"/>
    <property name="file.separator" value="/"/>
    <property name="java.vendor.url.bug" value="http://bugreport.sun.com/bugreport/"/>
    <property name="sun.cpu.endian" value="little"/>
    <property name="sun.io.unicode.encoding" value="UnicodeLittle"/>
    <property name="sun.cpu.isalist" value=""/>
  </properties>
  <testcase classname="com.webfirmframework.wffweb.tag.html.AbstractHtmlTest" name="testPerformanceByArrayDeque" time="0.788"/>
  <testcase classname="com.webfirmframework.wffweb.tag.html.AbstractHtmlTest" name="testResetHierarchyInvalidTagException" time="0.014"/>
  <testcase classname="com.webfirmframework.wffweb.tag.html.AbstractHtmlTest" name="testSetGetSharedData" time="0.003"/>
  <testcase classname="com.webfirmframework.wffweb.tag.html.AbstractHtmlTest" name="testToWffBMBytesNoTagWithParentInvalidTagException" time="0"/>
  <testcase classname="com.webfirmframework.wffweb.tag.html.AbstractHtmlTest" name="testToBigOutputStream" time="0.012"/>
  <testcase classname="com.webfirmframework.wffweb.tag.html.AbstractHtmlTest" name="testPerformanceAsNonInnerClassFormat" time="0.329"/>
  <testcase classname="com.webfirmframework.wffweb.tag.html.AbstractHtmlTest" name="testPerformanceAsInnerClassFormat" time="0.248"/>
  <testcase classname="com.webfirmframework.wffweb.tag.html.AbstractHtmlTest" name="testHierarchy" time="0.004"/>
  <testcase classname="com.webfirmframework.wffweb.tag.html.AbstractHtmlTest" name="testDiv" time="0"/>
  <testcase classname="com.webfirmframework.wffweb.tag.html.AbstractHtmlTest" name="testToBigOutputStreamNoStackoverflowError" time="0.008"/>
  <testcase classname="com.webfirmframework.wffweb.tag.html.AbstractHtmlTest" name="testToOutputStreamReturnedLength" time="0.397"/>
  <testcase classname="com.webfirmframework.wffweb.tag.html.AbstractHtmlTest" name="testChildAtWithExp" time="0.001"/>
  <testcase classname="com.webfirmframework.wffweb.tag.html.AbstractHtmlTest" name="testInsertAfter" time="0"/>
  <testcase classname="com.webfirmframework.wffweb.tag.html.AbstractHtmlTest" name="testToOutputStream1" time="0.005"/>
  <testcase classname="com.webfirmframework.wffweb.tag.html.AbstractHtmlTest" name="testToOutputStream2" time="0.019">
    <failure message="expected:&lt;&lt;div id=&quot;one&quot;&gt;&lt;span [id=&quot;5&quot; class=&quot;cls-five]&quot;&gt;Title changed&lt;/spa...&gt; but was:&lt;&lt;div id=&quot;one&quot;&gt;&lt;span [class=&quot;cls-five&quot; id=&quot;5]&quot;&gt;Title changed&lt;/spa...&gt;" type="org.junit.ComparisonFailure">org.junit.ComparisonFailure: expected:&lt;&lt;div id=&quot;one&quot;&gt;&lt;span [id=&quot;5&quot; class=&quot;cls-five]&quot;&gt;Title changed&lt;/spa...&gt; but was:&lt;&lt;div id=&quot;one&quot;&gt;&lt;span [class=&quot;cls-five&quot; id=&quot;5]&quot;&gt;Title changed&lt;/spa...&gt;
	at org.junit.Assert.assertEquals(Assert.java:115)
	at org.junit.Assert.assertEquals(Assert.java:144)
	at com.webfirmframework.wffweb.tag.html.AbstractHtmlTest.testToOutputStream2(AbstractHtmlTest.java:746)
	at sun.reflect.NativeMethodAccessorImpl.invoke0(Native Method)
	at sun.reflect.NativeMethodAccessorImpl.invoke(NativeMethodAccessorImpl.java:62)
	at sun.reflect.DelegatingMethodAccessorImpl.invoke(DelegatingMethodAccessorImpl.java:43)
	at java.lang.reflect.Method.invoke(Method.java:498)
	at org.junit.runners.model.FrameworkMethod$1.runReflectiveCall(FrameworkMethod.java:50)
	at org.junit.internal.runners.model.ReflectiveCallable.run(ReflectiveCallable.java:12)
	at org.junit.runners.model.FrameworkMethod.invokeExplosively(FrameworkMethod.java:47)
	at org.junit.internal.runners.statements.InvokeMethod.evaluate(InvokeMethod.java:17)
	at org.junit.runners.ParentRunner.runLeaf(ParentRunner.java:325)
	at org.junit.runners.BlockJUnit4ClassRunner.runChild(BlockJUnit4ClassRunner.java:78)
	at org.junit.runners.BlockJUnit4ClassRunner.runChild(BlockJUnit4ClassRunner.java:57)
	at org.junit.runners.ParentRunner$3.run(ParentRunner.java:290)
	at org.junit.runners.ParentRunner$1.schedule(ParentRunner.java:71)
	at org.junit.runners.ParentRunner.runChildren(ParentRunner.java:288)
	at org.junit.runners.ParentRunner.access$000(ParentRunner.java:58)
	at org.junit.runners.ParentRunner$2.evaluate(ParentRunner.java:268)
	at org.junit.runners.ParentRunner.run(ParentRunner.java:363)
	at org.apache.maven.surefire.junit4.JUnit4Provider.execute(JUnit4Provider.java:252)
	at org.apache.maven.surefire.junit4.JUnit4Provider.executeTestSet(JUnit4Provider.java:141)
	at org.apache.maven.surefire.junit4.JUnit4Provider.invoke(JUnit4Provider.java:112)
	at sun.reflect.NativeMethodAccessorImpl.invoke0(Native Method)
	at sun.reflect.NativeMethodAccessorImpl.invoke(NativeMethodAccessorImpl.java:62)
	at sun.reflect.DelegatingMethodAccessorImpl.invoke(DelegatingMethodAccessorImpl.java:43)
	at java.lang.reflect.Method.invoke(Method.java:498)
	at org.apache.maven.surefire.util.ReflectionUtils.invokeMethodWithArray(ReflectionUtils.java:189)
	at org.apache.maven.surefire.booter.ProviderFactory$ProviderProxy.invoke(ProviderFactory.java:165)
	at org.apache.maven.surefire.booter.ProviderFactory.invokeProvider(ProviderFactory.java:85)
	at org.apache.maven.surefire.booter.ForkedBooter.runSuitesInProcess(ForkedBooter.java:115)
	at org.apache.maven.surefire.booter.ForkedBooter.main(ForkedBooter.java:75)
</failure>
  </testcase>
  <testcase classname="com.webfirmframework.wffweb.tag.html.AbstractHtmlTest" name="testInsertBeforeWithNoParentException" time="0"/>
  <testcase classname="com.webfirmframework.wffweb.tag.html.AbstractHtmlTest" name="testInsertAfterWithNoParentException" time="0"/>
  <testcase classname="com.webfirmframework.wffweb.tag.html.AbstractHtmlTest" name="testToWffBMBytesAndGetTagFromWffBMBytes" time="0"/>
  <testcase classname="com.webfirmframework.wffweb.tag.html.AbstractHtmlTest" name="test2PrependChildren" time="0"/>
  <testcase classname="com.webfirmframework.wffweb.tag.html.AbstractHtmlTest" name="testToBigHtmlString" time="0.007"/>
  <testcase classname="com.webfirmframework.wffweb.tag.html.AbstractHtmlTest" name="testResetHierarchy" time="0.009"/>
  <testcase classname="com.webfirmframework.wffweb.tag.html.AbstractHtmlTest" name="testChildAtAndGetChildrenSize" time="0"/>
  <testcase classname="com.webfirmframework.wffweb.tag.html.AbstractHtmlTest" name="test1PrependChildren" time="0.001"/>
  <testcase classname="com.webfirmframework.wffweb.tag.html.AbstractHtmlTest" name="testAddRemoveAttributesAttributes" time="0.003"/>
  <testcase classname="com.webfirmframework.wffweb.tag.html.AbstractHtmlTest" name="testGetFirstChildClassCastException" time="0.001"/>
  <testcase classname="com.webfirmframework.wffweb.tag.html.AbstractHtmlTest" name="testInsertAfter2" time="0"/>
  <testcase classname="com.webfirmframework.wffweb.tag.html.AbstractHtmlTest" name="testInsertBefore" time="0.001"/>
  <testcase classname="com.webfirmframework.wffweb.tag.html.AbstractHtmlTest" name="testGetFirstChild" time="0.002"/>
  <testcase classname="com.webfirmframework.wffweb.tag.html.AbstractHtmlTest" name="testToString1" time="0.004"/>
  <testcase classname="com.webfirmframework.wffweb.tag.html.AbstractHtmlTest" name="testToString2" time="0.003">
    <failure message="expected:&lt;&lt;div id=&quot;one&quot;&gt;&lt;span [id=&quot;5&quot; class=&quot;cls-five]&quot;&gt;Title changed&lt;/spa...&gt; but was:&lt;&lt;div id=&quot;one&quot;&gt;&lt;span [class=&quot;cls-five&quot; id=&quot;5]&quot;&gt;Title changed&lt;/spa...&gt;" type="org.junit.ComparisonFailure">org.junit.ComparisonFailure: expected:&lt;&lt;div id=&quot;one&quot;&gt;&lt;span [id=&quot;5&quot; class=&quot;cls-five]&quot;&gt;Title changed&lt;/spa...&gt; but was:&lt;&lt;div id=&quot;one&quot;&gt;&lt;span [class=&quot;cls-five&quot; id=&quot;5]&quot;&gt;Title changed&lt;/spa...&gt;
	at org.junit.Assert.assertEquals(Assert.java:115)
	at org.junit.Assert.assertEquals(Assert.java:144)
	at com.webfirmframework.wffweb.tag.html.AbstractHtmlTest.testToString2(AbstractHtmlTest.java:570)
	at sun.reflect.NativeMethodAccessorImpl.invoke0(Native Method)
	at sun.reflect.NativeMethodAccessorImpl.invoke(NativeMethodAccessorImpl.java:62)
	at sun.reflect.DelegatingMethodAccessorImpl.invoke(DelegatingMethodAccessorImpl.java:43)
	at java.lang.reflect.Method.invoke(Method.java:498)
	at org.junit.runners.model.FrameworkMethod$1.runReflectiveCall(FrameworkMethod.java:50)
	at org.junit.internal.runners.model.ReflectiveCallable.run(ReflectiveCallable.java:12)
	at org.junit.runners.model.FrameworkMethod.invokeExplosively(FrameworkMethod.java:47)
	at org.junit.internal.runners.statements.InvokeMethod.evaluate(InvokeMethod.java:17)
	at org.junit.runners.ParentRunner.runLeaf(ParentRunner.java:325)
	at org.junit.runners.BlockJUnit4ClassRunner.runChild(BlockJUnit4ClassRunner.java:78)
	at org.junit.runners.BlockJUnit4ClassRunner.runChild(BlockJUnit4ClassRunner.java:57)
	at org.junit.runners.ParentRunner$3.run(ParentRunner.java:290)
	at org.junit.runners.ParentRunner$1.schedule(ParentRunner.java:71)
	at org.junit.runners.ParentRunner.runChildren(ParentRunner.java:288)
	at org.junit.runners.ParentRunner.access$000(ParentRunner.java:58)
	at org.junit.runners.ParentRunner$2.evaluate(ParentRunner.java:268)
	at org.junit.runners.ParentRunner.run(ParentRunner.java:363)
	at org.apache.maven.surefire.junit4.JUnit4Provider.execute(JUnit4Provider.java:252)
	at org.apache.maven.surefire.junit4.JUnit4Provider.executeTestSet(JUnit4Provider.java:141)
	at org.apache.maven.surefire.junit4.JUnit4Provider.invoke(JUnit4Provider.java:112)
	at sun.reflect.NativeMethodAccessorImpl.invoke0(Native Method)
	at sun.reflect.NativeMethodAccessorImpl.invoke(NativeMethodAccessorImpl.java:62)
	at sun.reflect.DelegatingMethodAccessorImpl.invoke(DelegatingMethodAccessorImpl.java:43)
	at java.lang.reflect.Method.invoke(Method.java:498)
	at org.apache.maven.surefire.util.ReflectionUtils.invokeMethodWithArray(ReflectionUtils.java:189)
	at org.apache.maven.surefire.booter.ProviderFactory$ProviderProxy.invoke(ProviderFactory.java:165)
	at org.apache.maven.surefire.booter.ProviderFactory.invokeProvider(ProviderFactory.java:85)
	at org.apache.maven.surefire.booter.ForkedBooter.runSuitesInProcess(ForkedBooter.java:115)
	at org.apache.maven.surefire.booter.ForkedBooter.main(ForkedBooter.java:75)
</failure>
  </testcase>
  <testcase classname="com.webfirmframework.wffweb.tag.html.AbstractHtmlTest" name="testChildAtTypeCastedWithClassCastException" time="0"/>
  <testcase classname="com.webfirmframework.wffweb.tag.html.AbstractHtmlTest" name="testToBigHtmlStringNoStackoverflowError" time="0.007"/>
  <testcase classname="com.webfirmframework.wffweb.tag.html.AbstractHtmlTest" name="testGetRootTag" time="0"/>
  <testcase classname="com.webfirmframework.wffweb.tag.html.AbstractHtmlTest" name="testThreadSafetyOfGetFirstChild1" time="0.217"/>
  <testcase classname="com.webfirmframework.wffweb.tag.html.AbstractHtmlTest" name="testThreadSafetyOfGetFirstChild2" time="0.2"/>
  <testcase classname="com.webfirmframework.wffweb.tag.html.AbstractHtmlTest" name="testToWffBMBytesNoTagWithoutParentInvalidTagException" time="0"/>
</testsuite>