Microsoft (R) Build Engine version 12.0.31101.0
[Microsoft .NET Framework, version 4.0.30319.0]
Copyright (C) Microsoft Corporation. All rights reserved.

Building the projects in this solution one at a time. To enable parallel build, please add the "/m" switch.
Build started 21.1.2015 20:48:01.
Project "C:\prod\SonarQube\cxx\sonar-cxx\integration-tests\testdata\googletest_bullseye_vs_project\pathhandling.sln" on node 1 (default targets).
Building with tools version "2.0".
Target "ValidateSolutionConfiguration" in file "C:\prod\SonarQube\cxx\sonar-cxx\integration-tests\testdata\googletest_bullseye_vs_project\pathhandling.sln.metaproj" from project "C:\prod\SonarQube\cxx\sonar-cxx\integration-tests\testdata\googletest_bullseye_vs_project\pathhandling.sln" (entry point):
Task "Error" skipped, due to false condition; (('$(CurrentSolutionConfigurationContents)' == '') and ('$(SkipInvalidConfigurations)' != 'true')) was evaluated as (('<SolutionConfiguration>
  <ProjectConfiguration Project="{641653AF-72AC-4E29-A5EC-432082370EC2}" AbsolutePath="C:\prod\SonarQube\cxx\sonar-cxx\integration-tests\testdata\googletest_bullseye_vs_project\PathHandling\PathHandling.vcxproj" BuildProjectInSolution="True">Debug|Win32</ProjectConfiguration>
  <ProjectConfiguration Project="{6C9EC6AA-F731-5F96-C13E-184D9F327E6B}" AbsolutePath="C:\prod\SonarQube\cxx\sonar-cxx\integration-tests\testdata\googletest_bullseye_vs_project\PathHandling.Test\PathHandling.Test.vcxproj" BuildProjectInSolution="True">Debug|Win32<ProjectDependency Project="{641653AF-72AC-4E29-A5EC-432082370EC2}" /></ProjectConfiguration>
</SolutionConfiguration>' == '') and ('' != 'true')).
Task "Warning" skipped, due to false condition; (('$(CurrentSolutionConfigurationContents)' == '') and ('$(SkipInvalidConfigurations)' == 'true')) was evaluated as (('<SolutionConfiguration>
  <ProjectConfiguration Project="{641653AF-72AC-4E29-A5EC-432082370EC2}" AbsolutePath="C:\prod\SonarQube\cxx\sonar-cxx\integration-tests\testdata\googletest_bullseye_vs_project\PathHandling\PathHandling.vcxproj" BuildProjectInSolution="True">Debug|Win32</ProjectConfiguration>
  <ProjectConfiguration Project="{6C9EC6AA-F731-5F96-C13E-184D9F327E6B}" AbsolutePath="C:\prod\SonarQube\cxx\sonar-cxx\integration-tests\testdata\googletest_bullseye_vs_project\PathHandling.Test\PathHandling.Test.vcxproj" BuildProjectInSolution="True">Debug|Win32<ProjectDependency Project="{641653AF-72AC-4E29-A5EC-432082370EC2}" /></ProjectConfiguration>
</SolutionConfiguration>' == '') and ('' == 'true')).
Using "Message" task from assembly "Microsoft.Build.Tasks.v12.0, Version=12.0.0.0, Culture=neutral, PublicKeyToken=b03f5f7f11d50a3a".
Task "Message"
  Building solution configuration "Debug|Win32".
Done executing task "Message".
Done building target "ValidateSolutionConfiguration" in project "pathhandling.sln".
Target "ValidateToolsVersions" in file "C:\prod\SonarQube\cxx\sonar-cxx\integration-tests\testdata\googletest_bullseye_vs_project\pathhandling.sln.metaproj" from project "C:\prod\SonarQube\cxx\sonar-cxx\integration-tests\testdata\googletest_bullseye_vs_project\pathhandling.sln" (entry point):
Task "Error" skipped, due to false condition; ('$(MSBuildToolsVersion)' == '2.0' and ('$(ProjectToolsVersion)' != '2.0' and '$(ProjectToolsVersion)' != '')) was evaluated as ('12.0' == '2.0' and ('' != '2.0' and '' != '')).
Done building target "ValidateToolsVersions" in project "pathhandling.sln".
Target "ValidateProjects" in file "C:\prod\SonarQube\cxx\sonar-cxx\integration-tests\testdata\googletest_bullseye_vs_project\pathhandling.sln.metaproj" from project "C:\prod\SonarQube\cxx\sonar-cxx\integration-tests\testdata\googletest_bullseye_vs_project\pathhandling.sln" (entry point):
Done building target "ValidateProjects" in project "pathhandling.sln".
Target "Build" in file "C:\prod\SonarQube\cxx\sonar-cxx\integration-tests\testdata\googletest_bullseye_vs_project\pathhandling.sln.metaproj" from project "C:\prod\SonarQube\cxx\sonar-cxx\integration-tests\testdata\googletest_bullseye_vs_project\pathhandling.sln" (entry point):
Using "MSBuild" task from assembly "Microsoft.Build.Tasks.v12.0, Version=12.0.0.0, Culture=neutral, PublicKeyToken=b03f5f7f11d50a3a".
Task "MSBuild"
  Global Properties:
    BuildingSolutionFile=true
    CurrentSolutionConfigurationContents=<SolutionConfiguration>
    <ProjectConfiguration Project="{641653AF-72AC-4E29-A5EC-432082370EC2}" AbsolutePath="C:\prod\SonarQube\cxx\sonar-cxx\integration-tests\testdata\googletest_bullseye_vs_project\PathHandling\PathHandling.vcxproj" BuildProjectInSolution="True">Debug|Win32</ProjectConfiguration>
    <ProjectConfiguration Project="{6C9EC6AA-F731-5F96-C13E-184D9F327E6B}" AbsolutePath="C:\prod\SonarQube\cxx\sonar-cxx\integration-tests\testdata\googletest_bullseye_vs_project\PathHandling.Test\PathHandling.Test.vcxproj" BuildProjectInSolution="True">Debug|Win32<ProjectDependency Project="{641653AF-72AC-4E29-A5EC-432082370EC2}" /></ProjectConfiguration>
  </SolutionConfiguration>
    SolutionDir=C:\prod\SonarQube\cxx\sonar-cxx\integration-tests\testdata\googletest_bullseye_vs_project\
    SolutionExt=.sln
    SolutionFileName=pathhandling.sln
    SolutionName=pathhandling
    SolutionPath=C:\prod\SonarQube\cxx\sonar-cxx\integration-tests\testdata\googletest_bullseye_vs_project\pathhandling.sln
  Additional Properties for project "C:\prod\SonarQube\cxx\sonar-cxx\integration-tests\testdata\googletest_bullseye_vs_project\PathHandling\PathHandling.vcxproj":
    Configuration=Debug
    Platform=Win32
Overriding target "GetFrameworkPaths" in project "C:\Program Files (x86)\MSBuild\12.0\bin\Microsoft.Common.CurrentVersion.targets" with target "GetFrameworkPaths" from project "C:\Program Files (x86)\MSBuild\12.0\bin\Microsoft.NetFramework.CurrentVersion.targets".
Overriding target "SatelliteDllsProjectOutputGroup" in project "C:\Program Files (x86)\MSBuild\12.0\bin\Microsoft.Common.CurrentVersion.targets" with target "SatelliteDllsProjectOutputGroup" from project "C:\Windows\Microsoft.NET\Framework\v4.0.30319\Microsoft.WinFx.targets".
Overriding target "GenerateTargetFrameworkMonikerAttribute" in project "C:\Program Files (x86)\MSBuild\12.0\bin\Microsoft.Common.CurrentVersion.targets" with target "GenerateTargetFrameworkMonikerAttribute" from project "C:\Program Files (x86)\MSBuild\Microsoft.Cpp\v4.0\V120\Microsoft.BuildSteps.Targets".
Overriding target "Build" in project "C:\Program Files (x86)\MSBuild\12.0\bin\Microsoft.Common.CurrentVersion.targets" with target "Build" from project "C:\Program Files (x86)\MSBuild\Microsoft.Cpp\v4.0\V120\Microsoft.BuildSteps.Targets".
Overriding target "Rebuild" in project "C:\Program Files (x86)\MSBuild\12.0\bin\Microsoft.Common.CurrentVersion.targets" with target "Rebuild" from project "C:\Program Files (x86)\MSBuild\Microsoft.Cpp\v4.0\V120\Microsoft.BuildSteps.Targets".
Overriding target "AfterBuild" in project "C:\Program Files (x86)\MSBuild\12.0\bin\Microsoft.Common.CurrentVersion.targets" with target "AfterBuild" from project "C:\Program Files (x86)\MSBuild\Microsoft.Cpp\v4.0\V120\Microsoft.BuildSteps.Targets".
Overriding target "PrepareForBuild" in project "C:\Program Files (x86)\MSBuild\12.0\bin\Microsoft.Common.CurrentVersion.targets" with target "PrepareForBuild" from project "C:\Program Files (x86)\MSBuild\Microsoft.Cpp\v4.0\V120\Microsoft.CppBuild.targets".
Overriding target "GetTargetPath" in project "C:\Program Files (x86)\MSBuild\12.0\bin\Microsoft.Common.CurrentVersion.targets" with target "GetTargetPath" from project "C:\Program Files (x86)\MSBuild\Microsoft.Cpp\v4.0\V120\Microsoft.CppBuild.targets".
Overriding target "ComputeIntermediateSatelliteAssemblies" in project "C:\Program Files (x86)\MSBuild\12.0\bin\Microsoft.Common.CurrentVersion.targets" with target "ComputeIntermediateSatelliteAssemblies" from project "C:\Program Files (x86)\MSBuild\Microsoft.Cpp\v4.0\V120\Microsoft.CppBuild.targets".
Overriding target "ClCompile" in project "C:\Program Files (x86)\MSBuild\Microsoft.Cpp\v4.0\V120\Microsoft.CppBuild.targets" with target "ClCompile" from project "C:\Program Files (x86)\MSBuild\Microsoft.Cpp\v4.0\V120\Microsoft.CppBuild.targets".
Overriding target "ResourceCompile" in project "C:\Program Files (x86)\MSBuild\Microsoft.Cpp\v4.0\V120\Microsoft.CppBuild.targets" with target "ResourceCompile" from project "C:\Program Files (x86)\MSBuild\Microsoft.Cpp\v4.0\V120\Microsoft.CppBuild.targets".
Overriding target "Lib" in project "C:\Program Files (x86)\MSBuild\Microsoft.Cpp\v4.0\V120\Microsoft.CppBuild.targets" with target "Lib" from project "C:\Program Files (x86)\MSBuild\Microsoft.Cpp\v4.0\V120\Microsoft.CppBuild.targets".
Overriding target "Link" in project "C:\Program Files (x86)\MSBuild\Microsoft.Cpp\v4.0\V120\Microsoft.CppBuild.targets" with target "Link" from project "C:\Program Files (x86)\MSBuild\Microsoft.Cpp\v4.0\V120\Microsoft.CppBuild.targets".
Overriding target "AllProjectOutputGroups" in project "C:\Program Files (x86)\MSBuild\12.0\bin\Microsoft.Common.CurrentVersion.targets" with target "AllProjectOutputGroups" from project "C:\Program Files (x86)\MSBuild\Microsoft.Cpp\v4.0\V120\Microsoft.CppBuild.targets".
Overriding target "BuiltProjectOutputGroup" in project "C:\Program Files (x86)\MSBuild\12.0\bin\Microsoft.Common.CurrentVersion.targets" with target "BuiltProjectOutputGroup" from project "C:\Program Files (x86)\MSBuild\Microsoft.Cpp\v4.0\V120\Microsoft.CppBuild.targets".
Overriding target "DebugSymbolsProjectOutputGroup" in project "C:\Program Files (x86)\MSBuild\12.0\bin\Microsoft.Common.CurrentVersion.targets" with target "DebugSymbolsProjectOutputGroup" from project "C:\Program Files (x86)\MSBuild\Microsoft.Cpp\v4.0\V120\Microsoft.CppBuild.targets".
Overriding target "DocumentationProjectOutputGroup" in project "C:\Program Files (x86)\MSBuild\12.0\bin\Microsoft.Common.CurrentVersion.targets" with target "DocumentationProjectOutputGroup" from project "C:\Program Files (x86)\MSBuild\Microsoft.Cpp\v4.0\V120\Microsoft.CppBuild.targets".
Overriding target "SourceFilesProjectOutputGroup" in project "C:\Program Files (x86)\MSBuild\12.0\bin\Microsoft.Common.CurrentVersion.targets" with target "SourceFilesProjectOutputGroup" from project "C:\Program Files (x86)\MSBuild\Microsoft.Cpp\v4.0\V120\Microsoft.CppBuild.targets".
Overriding target "ContentFilesProjectOutputGroup" in project "C:\Program Files (x86)\MSBuild\12.0\bin\Microsoft.Common.CurrentVersion.targets" with target "ContentFilesProjectOutputGroup" from project "C:\Program Files (x86)\MSBuild\Microsoft.Cpp\v4.0\V120\Microsoft.CppBuild.targets".
Overriding target "AllProjectOutputGroupsDependencies" in project "C:\Program Files (x86)\MSBuild\12.0\bin\Microsoft.Common.CurrentVersion.targets" with target "AllProjectOutputGroupsDependencies" from project "C:\Program Files (x86)\MSBuild\Microsoft.Cpp\v4.0\V120\Microsoft.CppBuild.targets".
Overriding target "BuiltProjectOutputGroupDependencies" in project "C:\Program Files (x86)\MSBuild\12.0\bin\Microsoft.Common.CurrentVersion.targets" with target "BuiltProjectOutputGroupDependencies" from project "C:\Program Files (x86)\MSBuild\Microsoft.Cpp\v4.0\V120\Microsoft.CppBuild.targets".
Overriding target "DebugSymbolsProjectOutputGroupDependencies" in project "C:\Program Files (x86)\MSBuild\12.0\bin\Microsoft.Common.CurrentVersion.targets" with target "DebugSymbolsProjectOutputGroupDependencies" from project "C:\Program Files (x86)\MSBuild\Microsoft.Cpp\v4.0\V120\Microsoft.CppBuild.targets".
Overriding target "DocumentationProjectOutputGroupDependencies" in project "C:\Program Files (x86)\MSBuild\12.0\bin\Microsoft.Common.CurrentVersion.targets" with target "DocumentationProjectOutputGroupDependencies" from project "C:\Program Files (x86)\MSBuild\Microsoft.Cpp\v4.0\V120\Microsoft.CppBuild.targets".
Overriding target "PreBuildEvent" in project "C:\Program Files (x86)\MSBuild\12.0\bin\Microsoft.Common.CurrentVersion.targets" with target "PreBuildEvent" from project "C:\Program Files (x86)\MSBuild\Microsoft.Cpp\v4.0\V120\Microsoft.CppCommon.targets".
Overriding target "PostBuildEvent" in project "C:\Program Files (x86)\MSBuild\12.0\bin\Microsoft.Common.CurrentVersion.targets" with target "PostBuildEvent" from project "C:\Program Files (x86)\MSBuild\Microsoft.Cpp\v4.0\V120\Microsoft.CppCommon.targets".
Overriding target "ClCompile" in project "C:\Program Files (x86)\MSBuild\Microsoft.Cpp\v4.0\V120\Microsoft.CppBuild.targets" with target "ClCompile" from project "C:\Program Files (x86)\MSBuild\Microsoft.Cpp\v4.0\V120\Microsoft.CppCommon.targets".
Overriding target "Link" in project "C:\Program Files (x86)\MSBuild\Microsoft.Cpp\v4.0\V120\Microsoft.CppBuild.targets" with target "Link" from project "C:\Program Files (x86)\MSBuild\Microsoft.Cpp\v4.0\V120\Microsoft.CppCommon.targets".
Overriding target "Lib" in project "C:\Program Files (x86)\MSBuild\Microsoft.Cpp\v4.0\V120\Microsoft.CppBuild.targets" with target "Lib" from project "C:\Program Files (x86)\MSBuild\Microsoft.Cpp\v4.0\V120\Microsoft.CppCommon.targets".
Overriding target "ImpLib" in project "C:\Program Files (x86)\MSBuild\Microsoft.Cpp\v4.0\V120\Microsoft.CppBuild.targets" with target "ImpLib" from project "C:\Program Files (x86)\MSBuild\Microsoft.Cpp\v4.0\V120\Microsoft.CppCommon.targets".
Overriding target "Midl" in project "C:\Program Files (x86)\MSBuild\Microsoft.Cpp\v4.0\V120\Microsoft.CppBuild.targets" with target "Midl" from project "C:\Program Files (x86)\MSBuild\Microsoft.Cpp\v4.0\V120\Microsoft.CppCommon.targets".
Overriding target "ResourceCompile" in project "C:\Program Files (x86)\MSBuild\Microsoft.Cpp\v4.0\V120\Microsoft.CppBuild.targets" with target "ResourceCompile" from project "C:\Program Files (x86)\MSBuild\Microsoft.Cpp\v4.0\V120\Microsoft.CppCommon.targets".
Overriding target "BeforeResGen" in project "C:\Program Files (x86)\MSBuild\12.0\bin\Microsoft.Common.CurrentVersion.targets" with target "BeforeResGen" from project "C:\Program Files (x86)\MSBuild\Microsoft.Cpp\v4.0\V120\Microsoft.CppCommon.targets".
Overriding target "ResGen" in project "C:\Program Files (x86)\MSBuild\12.0\bin\Microsoft.Common.CurrentVersion.targets" with target "ResGen" from project "C:\Program Files (x86)\MSBuild\Microsoft.Cpp\v4.0\V120\Microsoft.CppCommon.targets".
Overriding target "GenerateSatelliteAssemblies" in project "C:\Program Files (x86)\MSBuild\12.0\bin\Microsoft.Common.CurrentVersion.targets" with target "GenerateSatelliteAssemblies" from project "C:\Program Files (x86)\MSBuild\Microsoft.Cpp\v4.0\V120\Microsoft.CppCommon.targets".
Overriding target "Manifest" in project "C:\Program Files (x86)\MSBuild\Microsoft.Cpp\v4.0\V120\Microsoft.CppBuild.targets" with target "Manifest" from project "C:\Program Files (x86)\MSBuild\Microsoft.Cpp\v4.0\V120\Microsoft.CppCommon.targets".
Overriding target "XdcMake" in project "C:\Program Files (x86)\MSBuild\Microsoft.Cpp\v4.0\V120\Microsoft.CppBuild.targets" with target "XdcMake" from project "C:\Program Files (x86)\MSBuild\Microsoft.Cpp\v4.0\V120\Microsoft.CppCommon.targets".
Overriding target "BscMake" in project "C:\Program Files (x86)\MSBuild\Microsoft.Cpp\v4.0\V120\Microsoft.CppBuild.targets" with target "BscMake" from project "C:\Program Files (x86)\MSBuild\Microsoft.Cpp\v4.0\V120\Microsoft.CppCommon.targets".
Overriding target "ComputeMetaGenInputs" in project "C:\Program Files (x86)\MSBuild\Microsoft.Cpp\v4.0\V120\Microsoft.MetaGen.targets" with target "ComputeMetaGenInputs" from project "C:\Program Files (x86)\MSBuild\Microsoft.Cpp\v4.0\V120\Microsoft.CppCommon.targets".
Overriding target "GetNativeManifest" in project "C:\Program Files (x86)\MSBuild\12.0\bin\Microsoft.Common.CurrentVersion.targets" with target "GetNativeManifest" from project "C:\Program Files (x86)\MSBuild\Microsoft.Cpp\v4.0\V120\Microsoft.CppCommon.targets".
The target "AfterGenerateAppxManifest" listed in an AfterTargets attribute at "C:\Program Files (x86)\MSBuild\Microsoft\.NetNative\Microsoft.NetNative.targets (60,11)" does not exist in the project, and will be ignored.
The target "AfterGenerateAppxManifest" listed in an AfterTargets attribute at "C:\Program Files (x86)\MSBuild\Microsoft\.NetNative\Microsoft.NetNative.targets (108,11)" does not exist in the project, and will be ignored.
Project "C:\prod\SonarQube\cxx\sonar-cxx\integration-tests\testdata\googletest_bullseye_vs_project\pathhandling.sln" (1) is building "C:\prod\SonarQube\cxx\sonar-cxx\integration-tests\testdata\googletest_bullseye_vs_project\PathHandling\PathHandling.vcxproj" (2) on node 1 (default targets).
Building with tools version "12.0".
Project file contains ToolsVersion="4.0". This toolset may be unknown or missing, in which case you may be able to resolve this by installing the appropriate version of MSBuild, or the build may have been forced to a particular ToolsVersion for policy reasons. Treating the project as if it had ToolsVersion="12.0". For more information, please see http://go.microsoft.com/fwlink/?LinkId=293424.
Target "_CheckForInvalidConfigurationAndPlatform" in file "C:\Program Files (x86)\MSBuild\12.0\bin\Microsoft.Common.CurrentVersion.targets" from project "C:\prod\SonarQube\cxx\sonar-cxx\integration-tests\testdata\googletest_bullseye_vs_project\PathHandling\PathHandling.vcxproj" (entry point):
Task "Error" skipped, due to false condition; ( '$(_InvalidConfigurationError)' == 'true' ) was evaluated as ( '' == 'true' ).
Task "Warning" skipped, due to false condition; ( '$(_InvalidConfigurationWarning)' == 'true' ) was evaluated as ( '' == 'true' ).
Using "Message" task from assembly "Microsoft.Build.Tasks.v12.0, Version=12.0.0.0, Culture=neutral, PublicKeyToken=b03f5f7f11d50a3a".
Task "Message"
  Configuration=Debug
Done executing task "Message".
Task "Message"
  Platform=Win32
Done executing task "Message".
Task "Error" skipped, due to false condition; ('$(OutDir)' != '' and !HasTrailingSlash('$(OutDir)')) was evaluated as ('C:\prod\SonarQube\cxx\sonar-cxx\integration-tests\testdata\googletest_bullseye_vs_project\BuildDrop\v120\Win32\Debug\\' != '' and !HasTrailingSlash('C:\prod\SonarQube\cxx\sonar-cxx\integration-tests\testdata\googletest_bullseye_vs_project\BuildDrop\v120\Win32\Debug\\')).
Task "Error" skipped, due to false condition; ('$(BaseIntermediateOutputPath)' != '' and !HasTrailingSlash('$(BaseIntermediateOutputPath)')) was evaluated as ('obj\' != '' and !HasTrailingSlash('obj\')).
Task "Error" skipped, due to false condition; ('$(IntermediateOutputPath)' != '' and !HasTrailingSlash('$(IntermediateOutputPath)')) was evaluated as ('C:\prod\SonarQube\cxx\sonar-cxx\integration-tests\testdata\googletest_bullseye_vs_project\ObjDrop\pathhandling\v120\Debug\Win32\v120\PathHandling\' != '' and !HasTrailingSlash('C:\prod\SonarQube\cxx\sonar-cxx\integration-tests\testdata\googletest_bullseye_vs_project\ObjDrop\pathhandling\v120\Debug\Win32\v120\PathHandling\')).
Done building target "_CheckForInvalidConfigurationAndPlatform" in project "PathHandling.vcxproj".
Target "_PrepareForBuild" in file "C:\Program Files (x86)\MSBuild\Microsoft.Cpp\v4.0\V120\Microsoft.BuildSteps.Targets" from project "C:\prod\SonarQube\cxx\sonar-cxx\integration-tests\testdata\googletest_bullseye_vs_project\PathHandling\PathHandling.vcxproj" (target "Build" depends on it):
Task "CreateItem" skipped, due to false condition; ('%(CustomBuild.IncludeFileToTool)'!='') was evaluated as (''!='').
Done building target "_PrepareForBuild" in project "PathHandling.vcxproj".
Target "_PrepareForReferenceResolution" in file "C:\Program Files (x86)\MSBuild\Microsoft.Cpp\v4.0\V120\Microsoft.CppBuild.targets" from project "C:\prod\SonarQube\cxx\sonar-cxx\integration-tests\testdata\googletest_bullseye_vs_project\PathHandling\PathHandling.vcxproj" (target "ResolveReferences" depends on it):
Task "Message" skipped, due to false condition; ('$(_REFERENCE_DEBUG)'=='true') was evaluated as (''=='true').
Done building target "_PrepareForReferenceResolution" in project "PathHandling.vcxproj".
Target "ComputeCrtSDKReference" skipped, due to false condition; ('@(ClCompile)'!='' and '$(WindowsAppContainer)'=='true' and '$(UseCrtSDKReference)' != 'false') was evaluated as ('PathHandle.cpp'!='' and 'false'=='true' and '' != 'false').
Target "BeforeResolveReferences" in file "C:\Program Files (x86)\MSBuild\12.0\bin\Microsoft.Common.CurrentVersion.targets" from project "C:\prod\SonarQube\cxx\sonar-cxx\integration-tests\testdata\googletest_bullseye_vs_project\PathHandling\PathHandling.vcxproj" (target "ResolveReferences" depends on it):
Done building target "BeforeResolveReferences" in project "PathHandling.vcxproj".
Target "AssignProjectConfiguration" in file "C:\Program Files (x86)\MSBuild\12.0\bin\Microsoft.Common.CurrentVersion.targets" from project "C:\prod\SonarQube\cxx\sonar-cxx\integration-tests\testdata\googletest_bullseye_vs_project\PathHandling\PathHandling.vcxproj" (target "ResolveReferences" depends on it):
Using "AssignProjectConfiguration" task from assembly "Microsoft.Build.Tasks.v12.0, Version=12.0.0.0, Culture=neutral, PublicKeyToken=b03f5f7f11d50a3a".
Task "AssignProjectConfiguration"
Done executing task "AssignProjectConfiguration".
Done building target "AssignProjectConfiguration" in project "PathHandling.vcxproj".
Target "AssignProjectConfiguration" skipped. Previously built successfully.
Target "_SplitProjectReferencesByFileExistence" in file "C:\Program Files (x86)\MSBuild\12.0\bin\Microsoft.Common.CurrentVersion.targets" from project "C:\prod\SonarQube\cxx\sonar-cxx\integration-tests\testdata\googletest_bullseye_vs_project\PathHandling\PathHandling.vcxproj" (target "ResolveProjectReferences" depends on it):
Task "ResolveNonMSBuildProjectOutput" skipped, due to false condition; ('$(BuildingInsideVisualStudio)'=='true' and '@(ProjectReferenceWithConfiguration)'!='') was evaluated as (''=='true' and ''!='').
Done building target "_SplitProjectReferencesByFileExistence" in project "PathHandling.vcxproj".
Target "_RemoveNameMetadataFromProjectReferenceItems" skipped, due to false condition; ('@(ProjectReference)'!='') was evaluated as (''!='').
Target "ResolveProjectReferences" in file "C:\Program Files (x86)\MSBuild\12.0\bin\Microsoft.Common.CurrentVersion.targets" from project "C:\prod\SonarQube\cxx\sonar-cxx\integration-tests\testdata\googletest_bullseye_vs_project\PathHandling\PathHandling.vcxproj" (target "ResolveReferences" depends on it):
Task "MSBuild" skipped, due to false condition; ('%(_MSBuildProjectReferenceExistent.BuildReference)' == 'true' and '@(ProjectReferenceWithConfiguration)' != '' and ('$(BuildingInsideVisualStudio)' == 'true' or '$(BuildProjectReferences)' != 'true') and '$(VisualStudioVersion)' != '10.0' and '@(_MSBuildProjectReferenceExistent)' != '') was evaluated as ('' == 'true' and '' != '' and ('' == 'true' or 'true' != 'true') and '12.0' != '10.0' and '' != '').
Task "MSBuild" skipped, due to false condition; ('%(_MSBuildProjectReferenceExistent.BuildReference)' == 'true' and '@(ProjectReferenceWithConfiguration)' != '' and ('$(BuildingInsideVisualStudio)' == 'true' or '$(BuildProjectReferences)' != 'true') and '$(VisualStudioVersion)' == '10.0' and '@(_MSBuildProjectReferenceExistent)' != '') was evaluated as ('' == 'true' and '' != '' and ('' == 'true' or 'true' != 'true') and '12.0' == '10.0' and '' != '').
Task "MSBuild" skipped, due to false condition; ('%(_MSBuildProjectReferenceExistent.BuildReference)' == 'true' and '@(ProjectReferenceWithConfiguration)' != '' and '$(BuildingInsideVisualStudio)' != 'true' and '$(BuildProjectReferences)' == 'true' and '@(_MSBuildProjectReferenceExistent)' != '') was evaluated as ('' == 'true' and '' != '' and '' != 'true' and 'true' == 'true' and '' != '').
Task "MSBuild" skipped, due to false condition; ('%(_MSBuildProjectReferenceExistent.BuildReference)' == 'true' and '@(ProjectReferenceWithConfiguration)' != '' and '$(BuildingProject)' == 'true' and '@(_MSBuildProjectReferenceExistent)' != '') was evaluated as ('' == 'true' and '' != '' and 'true' == 'true' and '' != '').
Task "Warning" skipped, due to false condition; ('@(ProjectReferenceWithConfiguration)' != '' and '@(_MSBuildProjectReferenceNonexistent)' != '') was evaluated as ('' != '' and '' != '').
Done building target "ResolveProjectReferences" in project "PathHandling.vcxproj".
Target "FindInvalidProjectReferences" skipped, due to false condition; ('$(FindInvalidProjectReferences)' == 'true') was evaluated as ('' == 'true').
Target "ResolveNativeReferences" skipped, due to false condition; ('@(NativeReference)'!='') was evaluated as (''!='').
Target "_PrepareForReferenceResolution" skipped. Previously built successfully.
Target "GetFrameworkPaths" in file "C:\Program Files (x86)\MSBuild\12.0\bin\Microsoft.NetFramework.CurrentVersion.targets" from project "C:\prod\SonarQube\cxx\sonar-cxx\integration-tests\testdata\googletest_bullseye_vs_project\PathHandling\PathHandling.vcxproj" (target "ResolveAssemblyReferences" depends on it):
Done building target "GetFrameworkPaths" in project "PathHandling.vcxproj".
Target "GetWinFXPath" skipped, due to false condition; (('@(Page)' != '' or '@(ApplicationDefinition)' != '' or '@(Resource)' != '') and ('$(GetWinFXNativePath)' != '' or '$(GetWinFXWoWPath)' != '' )) was evaluated as (('' != '' or '' != '' or '' != '') and ('' != '' or '' != '' )).
Target "GetReferenceAssemblyPaths" in file "C:\Program Files (x86)\MSBuild\12.0\bin\Microsoft.Common.CurrentVersion.targets" from project "C:\prod\SonarQube\cxx\sonar-cxx\integration-tests\testdata\googletest_bullseye_vs_project\PathHandling\PathHandling.vcxproj" (target "ResolveAssemblyReferences" depends on it):
Task "GetReferenceAssemblyPaths" skipped, due to false condition; ('$(TargetFrameworkMoniker)' != '' and ('$(_TargetFrameworkDirectories)' == '' or '$(_FullFrameworkReferenceAssemblyPaths)' == '')) was evaluated as ('' != '' and ('C:\Program Files (x86)\Reference Assemblies\Microsoft\Framework\.NETFramework\v4.0' == '' or 'C:\Program Files (x86)\Reference Assemblies\Microsoft\Framework\.NETFramework\v4.0' == '')).
Done building target "GetReferenceAssemblyPaths" in project "PathHandling.vcxproj".
Target "SetBuildDefaultEnvironmentVariables" in file "C:\Program Files (x86)\MSBuild\Microsoft.Cpp\v4.0\V120\Microsoft.Cpp.targets" from project "C:\prod\SonarQube\cxx\sonar-cxx\integration-tests\testdata\googletest_bullseye_vs_project\PathHandling\PathHandling.vcxproj" (target "PrepareForBuild" depends on it):
Using "SetEnv" task from assembly "C:\Program Files (x86)\MSBuild\Microsoft.Cpp\v4.0\V120\Microsoft.Build.CppTasks.Common.dll".
Task "SetEnv"
  PATH=C:\Program Files (x86)\Microsoft Visual Studio 12.0\VC\bin;C:\Program Files (x86)\Windows Kits\8.1\bin\x86;;C:\Program Files (x86)\Microsoft SDKs\Windows\v8.1A\bin\NETFX 4.5.1 Tools;C:\Program Files (x86)\Microsoft Visual Studio 12.0\Common7\Tools\bin;C:\Program Files (x86)\Microsoft Visual Studio 12.0\Common7\tools;C:\Program Files (x86)\Microsoft Visual Studio 12.0\Common7\ide;C:\Program Files (x86)\HTML Help Workshop;;C:\Program Files (x86)\MSBuild\12.0\bin\;C:\Windows\Microsoft.NET\Framework\v4.0.30319\;C:\Windows\SysWow64;;C:\Program Files (x86)\Microsoft Visual Studio 12.0\Common7\IDE\CommonExtensions\Microsoft\TestWindow;C:\Program Files (x86)\Microsoft SDKs\F#\3.1\Framework\v4.0\;C:\Program Files (x86)\Microsoft SDKs\TypeScript\1.0;C:\Program Files (x86)\MSBuild\12.0\bin;C:\Program Files (x86)\Microsoft Visual Studio 12.0\Common7\IDE\;C:\Program Files (x86)\Microsoft Visual Studio 12.0\VC\BIN;C:\Program Files (x86)\Microsoft Visual Studio 12.0\Common7\Tools;C:\Windows\Microsoft.NET\Framework\v4.0.30319;C:\Program Files (x86)\Microsoft Visual Studio 12.0\VC\VCPackages;C:\Program Files (x86)\HTML Help Workshop;C:\Program Files (x86)\Microsoft Visual Studio 12.0\Team Tools\Performance Tools;C:\Program Files (x86)\Windows Kits\8.1\bin\x86;C:\Program Files (x86)\Microsoft SDKs\Windows\v8.1A\bin\NETFX 4.5.1 Tools\;C:\ProgramData\Oracle\Java\javapath;C:\Program Files (x86)\Intel\iCLS Client\;C:\Program Files\Intel\iCLS Client\;C:\Windows\system32;C:\Windows;C:\Windows\System32\Wbem;C:\Windows\System32\WindowsPowerShell\v1.0\;C:\Windows\CCM;C:\Windows\CCM;C:\Program Files\Intel\Intel(R) Management Engine Components\DAL;C:\Program Files (x86)\Intel\Intel(R) Management Engine Components\DAL;C:\Program Files\Intel\Intel(R) Management Engine Components\IPT;C:\Program Files (x86)\Intel\Intel(R) Management Engine Components\IPT;C:\Program Files (x86)\Git\cmd;C:\Program Files (x86)\GitExtensions\;C:\Program Files (x86)\Seapine\TestTrack;C:\Program Files (x86)\Windows Kits\8.1\Windows Performance Toolkit\;C:\Program Files\Microsoft SQL Server\120\Tools\Binn\;C:\Program Files (x86)\Microsoft SDKs\TypeScript\1.4\;C:\Program Files\Microsoft SQL Server\110\Tools\Binn\;C:\Program Files (x86)\Microsoft SDKs\TypeScript\1.0\;C:\Program Files\Java\jdk1.8.0_31\bin;C:\sw\apache-maven-3.2.5\bin;C:\sw\sonar-scanner-2.6\bin;
Done executing task "SetEnv".
Task "SetEnv"
  LIB=C:\Program Files (x86)\Microsoft Visual Studio 12.0\VC\lib;C:\Program Files (x86)\Microsoft Visual Studio 12.0\VC\atlmfc\lib;C:\Program Files (x86)\Windows Kits\8.1\lib\winv6.3\um\x86;;
Done executing task "SetEnv".
Task "SetEnv"
  LIBPATH=C:\Program Files (x86)\Microsoft Visual Studio 12.0\VC\atlmfc\lib;C:\Program Files (x86)\Microsoft Visual Studio 12.0\VC\lib;
Done executing task "SetEnv".
Task "SetEnv"
  INCLUDE=C:\Program Files (x86)\Microsoft Visual Studio 12.0\VC\include;C:\Program Files (x86)\Microsoft Visual Studio 12.0\VC\atlmfc\include;C:\Program Files (x86)\Windows Kits\8.1\Include\um;C:\Program Files (x86)\Windows Kits\8.1\Include\shared;C:\Program Files (x86)\Windows Kits\8.1\Include\winrt;;
Done executing task "SetEnv".
Done building target "SetBuildDefaultEnvironmentVariables" in project "PathHandling.vcxproj".
Target "SetUserMacroEnvironmentVariables" skipped, due to false condition; ('@(BuildMacro)' != '') was evaluated as ('' != '').
Target "GetResolvedWinMD" in file "C:\Program Files (x86)\MSBuild\Microsoft.Cpp\v4.0\V120\Microsoft.CppBuild.targets" from project "C:\prod\SonarQube\cxx\sonar-cxx\integration-tests\testdata\googletest_bullseye_vs_project\PathHandling\PathHandling.vcxproj" (target "PrepareForBuild" depends on it):
Done building target "GetResolvedWinMD" in project "PathHandling.vcxproj".
Target "PlatformPrepareForBuild" in file "C:\Program Files (x86)\MSBuild\Microsoft.Cpp\v4.0\V120\Microsoft.Cpp.Platform.targets" from project "C:\prod\SonarQube\cxx\sonar-cxx\integration-tests\testdata\googletest_bullseye_vs_project\PathHandling\PathHandling.vcxproj" (target "PrepareForBuild" depends on it):
Task "VCMessage" skipped, due to false condition; ('$(_Error64bitToolsNotInstalled)' == 'true') was evaluated as ('' == 'true').
Task "VCMessage" skipped, due to false condition; ('$(ConfigurationPlatformExists)' != 'true') was evaluated as ('true' != 'true').
Task "VCMessage" skipped, due to false condition; ('$(ToolsetTargetsFound)' != 'true') was evaluated as ('true' != 'true').
Done building target "PlatformPrepareForBuild" in project "PathHandling.vcxproj".
Target "GetFrameworkPaths" skipped. Previously built successfully.
Target "GetReferenceAssemblyPaths" skipped. Previously built successfully.
Target "AssignLinkMetadata" skipped, due to false condition; ( '$(SynthesizeLinkMetadata)' == 'true' ) was evaluated as ( '' == 'true' ).
Target "SetCABuildNativeEnvironmentVariables" in file "C:\Program Files (x86)\MSBuild\Microsoft\VisualStudio\v12.0\CodeAnalysis\Microsoft.CodeAnalysis.targets" from project "C:\prod\SonarQube\cxx\sonar-cxx\integration-tests\testdata\googletest_bullseye_vs_project\PathHandling\PathHandling.vcxproj" (target "PrepareForBuild" depends on it):
Initializing task factory "CodeTaskFactory" from assembly "C:\Program Files (x86)\MSBuild\12.0\bin\Microsoft.Build.Tasks.v12.0.dll".
Using "SetEnvironmentVariable" task from the task factory "Code Task Factory".
Task "SetEnvironmentVariable"
Done executing task "SetEnvironmentVariable".
Done building target "SetCABuildNativeEnvironmentVariables" in project "PathHandling.vcxproj".
Target "PrepareForBuild" in file "C:\Program Files (x86)\MSBuild\Microsoft.Cpp\v4.0\V120\Microsoft.CppBuild.targets" from project "C:\prod\SonarQube\cxx\sonar-cxx\integration-tests\testdata\googletest_bullseye_vs_project\PathHandling\PathHandling.vcxproj" (target "ResolveAssemblyReferences" depends on it):
Task "VCMessage" skipped, due to false condition; ('$(DesignTimeBuild)' != 'true' and '$(ConfigurationPlatformExists)' != 'true') was evaluated as ('' != 'true' and 'true' != 'true').
Using "MakeDir" task from assembly "Microsoft.Build.Tasks.v12.0, Version=12.0.0.0, Culture=neutral, PublicKeyToken=b03f5f7f11d50a3a".
Task "MakeDir"
Done executing task "MakeDir".
Task "VCMessage" skipped, due to false condition; ('$(DesignTimeBuild)'!='true' and '$(WindowsAppContainer)'=='true' and '$(ConfigurationType)'!='Application' and '$(ConfigurationType)'!='DynamicLibrary' and '$(ConfigurationType)'!='StaticLibrary') was evaluated as (''!='true' and 'false'=='true' and 'StaticLibrary'!='Application' and 'StaticLibrary'!='DynamicLibrary' and 'StaticLibrary'!='StaticLibrary').
Task "VCMessage" skipped, due to false condition; ('$(DesignTimeBuild)'!='true' and '$(VCInstallDir)'=='' and '$(UseEnv)' != 'true' and ('$(TargetFrameworkVersion)'=='v3.5' or '$(TargetFrameworkVersion)'=='v3.0' or '$(TargetFrameworkVersion)'=='v2.0' )) was evaluated as (''!='true' and 'C:\Program Files (x86)\Microsoft Visual Studio 12.0\VC\'=='' and '' != 'true' and ('v4.0'=='v3.5' or 'v4.0'=='v3.0' or 'v4.0'=='v2.0' )).
Task "VCMessage" skipped, due to false condition; ('$(DesignTimeBuild)'!='true' and '$(VCInstallDir)'=='' and '$(UseEnv)' != 'true' and '$(PlatformToolset)'=='v90') was evaluated as (''!='true' and 'C:\Program Files (x86)\Microsoft Visual Studio 12.0\VC\'=='' and '' != 'true' and 'v120'=='v90').
Task "VCMessage" skipped, due to false condition; ('$(VCInstallDir)'=='' and '$(UseEnv)' != 'true') was evaluated as ('C:\Program Files (x86)\Microsoft Visual Studio 12.0\VC\'=='' and '' != 'true').
Task "VCMessage" skipped, due to false condition; ('$(WindowsSDKDir)'=='' and '$(UseEnv)' != 'true') was evaluated as ('C:\Program Files (x86)\Windows Kits\8.1\'=='' and '' != 'true').
Task "VCMessage" skipped, due to false condition; ('$(IntDirTrailingSlashWarning)'=='true') was evaluated as (''=='true').
Task "VCMessage" skipped, due to false condition; ('$(OutDirTrailingSlashWarning)'=='true') was evaluated as (''=='true').
Task "VCMessage" skipped, due to false condition; ('%(CompatibilityIssues.Identity)' != '' and '$(DesignTimeBuild)'!='true') was evaluated as ('' != '' and ''!='true').
Task "VCMessage" skipped, due to false condition; ('$(_MBCS_Using)' == 'true' and '$(_MBCS_Installed)' != 'true' and '$(DesignTimeBuild)' != 'true') was evaluated as ('' == 'true' and '' != 'true' and '' != 'true').
Task "VCMessage" skipped, due to false condition; ('$(IgnoreWarnIntDirSharingDetected)' != 'true' and '$(IntDirSharingDetected)' == 'true') was evaluated as ('' != 'true' and '' == 'true').
Task "VCMessage" skipped, due to false condition; ('$(IgnoreWarnIntDirInTempDetected)' != 'true' and ('$(_IntDirFullpath.StartsWith($(Tmp), true, null))' == 'true' or '$(_IntDirFullpath.StartsWith($(Temp), true, null))' == 'true' or '$(_OutDirFullpath.StartsWith($(Tmp), true, null))' == 'true' or '$(_OutDirFullpath.StartsWith($(Temp), true, null))' == 'true')) was evaluated as ('' != 'true' and ('False' == 'true' or 'False' == 'true' or 'False' == 'true' or 'False' == 'true')).
Task "MakeDir"
Done executing task "MakeDir".
Done building target "PrepareForBuild" in project "PathHandling.vcxproj".
Target "_PrepareForReferenceResolution" skipped. Previously built successfully.
Target "ComputeCrtSDKReference" skipped, due to false condition; ('@(ClCompile)'!='' and '$(WindowsAppContainer)'=='true' and '$(UseCrtSDKReference)' != 'false') was evaluated as ('PathHandle.cpp'!='' and 'false'=='true' and '' != 'false').
Target "GetInstalledSDKLocations" in file "C:\Program Files (x86)\MSBuild\12.0\bin\Microsoft.Common.CurrentVersion.targets" from project "C:\prod\SonarQube\cxx\sonar-cxx\integration-tests\testdata\googletest_bullseye_vs_project\PathHandling\PathHandling.vcxproj" (target "ResolveSDKReferences" depends on it):
Task "GetInstalledSDKLocations" skipped, due to false condition; ('@(SDKReference)' != '') was evaluated as ('' != '').
Done building target "GetInstalledSDKLocations" in project "PathHandling.vcxproj".
Target "ResolveSDKReferences" in file "C:\Program Files (x86)\MSBuild\12.0\bin\Microsoft.Common.CurrentVersion.targets" from project "C:\prod\SonarQube\cxx\sonar-cxx\integration-tests\testdata\googletest_bullseye_vs_project\PathHandling\PathHandling.vcxproj" (target "ResolveAssemblyReferences" depends on it):
Task "ResolveSDKReference" skipped, due to false condition; ('@(SDKReference)'!='') was evaluated as (''!='').
Done building target "ResolveSDKReferences" in project "PathHandling.vcxproj".
Target "ResolveSDKReferences" skipped. Previously built successfully.
Target "ExpandSDKReferences" in file "C:\Program Files (x86)\MSBuild\12.0\bin\Microsoft.Common.CurrentVersion.targets" from project "C:\prod\SonarQube\cxx\sonar-cxx\integration-tests\testdata\googletest_bullseye_vs_project\PathHandling\PathHandling.vcxproj" (target "ResolveAssemblyReferences" depends on it):
Task "GetSDKReferenceFiles" skipped, due to false condition; ('@(ResolvedSDKReference)'!='') was evaluated as (''!='').
Done building target "ExpandSDKReferences" in project "PathHandling.vcxproj".
Target "FakesGenerateBeforeBuild" skipped, due to false condition; (@(Fakes) != '' AND $(BuildingProject)) was evaluated as ( != '' AND true).
Target "ResolveAssemblyReferences" in file "C:\Program Files (x86)\MSBuild\12.0\bin\Microsoft.Common.CurrentVersion.targets" from project "C:\prod\SonarQube\cxx\sonar-cxx\integration-tests\testdata\googletest_bullseye_vs_project\PathHandling\PathHandling.vcxproj" (target "ResolveReferences" depends on it):
Task "ResolveAssemblyReference" skipped, due to false condition; ('@(Reference)'!='' or '@(_ResolvedProjectReferencePaths)'!='' or '@(_ExplicitReference)' != '') was evaluated as (''!='' or ''!='' or '' != '').
Done building target "ResolveAssemblyReferences" in project "PathHandling.vcxproj".
Target "GenerateBindingRedirects" skipped, due to false condition; ('$(AutoGenerateBindingRedirects)' == 'true' and '$(GenerateBindingRedirectsOutputType)' == 'true') was evaluated as ('' == 'true' and '' == 'true').
Target "GenerateBindingRedirectsUpdateAppConfig" skipped, due to false condition; ('$(AutoGenerateBindingRedirects)' == 'true' and '$(GenerateBindingRedirectsOutputType)' == 'true' and Exists('$(_GenerateBindingRedirectsIntermediateAppConfig)')) was evaluated as ('' == 'true' and '' == 'true' and Exists('C:\prod\SonarQube\cxx\sonar-cxx\integration-tests\testdata\googletest_bullseye_vs_project\ObjDrop\pathhandling\v120\Debug\Win32\v120\PathHandling\PathHandling.vcxproj.PathHandling.lib.config')).
Target "ResolveComReferences" skipped, due to false condition; ('@(COMReference)'!='' or '@(COMFileReference)'!='') was evaluated as (''!='' or ''!='').
Target "AfterResolveReferences" in file "C:\Program Files (x86)\MSBuild\12.0\bin\Microsoft.Common.CurrentVersion.targets" from project "C:\prod\SonarQube\cxx\sonar-cxx\integration-tests\testdata\googletest_bullseye_vs_project\PathHandling\PathHandling.vcxproj" (target "ResolveReferences" depends on it):
Done building target "AfterResolveReferences" in project "PathHandling.vcxproj".
Target "ImplicitlyExpandDesignTimeFacades" skipped, due to false condition; ('$(ImplicitlyExpandDesignTimeFacades)' == 'true') was evaluated as ('' == 'true').
Target "ResolveTestReferences" skipped, due to false condition; ('@(Shadow)'!='') was evaluated as (''!='').
Target "ResolveReferences" in file "C:\Program Files (x86)\MSBuild\12.0\bin\Microsoft.Common.CurrentVersion.targets" from project "C:\prod\SonarQube\cxx\sonar-cxx\integration-tests\testdata\googletest_bullseye_vs_project\PathHandling\PathHandling.vcxproj" (target "Build" depends on it):
Done building target "ResolveReferences" in project "PathHandling.vcxproj".
Target "PrepareForBuild" skipped. Previously built successfully.
Target "PrepareForBuild" skipped. Previously built successfully.
Target "InitializeBuildStatus" in file "C:\Program Files (x86)\MSBuild\Microsoft.Cpp\v4.0\V120\Microsoft.CppBuild.targets" from project "C:\prod\SonarQube\cxx\sonar-cxx\integration-tests\testdata\googletest_bullseye_vs_project\PathHandling\PathHandling.vcxproj" (target "Build" depends on it):
Using "ReadLinesFromFile" task from assembly "Microsoft.Build.Tasks.v12.0, Version=12.0.0.0, Culture=neutral, PublicKeyToken=b03f5f7f11d50a3a".
Task "ReadLinesFromFile"
Done executing task "ReadLinesFromFile".
Using "WriteLinesToFile" task from assembly "Microsoft.Build.Tasks.v12.0, Version=12.0.0.0, Culture=neutral, PublicKeyToken=b03f5f7f11d50a3a".
Task "WriteLinesToFile"
Done executing task "WriteLinesToFile".
Using "Touch" task from assembly "Microsoft.Build.Tasks.v12.0, Version=12.0.0.0, Culture=neutral, PublicKeyToken=b03f5f7f11d50a3a".
Task "Touch"
  Creating "C:\prod\SonarQube\cxx\sonar-cxx\integration-tests\testdata\googletest_bullseye_vs_project\ObjDrop\pathhandling\v120\Debug\Win32\v120\PathHandling\PathHandling.tlog\unsuccessfulbuild" because "AlwaysCreate" was specified.
Done executing task "Touch".
Done building target "InitializeBuildStatus" in project "PathHandling.vcxproj".
Target "AssignProjectConfiguration" skipped. Previously built successfully.
Target "_SplitProjectReferencesByFileExistence" skipped. Previously built successfully.
Target "BuildGenerateSourcesTraverse" in file "C:\Program Files (x86)\MSBuild\12.0\bin\Microsoft.Common.CurrentVersion.targets" from project "C:\prod\SonarQube\cxx\sonar-cxx\integration-tests\testdata\googletest_bullseye_vs_project\PathHandling\PathHandling.vcxproj" (target "BuildGenerateSources" depends on it):
Task "MSBuild" skipped, due to false condition; ('$(BuildPassReferences)' == 'true' and '@(ProjectReferenceWithConfiguration)' != '' and '@(_MSBuildProjectReferenceExistent)' != '' and '%(_MSBuildProjectReferenceExistent.BuildReference)' == 'true') was evaluated as ('' == 'true' and '' != '' and '' != '' and '' == 'true').
Done building target "BuildGenerateSourcesTraverse" in project "PathHandling.vcxproj".
Target "PrepareForBuild" skipped. Previously built successfully.
Target "ResolveReferences" skipped. Previously built successfully.
Target "BeforeBuildGenerateSources" in file "C:\Program Files (x86)\MSBuild\Microsoft.Cpp\v4.0\V120\Microsoft.BuildSteps.Targets" from project "C:\prod\SonarQube\cxx\sonar-cxx\integration-tests\testdata\googletest_bullseye_vs_project\PathHandling\PathHandling.vcxproj" (target "_BuildGenerateSourcesAction" depends on it):
Done building target "BeforeBuildGenerateSources" in project "PathHandling.vcxproj".
Target "PreBuildEvent" in file "C:\Program Files (x86)\MSBuild\Microsoft.Cpp\v4.0\V120\Microsoft.CppCommon.targets" from project "C:\prod\SonarQube\cxx\sonar-cxx\integration-tests\testdata\googletest_bullseye_vs_project\PathHandling\PathHandling.vcxproj" (target "_BuildGenerateSourcesAction" depends on it):
Task "Message" skipped, due to false condition; ('%(PreBuildEvent.Message)' != '' and '%(PreBuildEvent.Command)' != '') was evaluated as ('' != '' and '' != '').
Task "Exec" skipped, due to false condition; ('%(PreBuildEvent.Command)' != '') was evaluated as ('' != '').
Done building target "PreBuildEvent" in project "PathHandling.vcxproj".
Target "CustomBuild" skipped, due to false condition; ('@(CustomBuild)' != '') was evaluated as ('' != '').
Target "FxCompile" skipped, due to false condition; ('@(FxCompile)' != '') was evaluated as ('' != '').
Target "Xsd" skipped, due to false condition; ('@(Xsd)' != '') was evaluated as ('' != '').
Target "_Xsd" in file "C:\Program Files (x86)\MSBuild\Microsoft.Cpp\v4.0\V120\Microsoft.CppBuild.targets" from project "C:\prod\SonarQube\cxx\sonar-cxx\integration-tests\testdata\googletest_bullseye_vs_project\PathHandling\PathHandling.vcxproj" (target "_BuildGenerateSourcesAction" depends on it):
Done building target "_Xsd" in project "PathHandling.vcxproj".
Target "MakeDirsForMidl" in file "C:\Program Files (x86)\MSBuild\Microsoft.Cpp\v4.0\V120\Microsoft.CppBuild.targets" from project "C:\prod\SonarQube\cxx\sonar-cxx\integration-tests\testdata\googletest_bullseye_vs_project\PathHandling\PathHandling.vcxproj" (target "_Midl" depends on it):
Task "Makedir"
Done executing task "Makedir".
Done building target "MakeDirsForMidl" in project "PathHandling.vcxproj".
Target "Midl" skipped, due to false condition; ('@(Midl)' != '') was evaluated as ('' != '').
Target "CustomBuild" skipped, due to false condition; ('@(CustomBuild)' != '') was evaluated as ('' != '').
Target "FxCompile" skipped, due to false condition; ('@(FxCompile)' != '') was evaluated as ('' != '').
Target "ComputeMIDLGeneratedCompileInputs" in file "C:\Program Files (x86)\MSBuild\Microsoft.Cpp\v4.0\V120\Microsoft.CppBuild.targets" from project "C:\prod\SonarQube\cxx\sonar-cxx\integration-tests\testdata\googletest_bullseye_vs_project\PathHandling\PathHandling.vcxproj" (target "_Midl" depends on it):
Done building target "ComputeMIDLGeneratedCompileInputs" in project "PathHandling.vcxproj".
Target "AfterMidl" in file "C:\Program Files (x86)\MSBuild\Microsoft.Cpp\v4.0\V120\Microsoft.CppBuild.targets" from project "C:\prod\SonarQube\cxx\sonar-cxx\integration-tests\testdata\googletest_bullseye_vs_project\PathHandling\PathHandling.vcxproj" (target "_Midl" depends on it):
Done building target "AfterMidl" in project "PathHandling.vcxproj".
Target "_Midl" in file "C:\Program Files (x86)\MSBuild\Microsoft.Cpp\v4.0\V120\Microsoft.CppBuild.targets" from project "C:\prod\SonarQube\cxx\sonar-cxx\integration-tests\testdata\googletest_bullseye_vs_project\PathHandling\PathHandling.vcxproj" (target "_BuildGenerateSourcesAction" depends on it):
Done building target "_Midl" in project "PathHandling.vcxproj".
Target "AfterBuildGenerateSources" in file "C:\Program Files (x86)\MSBuild\Microsoft.Cpp\v4.0\V120\Microsoft.BuildSteps.Targets" from project "C:\prod\SonarQube\cxx\sonar-cxx\integration-tests\testdata\googletest_bullseye_vs_project\PathHandling\PathHandling.vcxproj" (target "_BuildGenerateSourcesAction" depends on it):
Done building target "AfterBuildGenerateSources" in project "PathHandling.vcxproj".
Target "AfterBuildGenerateSourcesEvent" in file "C:\Program Files (x86)\MSBuild\Microsoft.Cpp\v4.0\V120\Microsoft.CppBuild.targets" from project "C:\prod\SonarQube\cxx\sonar-cxx\integration-tests\testdata\googletest_bullseye_vs_project\PathHandling\PathHandling.vcxproj" (target "_BuildGenerateSourcesAction" depends on it):
Done building target "AfterBuildGenerateSourcesEvent" in project "PathHandling.vcxproj".
Target "_BuildGenerateSourcesAction" in file "C:\Program Files (x86)\MSBuild\Microsoft.Cpp\v4.0\V120\Microsoft.CppBuild.targets" from project "C:\prod\SonarQube\cxx\sonar-cxx\integration-tests\testdata\googletest_bullseye_vs_project\PathHandling\PathHandling.vcxproj" (target "BuildGenerateSources" depends on it):
Done building target "_BuildGenerateSourcesAction" in project "PathHandling.vcxproj".
Target "BuildGenerateSources" in file "C:\Program Files (x86)\MSBuild\12.0\bin\Microsoft.Common.CurrentVersion.targets" from project "C:\prod\SonarQube\cxx\sonar-cxx\integration-tests\testdata\googletest_bullseye_vs_project\PathHandling\PathHandling.vcxproj" (target "Build" depends on it):
Done building target "BuildGenerateSources" in project "PathHandling.vcxproj".
Target "AssignProjectConfiguration" skipped. Previously built successfully.
Target "_SplitProjectReferencesByFileExistence" skipped. Previously built successfully.
Target "BuildCompileTraverse" in file "C:\Program Files (x86)\MSBuild\12.0\bin\Microsoft.Common.CurrentVersion.targets" from project "C:\prod\SonarQube\cxx\sonar-cxx\integration-tests\testdata\googletest_bullseye_vs_project\PathHandling\PathHandling.vcxproj" (target "BuildCompile" depends on it):
Task "MSBuild" skipped, due to false condition; ('$(BuildPassReferences)' == 'true' and '@(ProjectReferenceWithConfiguration)' != '' and '@(_MSBuildProjectReferenceExistent)' != ''  and '%(_MSBuildProjectReferenceExistent.BuildReference)' == 'true') was evaluated as ('' == 'true' and '' != '' and '' != ''  and '' == 'true').
Done building target "BuildCompileTraverse" in project "PathHandling.vcxproj".
Target "PrepareForBuild" skipped. Previously built successfully.
Target "ResolveReferences" skipped. Previously built successfully.
Target "BeforeClCompile" in file "C:\Program Files (x86)\MSBuild\Microsoft.Cpp\v4.0\V120\Microsoft.CppBuild.targets" from project "C:\prod\SonarQube\cxx\sonar-cxx\integration-tests\testdata\googletest_bullseye_vs_project\PathHandling\PathHandling.vcxproj" (target "_ClCompile" depends on it):
Done building target "BeforeClCompile" in project "PathHandling.vcxproj".
Target "ComputeMIDLGeneratedCompileInputs" skipped. Previously built successfully.
Target "ComputeCLInputPDBName" in file "C:\Program Files (x86)\MSBuild\Microsoft.Cpp\v4.0\V120\Microsoft.CppBuild.targets" from project "C:\prod\SonarQube\cxx\sonar-cxx\integration-tests\testdata\googletest_bullseye_vs_project\PathHandling\PathHandling.vcxproj" (target "_ClCompile" depends on it):
Done building target "ComputeCLInputPDBName" in project "PathHandling.vcxproj".
Target "ResolveReferences" skipped. Previously built successfully.
Target "ComputeReferenceCLInput" in file "C:\Program Files (x86)\MSBuild\Microsoft.Cpp\v4.0\V120\Microsoft.CppBuild.targets" from project "C:\prod\SonarQube\cxx\sonar-cxx\integration-tests\testdata\googletest_bullseye_vs_project\PathHandling\PathHandling.vcxproj" (target "_ClCompile" depends on it):
Task "WriteLinesToFile" skipped, due to false condition; (('@(_ReferenceCopyLocalPaths)'!='') and '$(DesignTimeBuild)' != 'true') was evaluated as ((''!='') and '' != 'true').
Task "Message" skipped, due to false condition; ('$(_REFERENCE_DEBUG)'=='true') was evaluated as (''=='true').
Done building target "ComputeReferenceCLInput" in project "PathHandling.vcxproj".
Target "WarnCompileDuplicatedFilename" in file "C:\Program Files (x86)\MSBuild\Microsoft.Cpp\v4.0\V120\Microsoft.CppBuild.targets" from project "C:\prod\SonarQube\cxx\sonar-cxx\integration-tests\testdata\googletest_bullseye_vs_project\PathHandling\PathHandling.vcxproj" (target "_ClCompile" depends on it):
Task "VCMessage" skipped, due to false condition; ('%(ClCompile.ExcludedFromBuild)' != 'true' and '%(Filename)%(Extension)' != '@(ClCompile->'%(Filename)%(Extension)')' and '%(ObjectFileName)' == '@(ClCompile->Metadata(ObjectFileName)->Distinct())') was evaluated as ('' != 'true' and 'PathHandle.cpp' != 'PathHandle.cpp' and 'C:\prod\SonarQube\cxx\sonar-cxx\integration-tests\testdata\googletest_bullseye_vs_project\ObjDrop\pathhandling\v120\Debug\Win32\v120\PathHandling\' == 'C:\prod\SonarQube\cxx\sonar-cxx\integration-tests\testdata\googletest_bullseye_vs_project\ObjDrop\pathhandling\v120\Debug\Win32\v120\PathHandling\').
Done building target "WarnCompileDuplicatedFilename" in project "PathHandling.vcxproj".
Target "MakeDirsForCl" in file "C:\Program Files (x86)\MSBuild\Microsoft.Cpp\v4.0\V120\Microsoft.CppBuild.targets" from project "C:\prod\SonarQube\cxx\sonar-cxx\integration-tests\testdata\googletest_bullseye_vs_project\PathHandling\PathHandling.vcxproj" (target "_ClCompile" depends on it):
Task "MakeDir"
Done executing task "MakeDir".
Done building target "MakeDirsForCl" in project "PathHandling.vcxproj".
Target "PrepareForBuild" skipped. Previously built successfully.
Target "SetBuildDefaultEnvironmentVariables" skipped. Previously built successfully.
Target "SetUserMacroEnvironmentVariables" skipped, due to false condition; ('@(BuildMacro)' != '') was evaluated as ('' != '').
Target "_SelectedFiles" in file "C:\Program Files (x86)\MSBuild\Microsoft.Cpp\v4.0\V120\Microsoft.CppBuild.targets" from project "C:\prod\SonarQube\cxx\sonar-cxx\integration-tests\testdata\googletest_bullseye_vs_project\PathHandling\PathHandling.vcxproj" (target "SelectClCompile" depends on it):
Done building target "_SelectedFiles" in project "PathHandling.vcxproj".
Target "ComputeMIDLGeneratedCompileInputs" skipped. Previously built successfully.
Target "ComputeCLInputPDBName" skipped. Previously built successfully.
Target "ComputeReferenceCLInput" skipped. Previously built successfully.
Target "WarnCompileDuplicatedFilename" skipped. Previously built successfully.
Target "_SelectedFiles" skipped. Previously built successfully.
Target "SelectCustomBuild" in file "C:\Program Files (x86)\MSBuild\Microsoft.Cpp\v4.0\V120\Microsoft.CppBuild.targets" from project "C:\prod\SonarQube\cxx\sonar-cxx\integration-tests\testdata\googletest_bullseye_vs_project\PathHandling\PathHandling.vcxproj" (target "SelectClCompile" depends on it):
Done building target "SelectCustomBuild" in project "PathHandling.vcxproj".
Target "SelectClCompile" in file "C:\Program Files (x86)\MSBuild\Microsoft.Cpp\v4.0\V120\Microsoft.CppBuild.targets" from project "C:\prod\SonarQube\cxx\sonar-cxx\integration-tests\testdata\googletest_bullseye_vs_project\PathHandling\PathHandling.vcxproj" (target "ClCompile" depends on it):
Done building target "SelectClCompile" in project "PathHandling.vcxproj".
Target "GenerateTargetFrameworkMonikerAttribute" skipped, due to false condition; ('$(GenerateTargetFrameworkAttribute)' == 'true') was evaluated as ('false' == 'true').
Target "ManagedIncrementalBuildPreProcessDependencyGraph" skipped, due to false condition; ('@(ClCompile)' != '' and '$(EnableManagedIncrementalBuild)' == 'True') was evaluated as ('PathHandle.cpp' != '' and 'false' == 'True').
Target "ClCompile" in file "C:\Program Files (x86)\MSBuild\Microsoft.Cpp\v4.0\V120\Microsoft.CppCommon.targets" from project "C:\prod\SonarQube\cxx\sonar-cxx\integration-tests\testdata\googletest_bullseye_vs_project\PathHandling\PathHandling.vcxproj" (target "_ClCompile" depends on it):
Task "Delete" skipped, due to false condition; ('%(ClCompile.DebugInformationFormat)' != '' and '%(ClCompile.DebugInformationFormat)' != 'OldStyle' and '%(ClCompile.ProgramDataBaseFileName)' != '' and !Exists(%(ClCompile.ProgramDataBaseFileName))) was evaluated as ('OldStyle' != '' and 'OldStyle' != 'OldStyle' and 'C:\prod\SonarQube\cxx\sonar-cxx\integration-tests\testdata\googletest_bullseye_vs_project\ObjDrop\pathhandling\v120\Debug\Win32\v120\PathHandling\vc120.pdb' != '' and !Exists(C:\prod\SonarQube\cxx\sonar-cxx\integration-tests\testdata\googletest_bullseye_vs_project\ObjDrop\pathhandling\v120\Debug\Win32\v120\PathHandling\vc120.pdb)).
Task "CL" skipped, due to false condition; ('%(ClCompile.PrecompiledHeader)' == 'Create' and '%(ClCompile.ExcludedFromBuild)'!='true' and '%(ClCompile.CompilerIteration)' == '') was evaluated as ('' == 'Create' and ''!='true' and '' == '').
Using "CL" task from assembly "C:\Program Files (x86)\MSBuild\Microsoft.Cpp\v4.0\V120\Microsoft.Build.CppTasks.Common.dll".
Task "CL"
  Forcing rebuild of all source files due to missing command TLog "C:\prod\SonarQube\cxx\sonar-cxx\integration-tests\testdata\googletest_bullseye_vs_project\ObjDrop\pathhandling\v120\Debug\Win32\v120\PathHandling\PathHandling.tlog\cl.command.1.tlog".
  C:\Program Files (x86)\Microsoft Visual Studio 12.0\VC\bin\CL.exe /c /I"C:\Program Files (x86)\MSBuild\Microsoft.Cpp\v4.0\V120\" /I"C:\source\nuget.3.0.0-alpha001-48-1\build\native\../..//build/native/include/" /I.\interface /I..\tools\interface /I..\memlib\interface /I.. /Z7 /nologo /W1 /WX- /Od /Oy- /D NT /D OS_NT /D WIN32 /D _MBCS /D ANSI_HEADER /D USEMEMLIB /D _MBCS /Gm- /EHsc /MD /GS /fp:precise /Zc:wchar_t /Zc:forScope /GR /Fo"C:\prod\SonarQube\cxx\sonar-cxx\integration-tests\testdata\googletest_bullseye_vs_project\ObjDrop\pathhandling\v120\Debug\Win32\v120\PathHandling\\" /Fd"C:\prod\SonarQube\cxx\sonar-cxx\integration-tests\testdata\googletest_bullseye_vs_project\ObjDrop\pathhandling\v120\Debug\Win32\v120\PathHandling\vc120.pdb" /Gd /TP /analyze- /errorReport:queue -D_SCL_SECURE_NO_WARNINGS -D_SCL_SECURE_NO_WARNINGS PathHandle.cpp
  Tracking command:
  C:\Program Files (x86)\MSBuild\12.0\bin\Tracker.exe /d "C:\Program Files (x86)\MSBuild\12.0\bin\FileTracker.dll" /i C:\prod\SonarQube\cxx\sonar-cxx\integration-tests\testdata\googletest_bullseye_vs_project\ObjDrop\pathhandling\v120\Debug\Win32\v120\PathHandling\PathHandling.tlog /r C:\DEVELOPMENT\SONARQUBE\CXX\SONAR-CXX\INTEGRATION-TESTS\TESTDATA\GOOGLETEST_BULLSEYE_VS_PROJECT\PATHHANDLING\PATHHANDLE.CPP /b MSBuildConsole_CancelEventa0e6f9e6699848bebc980d010b57bcbf  /c "C:\Program Files (x86)\Microsoft Visual Studio 12.0\VC\bin\CL.exe"  /c /I.\interface /I..\tools\interface /I..\memlib\interface /I.. /Z7 /nologo /W1 /WX- /Od /Oy- /D NT /D OS_NT /D WIN32 /D _MBCS /D ANSI_HEADER /D USEMEMLIB /D _MBCS /Gm- /EHsc /MD /GS /fp:precise /Zc:wchar_t /Zc:forScope /GR /Fo"C:\prod\SonarQube\cxx\sonar-cxx\integration-tests\testdata\googletest_bullseye_vs_project\ObjDrop\pathhandling\v120\Debug\Win32\v120\PathHandling\\" /Fd"C:\prod\SonarQube\cxx\sonar-cxx\integration-tests\testdata\googletest_bullseye_vs_project\ObjDrop\pathhandling\v120\Debug\Win32\v120\PathHandling\vc120.pdb" /Gd /TP /analyze- /errorReport:queue -D_SCL_SECURE_NO_WARNINGS -D_SCL_SECURE_NO_WARNINGS PathHandle.cpp
  PathHandle.cpp
Done executing task "CL".
Done building target "ClCompile" in project "PathHandling.vcxproj".
Target "ManagedIncrementalBuildPostProcessDependencyGraph" skipped, due to false condition; ('@(ClCompile)' != '' and '$(EnableManagedIncrementalBuild)' == 'True') was evaluated as ('PathHandle.cpp' != '' and 'false' == 'True').
Target "AfterClCompile" in file "C:\Program Files (x86)\MSBuild\Microsoft.Cpp\v4.0\V120\Microsoft.CppBuild.targets" from project "C:\prod\SonarQube\cxx\sonar-cxx\integration-tests\testdata\googletest_bullseye_vs_project\PathHandling\PathHandling.vcxproj" (target "_ClCompile" depends on it):
Done building target "AfterClCompile" in project "PathHandling.vcxproj".
Target "_ClCompile" in file "C:\Program Files (x86)\MSBuild\Microsoft.Cpp\v4.0\V120\Microsoft.CppBuild.targets" from project "C:\prod\SonarQube\cxx\sonar-cxx\integration-tests\testdata\googletest_bullseye_vs_project\PathHandling\PathHandling.vcxproj" (target "_BuildCompileAction" depends on it):
Done building target "_ClCompile" in project "PathHandling.vcxproj".
Target "_ResGen" skipped, due to false condition; ('@(EmbeddedResource)'!='') was evaluated as (''!='').
Target "BeforeResourceCompile" in file "C:\Program Files (x86)\MSBuild\Microsoft.Cpp\v4.0\V120\Microsoft.CppBuild.targets" from project "C:\prod\SonarQube\cxx\sonar-cxx\integration-tests\testdata\googletest_bullseye_vs_project\PathHandling\PathHandling.vcxproj" (target "_ResourceCompile" depends on it):
Done building target "BeforeResourceCompile" in project "PathHandling.vcxproj".
Target "MakeDirsForResourceCompile" in file "C:\Program Files (x86)\MSBuild\Microsoft.Cpp\v4.0\V120\Microsoft.CppBuild.targets" from project "C:\prod\SonarQube\cxx\sonar-cxx\integration-tests\testdata\googletest_bullseye_vs_project\PathHandling\PathHandling.vcxproj" (target "_ResourceCompile" depends on it):
Task "MakeDir"
Done executing task "MakeDir".
Done building target "MakeDirsForResourceCompile" in project "PathHandling.vcxproj".
Target "ResourceCompile" skipped, due to false condition; ('@(ResourceCompile)' != '') was evaluated as ('' != '').
Target "AfterResourceCompile" in file "C:\Program Files (x86)\MSBuild\Microsoft.Cpp\v4.0\V120\Microsoft.CppBuild.targets" from project "C:\prod\SonarQube\cxx\sonar-cxx\integration-tests\testdata\googletest_bullseye_vs_project\PathHandling\PathHandling.vcxproj" (target "_ResourceCompile" depends on it):
Done building target "AfterResourceCompile" in project "PathHandling.vcxproj".
Target "_ResourceCompile" in file "C:\Program Files (x86)\MSBuild\Microsoft.Cpp\v4.0\V120\Microsoft.CppBuild.targets" from project "C:\prod\SonarQube\cxx\sonar-cxx\integration-tests\testdata\googletest_bullseye_vs_project\PathHandling\PathHandling.vcxproj" (target "_BuildCompileAction" depends on it):
Done building target "_ResourceCompile" in project "PathHandling.vcxproj".
Target "_ImpLib" skipped, due to false condition; ('$(ImpLibCompiled)' == 'true') was evaluated as ('' == 'true').
Target "BeforeLib" in file "C:\Program Files (x86)\MSBuild\Microsoft.Cpp\v4.0\V120\Microsoft.CppBuild.targets" from project "C:\prod\SonarQube\cxx\sonar-cxx\integration-tests\testdata\googletest_bullseye_vs_project\PathHandling\PathHandling.vcxproj" (target "_Lib" depends on it):
Done building target "BeforeLib" in project "PathHandling.vcxproj".
Target "ComputeLibAdditionalOptions" in file "C:\Program Files (x86)\MSBuild\Microsoft.Cpp\v4.0\V120\Microsoft.CppBuild.targets" from project "C:\prod\SonarQube\cxx\sonar-cxx\integration-tests\testdata\googletest_bullseye_vs_project\PathHandling\PathHandling.vcxproj" (target "_Lib" depends on it):
Done building target "ComputeLibAdditionalOptions" in project "PathHandling.vcxproj".
Target "ComputeRCOutputs" in file "C:\Program Files (x86)\MSBuild\Microsoft.Cpp\v4.0\V120\Microsoft.CppBuild.targets" from project "C:\prod\SonarQube\cxx\sonar-cxx\integration-tests\testdata\googletest_bullseye_vs_project\PathHandling\PathHandling.vcxproj" (target "ComputeRCGeneratedLibInputs" depends on it):
Done building target "ComputeRCOutputs" in project "PathHandling.vcxproj".
Target "ComputeRCGeneratedLibInputs" in file "C:\Program Files (x86)\MSBuild\Microsoft.Cpp\v4.0\V120\Microsoft.CppBuild.targets" from project "C:\prod\SonarQube\cxx\sonar-cxx\integration-tests\testdata\googletest_bullseye_vs_project\PathHandling\PathHandling.vcxproj" (target "_Lib" depends on it):
Done building target "ComputeRCGeneratedLibInputs" in project "PathHandling.vcxproj".
Target "ComputeCustomBuildOutput" in file "C:\Program Files (x86)\MSBuild\Microsoft.Cpp\v4.0\V120\Microsoft.CppBuild.targets" from project "C:\prod\SonarQube\cxx\sonar-cxx\integration-tests\testdata\googletest_bullseye_vs_project\PathHandling\PathHandling.vcxproj" (target "_Lib" depends on it):
Task "CreateItem" skipped, due to false condition; ('%(CustomBuildDirsToMake.OutputFileToTool)'!='') was evaluated as (''!='').
Task "MakeDir"
Done executing task "MakeDir".
Done building target "ComputeCustomBuildOutput" in project "PathHandling.vcxproj".
Target "ComputeMIDLGeneratedCompileInputs" skipped. Previously built successfully.
Target "ComputeCLInputPDBName" skipped. Previously built successfully.
Target "ComputeReferenceCLInput" skipped. Previously built successfully.
Target "WarnCompileDuplicatedFilename" skipped. Previously built successfully.
Target "ComputeCLOutputs" in file "C:\Program Files (x86)\MSBuild\Microsoft.Cpp\v4.0\V120\Microsoft.CppBuild.targets" from project "C:\prod\SonarQube\cxx\sonar-cxx\integration-tests\testdata\googletest_bullseye_vs_project\PathHandling\PathHandling.vcxproj" (target "ComputeCLGeneratedLibInputs" depends on it):
Done building target "ComputeCLOutputs" in project "PathHandling.vcxproj".
Target "ComputeCLGeneratedLibInputs" in file "C:\Program Files (x86)\MSBuild\Microsoft.Cpp\v4.0\V120\Microsoft.CppBuild.targets" from project "C:\prod\SonarQube\cxx\sonar-cxx\integration-tests\testdata\googletest_bullseye_vs_project\PathHandling\PathHandling.vcxproj" (target "_Lib" depends on it):
Done building target "ComputeCLGeneratedLibInputs" in project "PathHandling.vcxproj".
Target "ComputeLibInputsFromProject" in file "C:\Program Files (x86)\MSBuild\Microsoft.Cpp\v4.0\V120\Microsoft.CppBuild.targets" from project "C:\prod\SonarQube\cxx\sonar-cxx\integration-tests\testdata\googletest_bullseye_vs_project\PathHandling\PathHandling.vcxproj" (target "_Lib" depends on it):
Done building target "ComputeLibInputsFromProject" in project "PathHandling.vcxproj".
Target "ComputeReferenceLibInputs" skipped, due to false condition; (@(ProjectReference) != '') was evaluated as ( != '').
Target "MakeDirsForLib" in file "C:\Program Files (x86)\MSBuild\Microsoft.Cpp\v4.0\V120\Microsoft.CppBuild.targets" from project "C:\prod\SonarQube\cxx\sonar-cxx\integration-tests\testdata\googletest_bullseye_vs_project\PathHandling\PathHandling.vcxproj" (target "_Lib" depends on it):
Task "MakeDir"
Done executing task "MakeDir".
Done building target "MakeDirsForLib" in project "PathHandling.vcxproj".
Target "DoLibOutputFilesMatch" in file "C:\Program Files (x86)\MSBuild\Microsoft.Cpp\v4.0\V120\Microsoft.CppBuild.targets" from project "C:\prod\SonarQube\cxx\sonar-cxx\integration-tests\testdata\googletest_bullseye_vs_project\PathHandling\PathHandling.vcxproj" (target "_Lib" depends on it):
Task "VCMessage" skipped, due to false condition; ('@(_OutputFileFromLib)' == '') was evaluated as ('C:\prod\SonarQube\cxx\sonar-cxx\integration-tests\testdata\googletest_bullseye_vs_project\BuildDrop\v120\Win32\Debug\\PathHandling.lib' == '').
Task "VCMessage" skipped, due to false condition; ('@(_OutputFileFromLib)' != '' and '%(_OutputFileFromLib.FullPath)' != '$([System.IO.Path]::GetFullPath($(TargetPath)))') was evaluated as ('C:\prod\SonarQube\cxx\sonar-cxx\integration-tests\testdata\googletest_bullseye_vs_project\BuildDrop\v120\Win32\Debug\\PathHandling.lib' != '' and 'C:\prod\SonarQube\cxx\sonar-cxx\integration-tests\testdata\googletest_bullseye_vs_project\BuildDrop\v120\Win32\Debug\PathHandling.lib' != 'C:\prod\SonarQube\cxx\sonar-cxx\integration-tests\testdata\googletest_bullseye_vs_project\BuildDrop\v120\Win32\Debug\PathHandling.lib').
Task "VCMessage" skipped, due to false condition; ('@(_OutputFileFromLib)' != '' and '%(_OutputFileFromLib.Extension)' != '' and '%(_OutputFileFromLib.Extension)' != '$(TargetExt)') was evaluated as ('C:\prod\SonarQube\cxx\sonar-cxx\integration-tests\testdata\googletest_bullseye_vs_project\BuildDrop\v120\Win32\Debug\\PathHandling.lib' != '' and '.lib' != '' and '.lib' != '.lib').
Task "VCMessage" skipped, due to false condition; ('@(_OutputFileFromLib)' != '' and '%(_OutputFileFromLib.Filename)' !=  '' and '%(_OutputFileFromLib.Filename)' != '$(TargetName)') was evaluated as ('C:\prod\SonarQube\cxx\sonar-cxx\integration-tests\testdata\googletest_bullseye_vs_project\BuildDrop\v120\Win32\Debug\\PathHandling.lib' != '' and 'PathHandling' !=  '' and 'PathHandling' != 'PathHandling').
Done building target "DoLibOutputFilesMatch" in project "PathHandling.vcxproj".
Target "PreLinkEvent" in file "C:\Program Files (x86)\MSBuild\Microsoft.Cpp\v4.0\V120\Microsoft.CppCommon.targets" from project "C:\prod\SonarQube\cxx\sonar-cxx\integration-tests\testdata\googletest_bullseye_vs_project\PathHandling\PathHandling.vcxproj" (target "_Lib" depends on it):
Task "Message" skipped, due to false condition; ('%(PreLinkEvent.Message)' != '' and '%(PreLinkEvent.Command)' != '') was evaluated as ('' != '' and '' != '').
Task "Exec" skipped, due to false condition; ('%(PreLinkEvent.Command)' != '') was evaluated as ('' != '').
Done building target "PreLinkEvent" in project "PathHandling.vcxproj".
Target "Lib" in file "C:\Program Files (x86)\MSBuild\Microsoft.Cpp\v4.0\V120\Microsoft.CppCommon.targets" from project "C:\prod\SonarQube\cxx\sonar-cxx\integration-tests\testdata\googletest_bullseye_vs_project\PathHandling\PathHandling.vcxproj" (target "_Lib" depends on it):
Using "LIB" task from assembly "C:\Program Files (x86)\MSBuild\Microsoft.Cpp\v4.0\V120\Microsoft.Build.CppTasks.Common.dll".
Task "LIB"
  Forcing rebuild of all source files due to missing command TLog "C:\prod\SonarQube\cxx\sonar-cxx\integration-tests\testdata\googletest_bullseye_vs_project\ObjDrop\pathhandling\v120\Debug\Win32\v120\PathHandling\PathHandling.tlog\lib.command.1.tlog".
  C:\Program Files (x86)\Microsoft Visual Studio 12.0\VC\bin\Lib.exe /OUT:"C:\prod\SonarQube\cxx\sonar-cxx\integration-tests\testdata\googletest_bullseye_vs_project\BuildDrop\v120\Win32\Debug\\PathHandling.lib" /NOLOGO "C:\prod\SonarQube\cxx\sonar-cxx\integration-tests\testdata\googletest_bullseye_vs_project\ObjDrop\pathhandling\v120\Debug\Win32\v120\PathHandling\PathHandle.obj"
  Tracking command:
  C:\Program Files (x86)\MSBuild\12.0\bin\Tracker.exe /d "C:\Program Files (x86)\MSBuild\12.0\bin\FileTracker.dll" /i C:\prod\SonarQube\cxx\sonar-cxx\integration-tests\testdata\googletest_bullseye_vs_project\ObjDrop\pathhandling\v120\Debug\Win32\v120\PathHandling\PathHandling.tlog /r C:\DEVELOPMENT\SONARQUBE\CXX\SONAR-CXX\INTEGRATION-TESTS\TESTDATA\GOOGLETEST_BULLSEYE_VS_PROJECT\OBJDROP\PATHHANDLING\V120\DEBUG\WIN32\V120\PATHHANDLING\PATHHANDLE.OBJ /b MSBuildConsole_CancelEvente6d05fa11e1444dd9255de8909181037  /c "C:\Program Files (x86)\Microsoft Visual Studio 12.0\VC\bin\Lib.exe"  /OUT:"C:\prod\SonarQube\cxx\sonar-cxx\integration-tests\testdata\googletest_bullseye_vs_project\BuildDrop\v120\Win32\Debug\\PathHandling.lib" /NOLOGO "C:\prod\SonarQube\cxx\sonar-cxx\integration-tests\testdata\googletest_bullseye_vs_project\ObjDrop\pathhandling\v120\Debug\Win32\v120\PathHandling\PathHandle.obj"
Done executing task "LIB".
Task "Message"
  PathHandling.vcxproj -> C:\prod\SonarQube\cxx\sonar-cxx\integration-tests\testdata\googletest_bullseye_vs_project\BuildDrop\v120\Win32\Debug\\PathHandling.lib
Done executing task "Message".
Done building target "Lib" in project "PathHandling.vcxproj".
Target "AfterLib" in file "C:\Program Files (x86)\MSBuild\Microsoft.Cpp\v4.0\V120\Microsoft.CppBuild.targets" from project "C:\prod\SonarQube\cxx\sonar-cxx\integration-tests\testdata\googletest_bullseye_vs_project\PathHandling\PathHandling.vcxproj" (target "_Lib" depends on it):
Done building target "AfterLib" in project "PathHandling.vcxproj".
Target "_Lib" in file "C:\Program Files (x86)\MSBuild\Microsoft.Cpp\v4.0\V120\Microsoft.CppBuild.targets" from project "C:\prod\SonarQube\cxx\sonar-cxx\integration-tests\testdata\googletest_bullseye_vs_project\PathHandling\PathHandling.vcxproj" (target "_BuildCompileAction" depends on it):
Done building target "_Lib" in project "PathHandling.vcxproj".
Target "AfterBuildCompileEvent" in file "C:\Program Files (x86)\MSBuild\Microsoft.Cpp\v4.0\V120\Microsoft.CppBuild.targets" from project "C:\prod\SonarQube\cxx\sonar-cxx\integration-tests\testdata\googletest_bullseye_vs_project\PathHandling\PathHandling.vcxproj" (target "_BuildCompileAction" depends on it):
Done building target "AfterBuildCompileEvent" in project "PathHandling.vcxproj".
Target "_BuildCompileAction" in file "C:\Program Files (x86)\MSBuild\Microsoft.Cpp\v4.0\V120\Microsoft.CppBuild.targets" from project "C:\prod\SonarQube\cxx\sonar-cxx\integration-tests\testdata\googletest_bullseye_vs_project\PathHandling\PathHandling.vcxproj" (target "BuildCompile" depends on it):
Done building target "_BuildCompileAction" in project "PathHandling.vcxproj".
Target "BuildCompile" in file "C:\Program Files (x86)\MSBuild\12.0\bin\Microsoft.Common.CurrentVersion.targets" from project "C:\prod\SonarQube\cxx\sonar-cxx\integration-tests\testdata\googletest_bullseye_vs_project\PathHandling\PathHandling.vcxproj" (target "Build" depends on it):
Done building target "BuildCompile" in project "PathHandling.vcxproj".
Target "AssignProjectConfiguration" skipped. Previously built successfully.
Target "_SplitProjectReferencesByFileExistence" skipped. Previously built successfully.
Target "BuildLinkTraverse" in file "C:\Program Files (x86)\MSBuild\12.0\bin\Microsoft.Common.CurrentVersion.targets" from project "C:\prod\SonarQube\cxx\sonar-cxx\integration-tests\testdata\googletest_bullseye_vs_project\PathHandling\PathHandling.vcxproj" (target "BuildLink" depends on it):
Task "MSBuild" skipped, due to false condition; ('$(BuildPassReferences)' == 'true' and '@(ProjectReferenceWithConfiguration)' != '' and '@(_MSBuildProjectReferenceExistent)' != ''  and '%(_MSBuildProjectReferenceExistent.BuildReference)' == 'true') was evaluated as ('' == 'true' and '' != '' and '' != ''  and '' == 'true').
Done building target "BuildLinkTraverse" in project "PathHandling.vcxproj".
Target "PrepareForBuild" skipped. Previously built successfully.
Target "ResolveReferences" skipped. Previously built successfully.
Target "ComputeLegacyManifestEmbedding" in file "C:\Program Files (x86)\MSBuild\Microsoft.Cpp\v4.0\V120\Microsoft.CppBuild.targets" from project "C:\prod\SonarQube\cxx\sonar-cxx\integration-tests\testdata\googletest_bullseye_vs_project\PathHandling\PathHandling.vcxproj" (target "_BuildLinkAction" depends on it):
Task "VCMessage" skipped, due to false condition; ('$(RevertManifestEmbedding)' == 'true' and '$(_LegacyManifestEmbeddingDebug)' == 'true') was evaluated as ('' == 'true' and '' == 'true').
Done building target "ComputeLegacyManifestEmbedding" in project "PathHandling.vcxproj".
Target "_Link" skipped, due to false condition; ('$(LinkCompiled)' == 'true') was evaluated as ('' == 'true').
Target "_ALink" in file "C:\Program Files (x86)\MSBuild\Microsoft.Cpp\v4.0\V120\Microsoft.CppBuild.targets" from project "C:\prod\SonarQube\cxx\sonar-cxx\integration-tests\testdata\googletest_bullseye_vs_project\PathHandling\PathHandling.vcxproj" (target "_BuildLinkAction" depends on it):
Done building target "_ALink" in project "PathHandling.vcxproj".
Target "ComputeLegacyManifestEmbedding" skipped. Previously built successfully.
Target "_Manifest" in file "C:\Program Files (x86)\MSBuild\Microsoft.Cpp\v4.0\V120\Microsoft.CppBuild.targets" from project "C:\prod\SonarQube\cxx\sonar-cxx\integration-tests\testdata\googletest_bullseye_vs_project\PathHandling\PathHandling.vcxproj" (target "_BuildLinkAction" depends on it):
Task "CallTarget" skipped, due to false condition; ('$(LegacyManifestEmbedding)' == 'true') was evaluated as ('' == 'true').
Done building target "_Manifest" in project "PathHandling.vcxproj".
Target "RegisterOutput" in file "C:\Program Files (x86)\MSBuild\Microsoft.Cpp\v4.0\V120\Microsoft.CppCommon.targets" from project "C:\prod\SonarQube\cxx\sonar-cxx\integration-tests\testdata\googletest_bullseye_vs_project\PathHandling\PathHandling.vcxproj" (target "_BuildLinkAction" depends on it):
Task "Exec" skipped, due to false condition; ('$(ConfigurationType)'=='DynamicLibrary' and '%(Link.RegisterOutput)'=='true' and '%(Link.PerUserRedirection)'!='true') was evaluated as ('StaticLibrary'=='DynamicLibrary' and ''=='true' and ''!='true').
Task "Exec" skipped, due to false condition; ('$(ConfigurationType)'=='DynamicLibrary' and '%(Link.RegisterOutput)'=='true' and '%(Link.PerUserRedirection)'=='true') was evaluated as ('StaticLibrary'=='DynamicLibrary' and ''=='true' and ''=='true').
Task "Exec" skipped, due to false condition; ('$(ConfigurationType)'=='Application' and '%(Link.RegisterOutput)'=='true' and '%(Link.PerUserRedirection)'!='true') was evaluated as ('StaticLibrary'=='Application' and ''=='true' and ''!='true').
Task "Exec" skipped, due to false condition; ('$(ConfigurationType)'=='Application' and '%(Link.RegisterOutput)'=='true' and '%(Link.PerUserRedirection)'=='true') was evaluated as ('StaticLibrary'=='Application' and ''=='true' and ''=='true').
Task "VCMessage" skipped, due to false condition; ('$(_RegisterOutputExitCode)' != '' and '$(_RegisterOutputExitCode)' != '0') was evaluated as ('' != '' and '' != '0').
Done building target "RegisterOutput" in project "PathHandling.vcxproj".
Target "PrepareForBuild" skipped. Previously built successfully.
Target "ResolveReferences" skipped. Previously built successfully.
Target "ResolvedXDCMake" in file "C:\Program Files (x86)\MSBuild\Microsoft.Cpp\v4.0\V120\Microsoft.CppBuild.targets" from project "C:\prod\SonarQube\cxx\sonar-cxx\integration-tests\testdata\googletest_bullseye_vs_project\PathHandling\PathHandling.vcxproj" (target "_XdcMake" depends on it):
Task "MSBuild" skipped, due to false condition; ('%(_MSBuildProjectReferenceExistent.Extension)' == '.vcxproj' and '@(ProjectReferenceWithConfiguration)' != '' and '@(_MSBuildProjectReferenceExistent)' != '' and '$(_ClCompileGenerateXMLDocumentationFiles)' == 'true') was evaluated as ('' == '.vcxproj' and '' != '' and '' != '' and '' == 'true').
Done building target "ResolvedXDCMake" in project "PathHandling.vcxproj".
Target "ComputeCLCompileGeneratedXDCFiles" in file "C:\Program Files (x86)\MSBuild\Microsoft.Cpp\v4.0\V120\Microsoft.CppBuild.targets" from project "C:\prod\SonarQube\cxx\sonar-cxx\integration-tests\testdata\googletest_bullseye_vs_project\PathHandling\PathHandling.vcxproj" (target "_XdcMake" depends on it):
Done building target "ComputeCLCompileGeneratedXDCFiles" in project "PathHandling.vcxproj".
Target "MakeDirsForXdcMake" in file "C:\Program Files (x86)\MSBuild\Microsoft.Cpp\v4.0\V120\Microsoft.CppBuild.targets" from project "C:\prod\SonarQube\cxx\sonar-cxx\integration-tests\testdata\googletest_bullseye_vs_project\PathHandling\PathHandling.vcxproj" (target "_XdcMake" depends on it):
Task "MakeDir"
Done executing task "MakeDir".
Done building target "MakeDirsForXdcMake" in project "PathHandling.vcxproj".
Target "XdcMake" skipped, due to false condition; ('@(XdcMake)' != '') was evaluated as ('' != '').
Target "_XdcMake" in file "C:\Program Files (x86)\MSBuild\Microsoft.Cpp\v4.0\V120\Microsoft.CppBuild.targets" from project "C:\prod\SonarQube\cxx\sonar-cxx\integration-tests\testdata\googletest_bullseye_vs_project\PathHandling\PathHandling.vcxproj" (target "_BuildLinkAction" depends on it):
Done building target "_XdcMake" in project "PathHandling.vcxproj".
Target "ComputeCLCompileGeneratedSbrFiles" in file "C:\Program Files (x86)\MSBuild\Microsoft.Cpp\v4.0\V120\Microsoft.CppBuild.targets" from project "C:\prod\SonarQube\cxx\sonar-cxx\integration-tests\testdata\googletest_bullseye_vs_project\PathHandling\PathHandling.vcxproj" (target "_BscMake" depends on it):
Done building target "ComputeCLCompileGeneratedSbrFiles" in project "PathHandling.vcxproj".
Target "MakeDirsForBscMake" in file "C:\Program Files (x86)\MSBuild\Microsoft.Cpp\v4.0\V120\Microsoft.CppBuild.targets" from project "C:\prod\SonarQube\cxx\sonar-cxx\integration-tests\testdata\googletest_bullseye_vs_project\PathHandling\PathHandling.vcxproj" (target "_BscMake" depends on it):
Task "MakeDir"
Done executing task "MakeDir".
Done building target "MakeDirsForBscMake" in project "PathHandling.vcxproj".
Target "BscMake" skipped, due to false condition; ('@(BscMake)' != '') was evaluated as ('' != '').
Target "CustomBuildStep" skipped, due to false condition; ('@(CustomBuildStep)' != '' and '$(SelectedFiles)'=='') was evaluated as ('' != '' and ''=='').
Target "_BscMake" in file "C:\Program Files (x86)\MSBuild\Microsoft.Cpp\v4.0\V120\Microsoft.CppBuild.targets" from project "C:\prod\SonarQube\cxx\sonar-cxx\integration-tests\testdata\googletest_bullseye_vs_project\PathHandling\PathHandling.vcxproj" (target "_BuildLinkAction" depends on it):
Done building target "_BscMake" in project "PathHandling.vcxproj".
Target "RunMergeNativeCodeAnalysis" skipped, due to false condition; ('$(Language)'=='C++' and '$(RunCodeAnalysisOnThisProject)'=='true') was evaluated as ('C++'=='C++' and ''=='true').
Target "RunNativeCodeAnalysis" skipped, due to false condition; ('$(Language)'=='C++' and '$(RunCodeAnalysisOnThisProject)'=='true') was evaluated as ('C++'=='C++' and ''=='true').
Target "_GenerateSatelliteAssemblyInputs" in file "C:\Program Files (x86)\MSBuild\12.0\bin\Microsoft.Common.CurrentVersion.targets" from project "C:\prod\SonarQube\cxx\sonar-cxx\integration-tests\testdata\googletest_bullseye_vs_project\PathHandling\PathHandling.vcxproj" (target "CreateSatelliteAssemblies" depends on it):
Task "Warning" skipped, due to false condition; ('@(ManifestResourceWithCulture)'!='' and '%(ManifestResourceWithCulture.EmittedForCompatibilityOnly)'=='') was evaluated as (''!='' and ''=='').
Task "Warning" skipped, due to false condition; ('@(ManifestNonResxWithCultureOnDisk)'!='' and '%(ManifestNonResxWithCultureOnDisk.EmittedForCompatibilityOnly)'=='') was evaluated as (''!='' and ''=='').
Done building target "_GenerateSatelliteAssemblyInputs" in project "PathHandling.vcxproj".
Target "ComputeIntermediateSatelliteAssemblies" skipped, due to false condition; (@(ReferenceSatellitePaths->'%(DestinationSubDirectory)') != '') was evaluated as ( != '').
Target "GenerateSatelliteAssemblies" skipped, due to false condition; ('@(_SatelliteAssemblyResourceInputs)' != '') was evaluated as ('' != '').
Target "CreateSatelliteAssemblies" in file "C:\Program Files (x86)\MSBuild\12.0\bin\Microsoft.Common.CurrentVersion.targets" from project "C:\prod\SonarQube\cxx\sonar-cxx\integration-tests\testdata\googletest_bullseye_vs_project\PathHandling\PathHandling.vcxproj" (target "_BuildLinkAction" depends on it):
Done building target "CreateSatelliteAssemblies" in project "PathHandling.vcxproj".
Target "_Appverifier" in file "C:\Program Files (x86)\MSBuild\Microsoft.Cpp\v4.0\V120\Microsoft.CppBuild.targets" from project "C:\prod\SonarQube\cxx\sonar-cxx\integration-tests\testdata\googletest_bullseye_vs_project\PathHandling\PathHandling.vcxproj" (target "_BuildLinkAction" depends on it):
Done building target "_Appverifier" in project "PathHandling.vcxproj".
Target "_Deploy" in file "C:\Program Files (x86)\MSBuild\Microsoft.Cpp\v4.0\V120\Microsoft.CppBuild.targets" from project "C:\prod\SonarQube\cxx\sonar-cxx\integration-tests\testdata\googletest_bullseye_vs_project\PathHandling\PathHandling.vcxproj" (target "_BuildLinkAction" depends on it):
Done building target "_Deploy" in project "PathHandling.vcxproj".
Target "ComputeIntermediateSatelliteAssemblies" skipped, due to false condition; (@(ReferenceSatellitePaths->'%(DestinationSubDirectory)') != '') was evaluated as ( != '').
Target "_CopyFilesMarkedCopyLocal" skipped, due to false condition; ('@(ReferenceCopyLocalPaths)' != '') was evaluated as ('' != '').
Target "AssignTargetPaths" in file "C:\Program Files (x86)\MSBuild\12.0\bin\Microsoft.Common.CurrentVersion.targets" from project "C:\prod\SonarQube\cxx\sonar-cxx\integration-tests\testdata\googletest_bullseye_vs_project\PathHandling\PathHandling.vcxproj" (target "GetCopyToOutputDirectoryItems" depends on it):
Using "AssignTargetPath" task from assembly "Microsoft.Build.Tasks.v12.0, Version=12.0.0.0, Culture=neutral, PublicKeyToken=b03f5f7f11d50a3a".
Task "AssignTargetPath"
Done executing task "AssignTargetPath".
Task "AssignTargetPath"
Done executing task "AssignTargetPath".
Task "AssignTargetPath"
Done executing task "AssignTargetPath".
Task "AssignTargetPath"
Done executing task "AssignTargetPath".
Task "AssignTargetPath" skipped, due to false condition; ('@(_DeploymentBaseManifestWithTargetPath)'=='' and '%(None.Extension)'=='.manifest') was evaluated as (''=='' and ''=='.manifest').
Done building target "AssignTargetPaths" in project "PathHandling.vcxproj".
Target "_SplitProjectReferencesByFileExistence" skipped. Previously built successfully.
Target "GetCopyToOutputDirectoryXamlAppDefs" in file "C:\Windows\Microsoft.NET\Framework\v4.0.30319\Microsoft.Xaml.targets" from project "C:\prod\SonarQube\cxx\sonar-cxx\integration-tests\testdata\googletest_bullseye_vs_project\PathHandling\PathHandling.vcxproj" (target "GetCopyToOutputDirectoryItems" depends on it):
Task "AssignTargetPath"
Done executing task "AssignTargetPath".
Done building target "GetCopyToOutputDirectoryXamlAppDefs" in project "PathHandling.vcxproj".
Target "GetCopyToOutputDirectoryItems" in file "C:\Program Files (x86)\MSBuild\12.0\bin\Microsoft.Common.CurrentVersion.targets" from project "C:\prod\SonarQube\cxx\sonar-cxx\integration-tests\testdata\googletest_bullseye_vs_project\PathHandling\PathHandling.vcxproj" (target "_CopySourceItemsToOutputDirectory" depends on it):
Task "MSBuild" skipped, due to false condition; ('@(_MSBuildProjectReferenceExistent)' != '' and '$(_GetChildProjectCopyToOutputDirectoryItems)' == 'true' and '%(_MSBuildProjectReferenceExistent.Private)' != 'false' and '$(UseCommonOutputDirectory)' != 'true') was evaluated as ('' != '' and 'true' == 'true' and '' != 'false' and 'false' != 'true').
Task "AssignTargetPath"
Done executing task "AssignTargetPath".
Done building target "GetCopyToOutputDirectoryItems" in project "PathHandling.vcxproj".
Target "_CopyOutOfDateSourceItemsToOutputDirectory" skipped, due to false condition; ( '@(_SourceItemsToCopyToOutputDirectory)' != '' ) was evaluated as ( '' != '' ).
Target "_CopyOutOfDateSourceItemsToOutputDirectoryAlways" skipped, due to false condition; ( '@(_SourceItemsToCopyToOutputDirectoryAlways)' != '' ) was evaluated as ( '' != '' ).
Target "_CopySourceItemsToOutputDirectory" in file "C:\Program Files (x86)\MSBuild\12.0\bin\Microsoft.Common.CurrentVersion.targets" from project "C:\prod\SonarQube\cxx\sonar-cxx\integration-tests\testdata\googletest_bullseye_vs_project\PathHandling\PathHandling.vcxproj" (target "CopyFilesToOutputDirectory" depends on it):
Done building target "_CopySourceItemsToOutputDirectory" in project "PathHandling.vcxproj".
Target "_CopyAppConfigFile" skipped, due to false condition; ( '@(AppConfigWithTargetPath)' != '' ) was evaluated as ( '' != '' ).
Target "_CopyManifestFiles" skipped, due to false condition; ( '$(_DeploymentCopyApplicationManifest)'=='true' or '$(GenerateClickOnceManifests)'=='true' ) was evaluated as ( ''=='true' or ''=='true' ).
Target "_CheckForCompileOutputs" in file "C:\Program Files (x86)\MSBuild\12.0\bin\Microsoft.Common.CurrentVersion.targets" from project "C:\prod\SonarQube\cxx\sonar-cxx\integration-tests\testdata\googletest_bullseye_vs_project\PathHandling\PathHandling.vcxproj" (target "CopyFilesToOutputDirectory" depends on it):
Done building target "_CheckForCompileOutputs" in project "PathHandling.vcxproj".
Target "_SGenCheckForOutputs" skipped, due to false condition; ('$(_SGenGenerateSerializationAssembliesConfig)' == 'On' or ('@(WebReferenceUrl)'!='' and '$(_SGenGenerateSerializationAssembliesConfig)' == 'Auto')) was evaluated as ('Off' == 'On' or (''!='' and 'Off' == 'Auto')).
Target "CopyFilesToOutputDirectory" in file "C:\Program Files (x86)\MSBuild\12.0\bin\Microsoft.Common.CurrentVersion.targets" from project "C:\prod\SonarQube\cxx\sonar-cxx\integration-tests\testdata\googletest_bullseye_vs_project\PathHandling\PathHandling.vcxproj" (target "PrepareForRun" depends on it):
Task "Copy" skipped, due to false condition; ('$(CopyBuildOutputToOutputDirectory)' == 'true' and '$(SkipCopyBuildProduct)' != 'true') was evaluated as ('true' == 'true' and 'true' != 'true').
Task "Message" skipped, due to false condition; ('$(CopyBuildOutputToOutputDirectory)' == 'true' and '$(SkipCopyBuildProduct)'!='true') was evaluated as ('true' == 'true' and 'true'!='true').
Task "Copy" skipped, due to false condition; ('@(AddModules)' != '') was evaluated as ('' != '').
Task "Copy" skipped, due to false condition; ('$(_SGenDllCreated)'=='true') was evaluated as ('false'=='true').
Task "Copy" skipped, due to false condition; ('$(_DebugSymbolsProduced)'=='true' and '$(SkipCopyingSymbolsToOutputDirectory)' != 'true' and '$(CopyOutputSymbolsToOutputDirectory)'=='true') was evaluated as ('false'=='true' and '' != 'true' and 'true'=='true').
Task "Copy" skipped, due to false condition; ('$(_DocumentationFileProduced)'=='true') was evaluated as ('false'=='true').
Task "Copy" skipped, due to false condition; ('@(IntermediateSatelliteAssembliesWithTargetPath)' != '') was evaluated as ('' != '').
Task "Copy" skipped, due to false condition; ('@(ReferenceComWrappersToCopyLocal)' != '' or '@(ResolvedIsolatedComModules)' != '' or '@(_DeploymentLooseManifestFile)' != '' or '@(NativeReferenceFile)' != '' ) was evaluated as ('' != '' or '' != '' or '' != '' or '' != '' ).
Task "Copy" skipped, due to false condition; ('$(SkipCopyWinMDArtifact)' != 'true' and '@(WinMDExpArtifacts)' != '') was evaluated as ('' != 'true' and '' != '').
Task "Message" skipped, due to false condition; ('$(SkipCopyWinMDArtifact)' != 'true' and '$(_WindowsMetadataOutputPath)' != '') was evaluated as ('' != 'true' and '' != '').
Done building target "CopyFilesToOutputDirectory" in project "PathHandling.vcxproj".
Target "PrepareForRun" in file "C:\Program Files (x86)\MSBuild\12.0\bin\Microsoft.Common.CurrentVersion.targets" from project "C:\prod\SonarQube\cxx\sonar-cxx\integration-tests\testdata\googletest_bullseye_vs_project\PathHandling\PathHandling.vcxproj" (target "_BuildLinkAction" depends on it):
Done building target "PrepareForRun" in project "PathHandling.vcxproj".
Target "CustomBuildStep" skipped, due to false condition; ('@(CustomBuildStep)' != '' and '$(SelectedFiles)'=='') was evaluated as ('' != '' and ''=='').
Target "PostBuildEvent" in file "C:\Program Files (x86)\MSBuild\Microsoft.Cpp\v4.0\V120\Microsoft.CppCommon.targets" from project "C:\prod\SonarQube\cxx\sonar-cxx\integration-tests\testdata\googletest_bullseye_vs_project\PathHandling\PathHandling.vcxproj" (target "_BuildLinkAction" depends on it):
Task "Message" skipped, due to false condition; ('%(PostBuildEvent.Message)' != '' and '%(PostBuildEvent.Command)' != '') was evaluated as ('' != '' and '' != '').
Task "Exec" skipped, due to false condition; ('%(PostBuildEvent.Command)' != '') was evaluated as ('' != '').
Done building target "PostBuildEvent" in project "PathHandling.vcxproj".
Target "_BuildLinkAction" in file "C:\Program Files (x86)\MSBuild\Microsoft.Cpp\v4.0\V120\Microsoft.CppBuild.targets" from project "C:\prod\SonarQube\cxx\sonar-cxx\integration-tests\testdata\googletest_bullseye_vs_project\PathHandling\PathHandling.vcxproj" (target "BuildLink" depends on it):
Done building target "_BuildLinkAction" in project "PathHandling.vcxproj".
Target "BuildLink" in file "C:\Program Files (x86)\MSBuild\12.0\bin\Microsoft.Common.CurrentVersion.targets" from project "C:\prod\SonarQube\cxx\sonar-cxx\integration-tests\testdata\googletest_bullseye_vs_project\PathHandling\PathHandling.vcxproj" (target "Build" depends on it):
Done building target "BuildLink" in project "PathHandling.vcxproj".
Target "CreateTfsBuildInfoResource" skipped, due to false condition; ( $(AddBuildInfoToAssembly)==true ) was evaluated as ( false==true ).
Target "AfterBuild" in file "C:\Program Files (x86)\MSBuild\Microsoft.Cpp\v4.0\V120\Microsoft.BuildSteps.Targets" from project "C:\prod\SonarQube\cxx\sonar-cxx\integration-tests\testdata\googletest_bullseye_vs_project\PathHandling\PathHandling.vcxproj" (target "Build" depends on it):
Done building target "AfterBuild" in project "PathHandling.vcxproj".
Target "TouchWinMDFile" in file "C:\Program Files (x86)\MSBuild\Microsoft\.NetNative\Microsoft.NetNative.targets" from project "C:\prod\SonarQube\cxx\sonar-cxx\integration-tests\testdata\googletest_bullseye_vs_project\PathHandling\PathHandling.vcxproj" (target "Build" depends on it):
Task "Touch" skipped, due to false condition; (Exists('%(Link.WindowsMetadataFile)')) was evaluated as (Exists('')).
Done building target "TouchWinMDFile" in project "PathHandling.vcxproj".
Target "FinalizeBuildStatus" in file "C:\Program Files (x86)\MSBuild\Microsoft.Cpp\v4.0\V120\Microsoft.CppBuild.targets" from project "C:\prod\SonarQube\cxx\sonar-cxx\integration-tests\testdata\googletest_bullseye_vs_project\PathHandling\PathHandling.vcxproj" (target "Build" depends on it):
Using "Delete" task from assembly "Microsoft.Build.Tasks.v12.0, Version=12.0.0.0, Culture=neutral, PublicKeyToken=b03f5f7f11d50a3a".
Task "Delete"
  Deleting file "C:\prod\SonarQube\cxx\sonar-cxx\integration-tests\testdata\googletest_bullseye_vs_project\ObjDrop\pathhandling\v120\Debug\Win32\v120\PathHandling\PathHandling.tlog\unsuccessfulbuild".
Done executing task "Delete".
Task "Touch"
  Touching "C:\prod\SonarQube\cxx\sonar-cxx\integration-tests\testdata\googletest_bullseye_vs_project\ObjDrop\pathhandling\v120\Debug\Win32\v120\PathHandling\PathHandling.tlog\PathHandling.lastbuildstate".
Done executing task "Touch".
Done building target "FinalizeBuildStatus" in project "PathHandling.vcxproj".
Target "Build" in file "C:\Program Files (x86)\MSBuild\Microsoft.Cpp\v4.0\V120\Microsoft.BuildSteps.Targets" from project "C:\prod\SonarQube\cxx\sonar-cxx\integration-tests\testdata\googletest_bullseye_vs_project\PathHandling\PathHandling.vcxproj" (entry point):
Done building target "Build" in project "PathHandling.vcxproj".
Done Building Project "C:\prod\SonarQube\cxx\sonar-cxx\integration-tests\testdata\googletest_bullseye_vs_project\PathHandling\PathHandling.vcxproj" (default targets).
Done executing task "MSBuild".
Task "MSBuild"
  Global Properties:
    BuildingSolutionFile=true
    CurrentSolutionConfigurationContents=<SolutionConfiguration>
    <ProjectConfiguration Project="{641653AF-72AC-4E29-A5EC-432082370EC2}" AbsolutePath="C:\prod\SonarQube\cxx\sonar-cxx\integration-tests\testdata\googletest_bullseye_vs_project\PathHandling\PathHandling.vcxproj" BuildProjectInSolution="True">Debug|Win32</ProjectConfiguration>
    <ProjectConfiguration Project="{6C9EC6AA-F731-5F96-C13E-184D9F327E6B}" AbsolutePath="C:\prod\SonarQube\cxx\sonar-cxx\integration-tests\testdata\googletest_bullseye_vs_project\PathHandling.Test\PathHandling.Test.vcxproj" BuildProjectInSolution="True">Debug|Win32<ProjectDependency Project="{641653AF-72AC-4E29-A5EC-432082370EC2}" /></ProjectConfiguration>
  </SolutionConfiguration>
    SolutionDir=C:\prod\SonarQube\cxx\sonar-cxx\integration-tests\testdata\googletest_bullseye_vs_project\
    SolutionExt=.sln
    SolutionFileName=pathhandling.sln
    SolutionName=pathhandling
    SolutionPath=C:\prod\SonarQube\cxx\sonar-cxx\integration-tests\testdata\googletest_bullseye_vs_project\pathhandling.sln
  Additional Properties for project "C:\prod\SonarQube\cxx\sonar-cxx\integration-tests\testdata\googletest_bullseye_vs_project\PathHandling.Test\PathHandling.Test.vcxproj.metaproj":
    Configuration=Debug
    Platform=Win32
Project "C:\prod\SonarQube\cxx\sonar-cxx\integration-tests\testdata\googletest_bullseye_vs_project\pathhandling.sln" (1) is building "C:\prod\SonarQube\cxx\sonar-cxx\integration-tests\testdata\googletest_bullseye_vs_project\PathHandling.Test\PathHandling.Test.vcxproj.metaproj" (3) on node 1 (default targets).
Building with tools version "12.0".
Target "Build" in project "C:\prod\SonarQube\cxx\sonar-cxx\integration-tests\testdata\googletest_bullseye_vs_project\PathHandling.Test\PathHandling.Test.vcxproj.metaproj" (entry point):
Task "MSBuild"
  Global Properties:
    BuildingSolutionFile=true
    CurrentSolutionConfigurationContents=<SolutionConfiguration>
    <ProjectConfiguration Project="{641653AF-72AC-4E29-A5EC-432082370EC2}" AbsolutePath="C:\prod\SonarQube\cxx\sonar-cxx\integration-tests\testdata\googletest_bullseye_vs_project\PathHandling\PathHandling.vcxproj" BuildProjectInSolution="True">Debug|Win32</ProjectConfiguration>
    <ProjectConfiguration Project="{6C9EC6AA-F731-5F96-C13E-184D9F327E6B}" AbsolutePath="C:\prod\SonarQube\cxx\sonar-cxx\integration-tests\testdata\googletest_bullseye_vs_project\PathHandling.Test\PathHandling.Test.vcxproj" BuildProjectInSolution="True">Debug|Win32<ProjectDependency Project="{641653AF-72AC-4E29-A5EC-432082370EC2}" /></ProjectConfiguration>
  </SolutionConfiguration>
    SolutionDir=C:\prod\SonarQube\cxx\sonar-cxx\integration-tests\testdata\googletest_bullseye_vs_project\
    SolutionExt=.sln
    SolutionFileName=pathhandling.sln
    SolutionName=pathhandling
    SolutionPath=C:\prod\SonarQube\cxx\sonar-cxx\integration-tests\testdata\googletest_bullseye_vs_project\pathhandling.sln
  Additional Properties for project "C:\prod\SonarQube\cxx\sonar-cxx\integration-tests\testdata\googletest_bullseye_vs_project\PathHandling\PathHandling.vcxproj":
    Configuration=Debug
    Platform=Win32
Project "C:\prod\SonarQube\cxx\sonar-cxx\integration-tests\testdata\googletest_bullseye_vs_project\PathHandling.Test\PathHandling.Test.vcxproj.metaproj" (3) is building "C:\prod\SonarQube\cxx\sonar-cxx\integration-tests\testdata\googletest_bullseye_vs_project\PathHandling\PathHandling.vcxproj" (2:2) on node 1 (default targets).
Building with tools version "12.0".
Target "_CheckForInvalidConfigurationAndPlatform" skipped. Previously built successfully.
Target "Build" skipped. Previously built successfully.
Done Building Project "C:\prod\SonarQube\cxx\sonar-cxx\integration-tests\testdata\googletest_bullseye_vs_project\PathHandling\PathHandling.vcxproj" (default targets).
Done executing task "MSBuild".
Task "MSBuild"
  Global Properties:
    Configuration=Debug
    Platform=Win32
    BuildingSolutionFile=true
    CurrentSolutionConfigurationContents=<SolutionConfiguration>
    <ProjectConfiguration Project="{641653AF-72AC-4E29-A5EC-432082370EC2}" AbsolutePath="C:\prod\SonarQube\cxx\sonar-cxx\integration-tests\testdata\googletest_bullseye_vs_project\PathHandling\PathHandling.vcxproj" BuildProjectInSolution="True">Debug|Win32</ProjectConfiguration>
    <ProjectConfiguration Project="{6C9EC6AA-F731-5F96-C13E-184D9F327E6B}" AbsolutePath="C:\prod\SonarQube\cxx\sonar-cxx\integration-tests\testdata\googletest_bullseye_vs_project\PathHandling.Test\PathHandling.Test.vcxproj" BuildProjectInSolution="True">Debug|Win32<ProjectDependency Project="{641653AF-72AC-4E29-A5EC-432082370EC2}" /></ProjectConfiguration>
  </SolutionConfiguration>
    SolutionDir=C:\prod\SonarQube\cxx\sonar-cxx\integration-tests\testdata\googletest_bullseye_vs_project\
    SolutionExt=.sln
    SolutionFileName=pathhandling.sln
    SolutionName=pathhandling
    SolutionPath=C:\prod\SonarQube\cxx\sonar-cxx\integration-tests\testdata\googletest_bullseye_vs_project\pathhandling.sln
Overriding target "GetFrameworkPaths" in project "C:\Program Files (x86)\MSBuild\12.0\bin\Microsoft.Common.CurrentVersion.targets" with target "GetFrameworkPaths" from project "C:\Program Files (x86)\MSBuild\12.0\bin\Microsoft.NetFramework.CurrentVersion.targets".
Overriding target "SatelliteDllsProjectOutputGroup" in project "C:\Program Files (x86)\MSBuild\12.0\bin\Microsoft.Common.CurrentVersion.targets" with target "SatelliteDllsProjectOutputGroup" from project "C:\Windows\Microsoft.NET\Framework\v4.0.30319\Microsoft.WinFx.targets".
Overriding target "GenerateTargetFrameworkMonikerAttribute" in project "C:\Program Files (x86)\MSBuild\12.0\bin\Microsoft.Common.CurrentVersion.targets" with target "GenerateTargetFrameworkMonikerAttribute" from project "C:\Program Files (x86)\MSBuild\Microsoft.Cpp\v4.0\V120\Microsoft.BuildSteps.Targets".
Overriding target "Build" in project "C:\Program Files (x86)\MSBuild\12.0\bin\Microsoft.Common.CurrentVersion.targets" with target "Build" from project "C:\Program Files (x86)\MSBuild\Microsoft.Cpp\v4.0\V120\Microsoft.BuildSteps.Targets".
Overriding target "Rebuild" in project "C:\Program Files (x86)\MSBuild\12.0\bin\Microsoft.Common.CurrentVersion.targets" with target "Rebuild" from project "C:\Program Files (x86)\MSBuild\Microsoft.Cpp\v4.0\V120\Microsoft.BuildSteps.Targets".
Overriding target "AfterBuild" in project "C:\Program Files (x86)\MSBuild\12.0\bin\Microsoft.Common.CurrentVersion.targets" with target "AfterBuild" from project "C:\Program Files (x86)\MSBuild\Microsoft.Cpp\v4.0\V120\Microsoft.BuildSteps.Targets".
Overriding target "PrepareForBuild" in project "C:\Program Files (x86)\MSBuild\12.0\bin\Microsoft.Common.CurrentVersion.targets" with target "PrepareForBuild" from project "C:\Program Files (x86)\MSBuild\Microsoft.Cpp\v4.0\V120\Microsoft.CppBuild.targets".
Overriding target "GetTargetPath" in project "C:\Program Files (x86)\MSBuild\12.0\bin\Microsoft.Common.CurrentVersion.targets" with target "GetTargetPath" from project "C:\Program Files (x86)\MSBuild\Microsoft.Cpp\v4.0\V120\Microsoft.CppBuild.targets".
Overriding target "ComputeIntermediateSatelliteAssemblies" in project "C:\Program Files (x86)\MSBuild\12.0\bin\Microsoft.Common.CurrentVersion.targets" with target "ComputeIntermediateSatelliteAssemblies" from project "C:\Program Files (x86)\MSBuild\Microsoft.Cpp\v4.0\V120\Microsoft.CppBuild.targets".
Overriding target "ClCompile" in project "C:\Program Files (x86)\MSBuild\Microsoft.Cpp\v4.0\V120\Microsoft.CppBuild.targets" with target "ClCompile" from project "C:\Program Files (x86)\MSBuild\Microsoft.Cpp\v4.0\V120\Microsoft.CppBuild.targets".
Overriding target "ResourceCompile" in project "C:\Program Files (x86)\MSBuild\Microsoft.Cpp\v4.0\V120\Microsoft.CppBuild.targets" with target "ResourceCompile" from project "C:\Program Files (x86)\MSBuild\Microsoft.Cpp\v4.0\V120\Microsoft.CppBuild.targets".
Overriding target "Lib" in project "C:\Program Files (x86)\MSBuild\Microsoft.Cpp\v4.0\V120\Microsoft.CppBuild.targets" with target "Lib" from project "C:\Program Files (x86)\MSBuild\Microsoft.Cpp\v4.0\V120\Microsoft.CppBuild.targets".
Overriding target "Link" in project "C:\Program Files (x86)\MSBuild\Microsoft.Cpp\v4.0\V120\Microsoft.CppBuild.targets" with target "Link" from project "C:\Program Files (x86)\MSBuild\Microsoft.Cpp\v4.0\V120\Microsoft.CppBuild.targets".
Overriding target "AllProjectOutputGroups" in project "C:\Program Files (x86)\MSBuild\12.0\bin\Microsoft.Common.CurrentVersion.targets" with target "AllProjectOutputGroups" from project "C:\Program Files (x86)\MSBuild\Microsoft.Cpp\v4.0\V120\Microsoft.CppBuild.targets".
Overriding target "BuiltProjectOutputGroup" in project "C:\Program Files (x86)\MSBuild\12.0\bin\Microsoft.Common.CurrentVersion.targets" with target "BuiltProjectOutputGroup" from project "C:\Program Files (x86)\MSBuild\Microsoft.Cpp\v4.0\V120\Microsoft.CppBuild.targets".
Overriding target "DebugSymbolsProjectOutputGroup" in project "C:\Program Files (x86)\MSBuild\12.0\bin\Microsoft.Common.CurrentVersion.targets" with target "DebugSymbolsProjectOutputGroup" from project "C:\Program Files (x86)\MSBuild\Microsoft.Cpp\v4.0\V120\Microsoft.CppBuild.targets".
Overriding target "DocumentationProjectOutputGroup" in project "C:\Program Files (x86)\MSBuild\12.0\bin\Microsoft.Common.CurrentVersion.targets" with target "DocumentationProjectOutputGroup" from project "C:\Program Files (x86)\MSBuild\Microsoft.Cpp\v4.0\V120\Microsoft.CppBuild.targets".
Overriding target "SourceFilesProjectOutputGroup" in project "C:\Program Files (x86)\MSBuild\12.0\bin\Microsoft.Common.CurrentVersion.targets" with target "SourceFilesProjectOutputGroup" from project "C:\Program Files (x86)\MSBuild\Microsoft.Cpp\v4.0\V120\Microsoft.CppBuild.targets".
Overriding target "ContentFilesProjectOutputGroup" in project "C:\Program Files (x86)\MSBuild\12.0\bin\Microsoft.Common.CurrentVersion.targets" with target "ContentFilesProjectOutputGroup" from project "C:\Program Files (x86)\MSBuild\Microsoft.Cpp\v4.0\V120\Microsoft.CppBuild.targets".
Overriding target "AllProjectOutputGroupsDependencies" in project "C:\Program Files (x86)\MSBuild\12.0\bin\Microsoft.Common.CurrentVersion.targets" with target "AllProjectOutputGroupsDependencies" from project "C:\Program Files (x86)\MSBuild\Microsoft.Cpp\v4.0\V120\Microsoft.CppBuild.targets".
Overriding target "BuiltProjectOutputGroupDependencies" in project "C:\Program Files (x86)\MSBuild\12.0\bin\Microsoft.Common.CurrentVersion.targets" with target "BuiltProjectOutputGroupDependencies" from project "C:\Program Files (x86)\MSBuild\Microsoft.Cpp\v4.0\V120\Microsoft.CppBuild.targets".
Overriding target "DebugSymbolsProjectOutputGroupDependencies" in project "C:\Program Files (x86)\MSBuild\12.0\bin\Microsoft.Common.CurrentVersion.targets" with target "DebugSymbolsProjectOutputGroupDependencies" from project "C:\Program Files (x86)\MSBuild\Microsoft.Cpp\v4.0\V120\Microsoft.CppBuild.targets".
Overriding target "DocumentationProjectOutputGroupDependencies" in project "C:\Program Files (x86)\MSBuild\12.0\bin\Microsoft.Common.CurrentVersion.targets" with target "DocumentationProjectOutputGroupDependencies" from project "C:\Program Files (x86)\MSBuild\Microsoft.Cpp\v4.0\V120\Microsoft.CppBuild.targets".
Overriding target "PreBuildEvent" in project "C:\Program Files (x86)\MSBuild\12.0\bin\Microsoft.Common.CurrentVersion.targets" with target "PreBuildEvent" from project "C:\Program Files (x86)\MSBuild\Microsoft.Cpp\v4.0\V120\Microsoft.CppCommon.targets".
Overriding target "PostBuildEvent" in project "C:\Program Files (x86)\MSBuild\12.0\bin\Microsoft.Common.CurrentVersion.targets" with target "PostBuildEvent" from project "C:\Program Files (x86)\MSBuild\Microsoft.Cpp\v4.0\V120\Microsoft.CppCommon.targets".
Overriding target "ClCompile" in project "C:\Program Files (x86)\MSBuild\Microsoft.Cpp\v4.0\V120\Microsoft.CppBuild.targets" with target "ClCompile" from project "C:\Program Files (x86)\MSBuild\Microsoft.Cpp\v4.0\V120\Microsoft.CppCommon.targets".
Overriding target "Link" in project "C:\Program Files (x86)\MSBuild\Microsoft.Cpp\v4.0\V120\Microsoft.CppBuild.targets" with target "Link" from project "C:\Program Files (x86)\MSBuild\Microsoft.Cpp\v4.0\V120\Microsoft.CppCommon.targets".
Overriding target "Lib" in project "C:\Program Files (x86)\MSBuild\Microsoft.Cpp\v4.0\V120\Microsoft.CppBuild.targets" with target "Lib" from project "C:\Program Files (x86)\MSBuild\Microsoft.Cpp\v4.0\V120\Microsoft.CppCommon.targets".
Overriding target "ImpLib" in project "C:\Program Files (x86)\MSBuild\Microsoft.Cpp\v4.0\V120\Microsoft.CppBuild.targets" with target "ImpLib" from project "C:\Program Files (x86)\MSBuild\Microsoft.Cpp\v4.0\V120\Microsoft.CppCommon.targets".
Overriding target "Midl" in project "C:\Program Files (x86)\MSBuild\Microsoft.Cpp\v4.0\V120\Microsoft.CppBuild.targets" with target "Midl" from project "C:\Program Files (x86)\MSBuild\Microsoft.Cpp\v4.0\V120\Microsoft.CppCommon.targets".
Overriding target "ResourceCompile" in project "C:\Program Files (x86)\MSBuild\Microsoft.Cpp\v4.0\V120\Microsoft.CppBuild.targets" with target "ResourceCompile" from project "C:\Program Files (x86)\MSBuild\Microsoft.Cpp\v4.0\V120\Microsoft.CppCommon.targets".
Overriding target "BeforeResGen" in project "C:\Program Files (x86)\MSBuild\12.0\bin\Microsoft.Common.CurrentVersion.targets" with target "BeforeResGen" from project "C:\Program Files (x86)\MSBuild\Microsoft.Cpp\v4.0\V120\Microsoft.CppCommon.targets".
Overriding target "ResGen" in project "C:\Program Files (x86)\MSBuild\12.0\bin\Microsoft.Common.CurrentVersion.targets" with target "ResGen" from project "C:\Program Files (x86)\MSBuild\Microsoft.Cpp\v4.0\V120\Microsoft.CppCommon.targets".
Overriding target "GenerateSatelliteAssemblies" in project "C:\Program Files (x86)\MSBuild\12.0\bin\Microsoft.Common.CurrentVersion.targets" with target "GenerateSatelliteAssemblies" from project "C:\Program Files (x86)\MSBuild\Microsoft.Cpp\v4.0\V120\Microsoft.CppCommon.targets".
Overriding target "Manifest" in project "C:\Program Files (x86)\MSBuild\Microsoft.Cpp\v4.0\V120\Microsoft.CppBuild.targets" with target "Manifest" from project "C:\Program Files (x86)\MSBuild\Microsoft.Cpp\v4.0\V120\Microsoft.CppCommon.targets".
Overriding target "XdcMake" in project "C:\Program Files (x86)\MSBuild\Microsoft.Cpp\v4.0\V120\Microsoft.CppBuild.targets" with target "XdcMake" from project "C:\Program Files (x86)\MSBuild\Microsoft.Cpp\v4.0\V120\Microsoft.CppCommon.targets".
Overriding target "BscMake" in project "C:\Program Files (x86)\MSBuild\Microsoft.Cpp\v4.0\V120\Microsoft.CppBuild.targets" with target "BscMake" from project "C:\Program Files (x86)\MSBuild\Microsoft.Cpp\v4.0\V120\Microsoft.CppCommon.targets".
Overriding target "ComputeMetaGenInputs" in project "C:\Program Files (x86)\MSBuild\Microsoft.Cpp\v4.0\V120\Microsoft.MetaGen.targets" with target "ComputeMetaGenInputs" from project "C:\Program Files (x86)\MSBuild\Microsoft.Cpp\v4.0\V120\Microsoft.CppCommon.targets".
Overriding target "GetNativeManifest" in project "C:\Program Files (x86)\MSBuild\12.0\bin\Microsoft.Common.CurrentVersion.targets" with target "GetNativeManifest" from project "C:\Program Files (x86)\MSBuild\Microsoft.Cpp\v4.0\V120\Microsoft.CppCommon.targets".
Overriding target "AfterBuild" in project "C:\Program Files (x86)\MSBuild\Microsoft.Cpp\v4.0\V120\Microsoft.BuildSteps.Targets" with target "AfterBuild" from project "C:\prod\SonarQube\cxx\MSBuild\GtestXunitConverterTask.targets".
The target "AfterGenerateAppxManifest" listed in an AfterTargets attribute at "C:\Program Files (x86)\MSBuild\Microsoft\.NetNative\Microsoft.NetNative.targets (60,11)" does not exist in the project, and will be ignored.
The target "AfterGenerateAppxManifest" listed in an AfterTargets attribute at "C:\Program Files (x86)\MSBuild\Microsoft\.NetNative\Microsoft.NetNative.targets (108,11)" does not exist in the project, and will be ignored.
Project "C:\prod\SonarQube\cxx\sonar-cxx\integration-tests\testdata\googletest_bullseye_vs_project\PathHandling.Test\PathHandling.Test.vcxproj.metaproj" (3) is building "C:\prod\SonarQube\cxx\sonar-cxx\integration-tests\testdata\googletest_bullseye_vs_project\PathHandling.Test\PathHandling.Test.vcxproj" (4) on node 1 (default targets).
Building with tools version "12.0".
Target "_CheckForInvalidConfigurationAndPlatform" in file "C:\Program Files (x86)\MSBuild\12.0\bin\Microsoft.Common.CurrentVersion.targets" from project "C:\prod\SonarQube\cxx\sonar-cxx\integration-tests\testdata\googletest_bullseye_vs_project\PathHandling.Test\PathHandling.Test.vcxproj" (entry point):
Task "Error" skipped, due to false condition; ( '$(_InvalidConfigurationError)' == 'true' ) was evaluated as ( '' == 'true' ).
Task "Warning" skipped, due to false condition; ( '$(_InvalidConfigurationWarning)' == 'true' ) was evaluated as ( '' == 'true' ).
Task "Message"
  Configuration=Debug
Done executing task "Message".
Task "Message"
  Platform=Win32
Done executing task "Message".
Task "Error" skipped, due to false condition; ('$(OutDir)' != '' and !HasTrailingSlash('$(OutDir)')) was evaluated as ('C:\prod\SonarQube\cxx\sonar-cxx\integration-tests\testdata\googletest_bullseye_vs_project\BuildDrop\Test\v120\Win32\Debug\\' != '' and !HasTrailingSlash('C:\prod\SonarQube\cxx\sonar-cxx\integration-tests\testdata\googletest_bullseye_vs_project\BuildDrop\Test\v120\Win32\Debug\\')).
Task "Error" skipped, due to false condition; ('$(BaseIntermediateOutputPath)' != '' and !HasTrailingSlash('$(BaseIntermediateOutputPath)')) was evaluated as ('obj\' != '' and !HasTrailingSlash('obj\')).
Task "Error" skipped, due to false condition; ('$(IntermediateOutputPath)' != '' and !HasTrailingSlash('$(IntermediateOutputPath)')) was evaluated as ('C:\prod\SonarQube\cxx\sonar-cxx\integration-tests\testdata\googletest_bullseye_vs_project\ObjDrop\pathhandling\v120\Debug\Win32\v120\PathHandling.Test\' != '' and !HasTrailingSlash('C:\prod\SonarQube\cxx\sonar-cxx\integration-tests\testdata\googletest_bullseye_vs_project\ObjDrop\pathhandling\v120\Debug\Win32\v120\PathHandling.Test\')).
Done building target "_CheckForInvalidConfigurationAndPlatform" in project "PathHandling.Test.vcxproj".
Target "gtestmock_redist_init" in file "C:\prod\SonarQube\cxx\packages\gtestmock.redist.1.7.2\build\native\gtestmock.redist.targets" from project "C:\prod\SonarQube\cxx\sonar-cxx\integration-tests\testdata\googletest_bullseye_vs_project\PathHandling.Test\PathHandling.Test.vcxproj" (entry point):
Task "gtestmock_redist_Contains" skipped, due to false condition; ('$(Linkage-gtestmock_redist)'=='') was evaluated as ('dynamic'=='').
Task "gtestmock_redist_Contains" skipped, due to false condition; ('$(Linkage-gtestmock_redist)'=='') was evaluated as ('dynamic'=='').
Task "gtestmock_redist_Contains" skipped, due to false condition; ('$(Linkage-gtestmock_redist)'=='') was evaluated as ('dynamic'=='').
Task "gtestmock_redist_Contains" skipped, due to false condition; ('$(Linkage-gtestmock_redist)'=='') was evaluated as ('dynamic'=='').
Task "gtestmock_redist_Contains" skipped, due to false condition; ('$(CallingConvention-gtestmock_redist)'=='') was evaluated as ('cdecl'=='').
Task "gtestmock_redist_Contains" skipped, due to false condition; ('$(CallingConvention-gtestmock_redist)'=='') was evaluated as ('cdecl'=='').
Task "gtestmock_redist_Contains" skipped, due to false condition; ('$(CallingConvention-gtestmock_redist)'=='') was evaluated as ('cdecl'=='').
Task "gtestmock_redist_Contains" skipped, due to false condition; ('$(CallingConvention-gtestmock_redist)'=='') was evaluated as ('cdecl'=='').
Task "gtestmock_redist_Contains" skipped, due to false condition; ('$(CallingConvention-gtestmock_redist)'=='') was evaluated as ('cdecl'=='').
Done building target "gtestmock_redist_init" in project "PathHandling.Test.vcxproj".
Target "gtestmock_redist_init_2" in file "C:\prod\SonarQube\cxx\packages\gtestmock.redist.1.7.2\build\native\gtestmock.redist.targets" from project "C:\prod\SonarQube\cxx\sonar-cxx\integration-tests\testdata\googletest_bullseye_vs_project\PathHandling.Test\PathHandling.Test.vcxproj" (entry point):
Task "SetEnv" skipped, due to false condition; ('$(Platform.ToLower())' == 'x64' And '$(PlatformToolset.ToLower())' == 'v100' And '$(Linkage-gtestmock_redist.ToLower())' == 'dynamic') was evaluated as ('win32' == 'x64' And 'v120' == 'v100' And 'dynamic' == 'dynamic').
Task "SetEnv" skipped, due to false condition; ('$(Platform.ToLower())' == 'win32' And '$(PlatformToolset.ToLower())' == 'v100' And '$(Linkage-gtestmock_redist.ToLower())' == 'dynamic') was evaluated as ('win32' == 'win32' And 'v120' == 'v100' And 'dynamic' == 'dynamic').
Task "SetEnv" skipped, due to false condition; ('$(Platform.ToLower())' == 'x64' And ( $(PlatformToolset.ToLower().IndexOf('v120')) > -1 Or '$(PlatformToolset.ToLower())' == 'windowskernelmodedriver8.0' Or '$(PlatformToolset.ToLower())' == 'windowsapplicationfordrivers8.0' Or '$(PlatformToolset.ToLower())' == 'windowsusermodedriver8.0' ) And '$(Linkage-gtestmock_redist.ToLower())' == 'dynamic') was evaluated as ('win32' == 'x64' And ( 0 > -1 Or 'v120' == 'windowskernelmodedriver8.0' Or 'v120' == 'windowsapplicationfordrivers8.0' Or 'v120' == 'windowsusermodedriver8.0' ) And 'dynamic' == 'dynamic').
Using "SetEnv" task from assembly "C:\Program Files (x86)\MSBuild\Microsoft.Cpp\v4.0\V120\Microsoft.Build.CppTasks.Common.dll".
Task "SetEnv"
  PATH=C:\prod\SonarQube\cxx\packages\gtestmock.redist.1.7.2\build\native\../..//build/native/bin/Win32\v120\dynamicC:\Program Files (x86)\Microsoft Visual Studio 12.0\Common7\IDE\CommonExtensions\Microsoft\TestWindow;C:\Program Files (x86)\Microsoft SDKs\F#\3.1\Framework\v4.0\;C:\Program Files (x86)\Microsoft SDKs\TypeScript\1.0;C:\Program Files (x86)\MSBuild\12.0\bin;C:\Program Files (x86)\Microsoft Visual Studio 12.0\Common7\IDE\;C:\Program Files (x86)\Microsoft Visual Studio 12.0\VC\BIN;C:\Program Files (x86)\Microsoft Visual Studio 12.0\Common7\Tools;C:\Windows\Microsoft.NET\Framework\v4.0.30319;C:\Program Files (x86)\Microsoft Visual Studio 12.0\VC\VCPackages;C:\Program Files (x86)\HTML Help Workshop;C:\Program Files (x86)\Microsoft Visual Studio 12.0\Team Tools\Performance Tools;C:\Program Files (x86)\Windows Kits\8.1\bin\x86;C:\Program Files (x86)\Microsoft SDKs\Windows\v8.1A\bin\NETFX 4.5.1 Tools\;C:\ProgramData\Oracle\Java\javapath;C:\Program Files (x86)\Intel\iCLS Client\;C:\Program Files\Intel\iCLS Client\;C:\Windows\system32;C:\Windows;C:\Windows\System32\Wbem;C:\Windows\System32\WindowsPowerShell\v1.0\;C:\Windows\CCM;C:\Windows\CCM;C:\Program Files\Intel\Intel(R) Management Engine Components\DAL;C:\Program Files (x86)\Intel\Intel(R) Management Engine Components\DAL;C:\Program Files\Intel\Intel(R) Management Engine Components\IPT;C:\Program Files (x86)\Intel\Intel(R) Management Engine Components\IPT;C:\Program Files (x86)\Git\cmd;C:\Program Files (x86)\GitExtensions\;C:\Program Files (x86)\Seapine\TestTrack;C:\Program Files (x86)\Windows Kits\8.1\Windows Performance Toolkit\;C:\Program Files\Microsoft SQL Server\120\Tools\Binn\;C:\Program Files (x86)\Microsoft SDKs\TypeScript\1.4\;C:\Program Files\Microsoft SQL Server\110\Tools\Binn\;C:\Program Files (x86)\Microsoft SDKs\TypeScript\1.0\;C:\Program Files\Java\jdk1.8.0_31\bin;C:\sw\apache-maven-3.2.5\bin;C:\sw\sonar-scanner-2.4\bin
Done executing task "SetEnv".
Task "SetEnv" skipped, due to false condition; ('$(Platform.ToLower())' == 'x64' And '$(PlatformToolset.ToLower())' == 'v140' And '$(Linkage-gtestmock_redist.ToLower())' == 'dynamic') was evaluated as ('win32' == 'x64' And 'v120' == 'v140' And 'dynamic' == 'dynamic').
Task "SetEnv" skipped, due to false condition; ('$(Platform.ToLower())' == 'win32' And '$(PlatformToolset.ToLower())' == 'v140' And '$(Linkage-gtestmock_redist.ToLower())' == 'dynamic') was evaluated as ('win32' == 'win32' And 'v120' == 'v140' And 'dynamic' == 'dynamic').
Done building target "gtestmock_redist_init_2" in project "PathHandling.Test.vcxproj".
Target "gtestmock_init" in file "C:\prod\SonarQube\cxx\packages\gtestmock.1.7.2\build\native\gtestmock.targets" from project "C:\prod\SonarQube\cxx\sonar-cxx\integration-tests\testdata\googletest_bullseye_vs_project\PathHandling.Test\PathHandling.Test.vcxproj" (entry point):
Task "gtestmock_Contains" skipped, due to false condition; ('$(Linkage-gtestmock)'=='') was evaluated as ('static'=='').
Task "gtestmock_Contains" skipped, due to false condition; ('$(Linkage-gtestmock)'=='') was evaluated as ('static'=='').
Task "gtestmock_Contains" skipped, due to false condition; ('$(Linkage-gtestmock)'=='') was evaluated as ('static'=='').
Task "gtestmock_Contains" skipped, due to false condition; ('$(Linkage-gtestmock)'=='') was evaluated as ('static'=='').
Task "gtestmock_Contains" skipped, due to false condition; ('$(CallingConvention-gtestmock)'=='') was evaluated as ('cdecl'=='').
Task "gtestmock_Contains" skipped, due to false condition; ('$(CallingConvention-gtestmock)'=='') was evaluated as ('cdecl'=='').
Task "gtestmock_Contains" skipped, due to false condition; ('$(CallingConvention-gtestmock)'=='') was evaluated as ('cdecl'=='').
Task "gtestmock_Contains" skipped, due to false condition; ('$(CallingConvention-gtestmock)'=='') was evaluated as ('cdecl'=='').
Task "gtestmock_Contains" skipped, due to false condition; ('$(CallingConvention-gtestmock)'=='') was evaluated as ('cdecl'=='').
Done building target "gtestmock_init" in project "PathHandling.Test.vcxproj".
Target "_PrepareForBuild" in file "C:\Program Files (x86)\MSBuild\Microsoft.Cpp\v4.0\V120\Microsoft.BuildSteps.Targets" from project "C:\prod\SonarQube\cxx\sonar-cxx\integration-tests\testdata\googletest_bullseye_vs_project\PathHandling.Test\PathHandling.Test.vcxproj" (target "Build" depends on it):
Task "CreateItem" skipped, due to false condition; ('%(CustomBuild.IncludeFileToTool)'!='') was evaluated as (''!='').
Done building target "_PrepareForBuild" in project "PathHandling.Test.vcxproj".
Target "_PrepareForReferenceResolution" in file "C:\Program Files (x86)\MSBuild\Microsoft.Cpp\v4.0\V120\Microsoft.CppBuild.targets" from project "C:\prod\SonarQube\cxx\sonar-cxx\integration-tests\testdata\googletest_bullseye_vs_project\PathHandling.Test\PathHandling.Test.vcxproj" (target "ResolveReferences" depends on it):
Task "Message" skipped, due to false condition; ('$(_REFERENCE_DEBUG)'=='true') was evaluated as (''=='true').
Done building target "_PrepareForReferenceResolution" in project "PathHandling.Test.vcxproj".
Target "ComputeCrtSDKReference" skipped, due to false condition; ('@(ClCompile)'!='' and '$(WindowsAppContainer)'=='true' and '$(UseCrtSDKReference)' != 'false') was evaluated as ('main.cpp;PathHandlingTest.cpp'!='' and 'false'=='true' and '' != 'false').
Target "BeforeResolveReferences" in file "C:\Program Files (x86)\MSBuild\12.0\bin\Microsoft.Common.CurrentVersion.targets" from project "C:\prod\SonarQube\cxx\sonar-cxx\integration-tests\testdata\googletest_bullseye_vs_project\PathHandling.Test\PathHandling.Test.vcxproj" (target "ResolveReferences" depends on it):
Done building target "BeforeResolveReferences" in project "PathHandling.Test.vcxproj".
Target "AssignProjectConfiguration" in file "C:\Program Files (x86)\MSBuild\12.0\bin\Microsoft.Common.CurrentVersion.targets" from project "C:\prod\SonarQube\cxx\sonar-cxx\integration-tests\testdata\googletest_bullseye_vs_project\PathHandling.Test\PathHandling.Test.vcxproj" (target "ResolveReferences" depends on it):
Task "AssignProjectConfiguration"
  Project reference "..\PathHandling\PathHandling.vcxproj" has been assigned the "Debug|Win32" configuration.
Done executing task "AssignProjectConfiguration".
Done building target "AssignProjectConfiguration" in project "PathHandling.Test.vcxproj".
Target "AssignProjectConfiguration" skipped. Previously built successfully.
Target "_SplitProjectReferencesByFileExistence" in file "C:\Program Files (x86)\MSBuild\12.0\bin\Microsoft.Common.CurrentVersion.targets" from project "C:\prod\SonarQube\cxx\sonar-cxx\integration-tests\testdata\googletest_bullseye_vs_project\PathHandling.Test\PathHandling.Test.vcxproj" (target "ResolveProjectReferences" depends on it):
Task "ResolveNonMSBuildProjectOutput" skipped, due to false condition; ('$(BuildingInsideVisualStudio)'=='true' and '@(ProjectReferenceWithConfiguration)'!='') was evaluated as (''=='true' and '..\PathHandling\PathHandling.vcxproj'!='').
Done building target "_SplitProjectReferencesByFileExistence" in project "PathHandling.Test.vcxproj".
Target "_RemoveNameMetadataFromProjectReferenceItems" in file "C:\Program Files (x86)\MSBuild\Microsoft.Cpp\v4.0\V120\Microsoft.CppBuild.targets" from project "C:\prod\SonarQube\cxx\sonar-cxx\integration-tests\testdata\googletest_bullseye_vs_project\PathHandling.Test\PathHandling.Test.vcxproj" (target "ResolveProjectReferences" depends on it):
Done building target "_RemoveNameMetadataFromProjectReferenceItems" in project "PathHandling.Test.vcxproj".
Target "ResolveProjectReferences" in file "C:\Program Files (x86)\MSBuild\12.0\bin\Microsoft.Common.CurrentVersion.targets" from project "C:\prod\SonarQube\cxx\sonar-cxx\integration-tests\testdata\googletest_bullseye_vs_project\PathHandling.Test\PathHandling.Test.vcxproj" (target "ResolveReferences" depends on it):
Task "MSBuild" skipped, due to false condition; ('%(_MSBuildProjectReferenceExistent.BuildReference)' == 'true' and '@(ProjectReferenceWithConfiguration)' != '' and ('$(BuildingInsideVisualStudio)' == 'true' or '$(BuildProjectReferences)' != 'true') and '$(VisualStudioVersion)' != '10.0' and '@(_MSBuildProjectReferenceExistent)' != '') was evaluated as ('true' == 'true' and '..\PathHandling\PathHandling.vcxproj' != '' and ('' == 'true' or 'true' != 'true') and '12.0' != '10.0' and '..\PathHandling\PathHandling.vcxproj' != '').
Task "MSBuild" skipped, due to false condition; ('%(_MSBuildProjectReferenceExistent.BuildReference)' == 'true' and '@(ProjectReferenceWithConfiguration)' != '' and ('$(BuildingInsideVisualStudio)' == 'true' or '$(BuildProjectReferences)' != 'true') and '$(VisualStudioVersion)' == '10.0' and '@(_MSBuildProjectReferenceExistent)' != '') was evaluated as ('true' == 'true' and '..\PathHandling\PathHandling.vcxproj' != '' and ('' == 'true' or 'true' != 'true') and '12.0' == '10.0' and '..\PathHandling\PathHandling.vcxproj' != '').
Using "MSBuild" task from assembly "Microsoft.Build.Tasks.v12.0, Version=12.0.0.0, Culture=neutral, PublicKeyToken=b03f5f7f11d50a3a".
Task "MSBuild"
  Global Properties:
    Configuration=Debug
    Platform=Win32
Project "C:\prod\SonarQube\cxx\sonar-cxx\integration-tests\testdata\googletest_bullseye_vs_project\PathHandling.Test\PathHandling.Test.vcxproj" (4) is building "C:\prod\SonarQube\cxx\sonar-cxx\integration-tests\testdata\googletest_bullseye_vs_project\PathHandling\PathHandling.vcxproj" (2:3) on node 1 (default targets).
Building with tools version "12.0".
Target "_CheckForInvalidConfigurationAndPlatform" skipped. Previously built successfully.
Target "Build" skipped. Previously built successfully.
Done Building Project "C:\prod\SonarQube\cxx\sonar-cxx\integration-tests\testdata\googletest_bullseye_vs_project\PathHandling\PathHandling.vcxproj" (default targets).
Done executing task "MSBuild".
Task "MSBuild"
  Global Properties:
    Configuration=Debug
    Platform=Win32
Project "C:\prod\SonarQube\cxx\sonar-cxx\integration-tests\testdata\googletest_bullseye_vs_project\PathHandling.Test\PathHandling.Test.vcxproj" (4) is building "C:\prod\SonarQube\cxx\sonar-cxx\integration-tests\testdata\googletest_bullseye_vs_project\PathHandling\PathHandling.vcxproj" (2:4) on node 1 (GetNativeManifest target(s)).
Building with tools version "12.0".
Project file contains ToolsVersion="4.0". This toolset may be unknown or missing, in which case you may be able to resolve this by installing the appropriate version of MSBuild, or the build may have been forced to a particular ToolsVersion for policy reasons. Treating the project as if it had ToolsVersion="12.0". For more information, please see http://go.microsoft.com/fwlink/?LinkId=293424.
Target "_CheckForInvalidConfigurationAndPlatform" skipped. Previously built successfully.
Target "GetNativeManifest" in file "C:\Program Files (x86)\MSBuild\Microsoft.Cpp\v4.0\V120\Microsoft.CppCommon.targets" from project "C:\prod\SonarQube\cxx\sonar-cxx\integration-tests\testdata\googletest_bullseye_vs_project\PathHandling\PathHandling.vcxproj" (entry point):
Done building target "GetNativeManifest" in project "PathHandling.vcxproj".
Done Building Project "C:\prod\SonarQube\cxx\sonar-cxx\integration-tests\testdata\googletest_bullseye_vs_project\PathHandling\PathHandling.vcxproj" (GetNativeManifest target(s)).
Done executing task "MSBuild".
Task "Warning" skipped, due to false condition; ('@(ProjectReferenceWithConfiguration)' != '' and '@(_MSBuildProjectReferenceNonexistent)' != '') was evaluated as ('..\PathHandling\PathHandling.vcxproj' != '' and '' != '').
Done building target "ResolveProjectReferences" in project "PathHandling.Test.vcxproj".
Target "FindInvalidProjectReferences" skipped, due to false condition; ('$(FindInvalidProjectReferences)' == 'true') was evaluated as ('' == 'true').
Target "ResolveNativeReferences" skipped, due to false condition; ('@(NativeReference)'!='') was evaluated as (''!='').
Target "_PrepareForReferenceResolution" skipped. Previously built successfully.
Target "GetFrameworkPaths" in file "C:\Program Files (x86)\MSBuild\12.0\bin\Microsoft.NetFramework.CurrentVersion.targets" from project "C:\prod\SonarQube\cxx\sonar-cxx\integration-tests\testdata\googletest_bullseye_vs_project\PathHandling.Test\PathHandling.Test.vcxproj" (target "ResolveAssemblyReferences" depends on it):
Done building target "GetFrameworkPaths" in project "PathHandling.Test.vcxproj".
Target "GetWinFXPath" skipped, due to false condition; (('@(Page)' != '' or '@(ApplicationDefinition)' != '' or '@(Resource)' != '') and ('$(GetWinFXNativePath)' != '' or '$(GetWinFXWoWPath)' != '' )) was evaluated as (('' != '' or '' != '' or '' != '') and ('' != '' or '' != '' )).
Target "GetReferenceAssemblyPaths" in file "C:\Program Files (x86)\MSBuild\12.0\bin\Microsoft.Common.CurrentVersion.targets" from project "C:\prod\SonarQube\cxx\sonar-cxx\integration-tests\testdata\googletest_bullseye_vs_project\PathHandling.Test\PathHandling.Test.vcxproj" (target "ResolveAssemblyReferences" depends on it):
Task "GetReferenceAssemblyPaths" skipped, due to false condition; ('$(TargetFrameworkMoniker)' != '' and ('$(_TargetFrameworkDirectories)' == '' or '$(_FullFrameworkReferenceAssemblyPaths)' == '')) was evaluated as ('' != '' and ('C:\Program Files (x86)\Reference Assemblies\Microsoft\Framework\.NETFramework\v4.0' == '' or 'C:\Program Files (x86)\Reference Assemblies\Microsoft\Framework\.NETFramework\v4.0' == '')).
Done building target "GetReferenceAssemblyPaths" in project "PathHandling.Test.vcxproj".
Target "SetBuildDefaultEnvironmentVariables" in file "C:\Program Files (x86)\MSBuild\Microsoft.Cpp\v4.0\V120\Microsoft.Cpp.targets" from project "C:\prod\SonarQube\cxx\sonar-cxx\integration-tests\testdata\googletest_bullseye_vs_project\PathHandling.Test\PathHandling.Test.vcxproj" (target "PrepareForBuild" depends on it):
Task "SetEnv"
  PATH=C:\Program Files (x86)\BullseyeCoverage\bin;C:\Program Files (x86)\Microsoft Visual Studio 12.0\VC\bin;C:\Program Files (x86)\Windows Kits\8.1\bin\x86;;C:\Program Files (x86)\Microsoft SDKs\Windows\v8.1A\bin\NETFX 4.5.1 Tools;C:\Program Files (x86)\Microsoft Visual Studio 12.0\Common7\Tools\bin;C:\Program Files (x86)\Microsoft Visual Studio 12.0\Common7\tools;C:\Program Files (x86)\Microsoft Visual Studio 12.0\Common7\ide;C:\Program Files (x86)\HTML Help Workshop;;C:\Program Files (x86)\MSBuild\12.0\bin\;C:\Windows\Microsoft.NET\Framework\v4.0.30319\;C:\Windows\SysWow64;;C:\Program Files (x86)\Microsoft Visual Studio 12.0\Common7\IDE\CommonExtensions\Microsoft\TestWindow;C:\Program Files (x86)\Microsoft SDKs\F#\3.1\Framework\v4.0\;C:\Program Files (x86)\Microsoft SDKs\TypeScript\1.0;C:\Program Files (x86)\MSBuild\12.0\bin;C:\Program Files (x86)\Microsoft Visual Studio 12.0\Common7\IDE\;C:\Program Files (x86)\Microsoft Visual Studio 12.0\VC\BIN;C:\Program Files (x86)\Microsoft Visual Studio 12.0\Common7\Tools;C:\Windows\Microsoft.NET\Framework\v4.0.30319;C:\Program Files (x86)\Microsoft Visual Studio 12.0\VC\VCPackages;C:\Program Files (x86)\HTML Help Workshop;C:\Program Files (x86)\Microsoft Visual Studio 12.0\Team Tools\Performance Tools;C:\Program Files (x86)\Windows Kits\8.1\bin\x86;C:\Program Files (x86)\Microsoft SDKs\Windows\v8.1A\bin\NETFX 4.5.1 Tools\;C:\ProgramData\Oracle\Java\javapath;C:\Program Files (x86)\Intel\iCLS Client\;C:\Program Files\Intel\iCLS Client\;C:\Windows\system32;C:\Windows;C:\Windows\System32\Wbem;C:\Windows\System32\WindowsPowerShell\v1.0\;C:\Windows\CCM;C:\Windows\CCM;C:\Program Files\Intel\Intel(R) Management Engine Components\DAL;C:\Program Files (x86)\Intel\Intel(R) Management Engine Components\DAL;C:\Program Files\Intel\Intel(R) Management Engine Components\IPT;C:\Program Files (x86)\Intel\Intel(R) Management Engine Components\IPT;C:\Program Files (x86)\Git\cmd;C:\Program Files (x86)\GitExtensions\;C:\Program Files (x86)\Seapine\TestTrack;C:\Program Files (x86)\Windows Kits\8.1\Windows Performance Toolkit\;C:\Program Files\Microsoft SQL Server\120\Tools\Binn\;C:\Program Files (x86)\Microsoft SDKs\TypeScript\1.4\;C:\Program Files\Microsoft SQL Server\110\Tools\Binn\;C:\Program Files (x86)\Microsoft SDKs\TypeScript\1.0\;C:\Program Files\Java\jdk1.8.0_31\bin;C:\sw\apache-maven-3.2.5\bin;C:\sw\sonar-scanner-2.4\bin;
Done executing task "SetEnv".
Task "SetEnv"
  LIB=C:\Program Files (x86)\Microsoft Visual Studio 12.0\VC\lib;C:\Program Files (x86)\Microsoft Visual Studio 12.0\VC\atlmfc\lib;C:\Program Files (x86)\Windows Kits\8.1\lib\winv6.3\um\x86;;
Done executing task "SetEnv".
Task "SetEnv"
  LIBPATH=C:\Program Files (x86)\Microsoft Visual Studio 12.0\VC\atlmfc\lib;C:\Program Files (x86)\Microsoft Visual Studio 12.0\VC\lib;
Done executing task "SetEnv".
Task "SetEnv"
  INCLUDE=C:\Program Files (x86)\Microsoft Visual Studio 12.0\VC\include;C:\Program Files (x86)\Microsoft Visual Studio 12.0\VC\atlmfc\include;C:\Program Files (x86)\Windows Kits\8.1\Include\um;C:\Program Files (x86)\Windows Kits\8.1\Include\shared;C:\Program Files (x86)\Windows Kits\8.1\Include\winrt;;
Done executing task "SetEnv".
Done building target "SetBuildDefaultEnvironmentVariables" in project "PathHandling.Test.vcxproj".
Target "SetUserMacroEnvironmentVariables" skipped, due to false condition; ('@(BuildMacro)' != '') was evaluated as ('' != '').
Target "GetResolvedWinMD" in file "C:\Program Files (x86)\MSBuild\Microsoft.Cpp\v4.0\V120\Microsoft.CppBuild.targets" from project "C:\prod\SonarQube\cxx\sonar-cxx\integration-tests\testdata\googletest_bullseye_vs_project\PathHandling.Test\PathHandling.Test.vcxproj" (target "PrepareForBuild" depends on it):
Done building target "GetResolvedWinMD" in project "PathHandling.Test.vcxproj".
Target "PlatformPrepareForBuild" in file "C:\Program Files (x86)\MSBuild\Microsoft.Cpp\v4.0\V120\Microsoft.Cpp.Platform.targets" from project "C:\prod\SonarQube\cxx\sonar-cxx\integration-tests\testdata\googletest_bullseye_vs_project\PathHandling.Test\PathHandling.Test.vcxproj" (target "PrepareForBuild" depends on it):
Task "VCMessage" skipped, due to false condition; ('$(_Error64bitToolsNotInstalled)' == 'true') was evaluated as ('' == 'true').
Task "VCMessage" skipped, due to false condition; ('$(ConfigurationPlatformExists)' != 'true') was evaluated as ('true' != 'true').
Task "VCMessage" skipped, due to false condition; ('$(ToolsetTargetsFound)' != 'true') was evaluated as ('true' != 'true').
Done building target "PlatformPrepareForBuild" in project "PathHandling.Test.vcxproj".
Target "GetFrameworkPaths" skipped. Previously built successfully.
Target "GetReferenceAssemblyPaths" skipped. Previously built successfully.
Target "AssignLinkMetadata" skipped, due to false condition; ( '$(SynthesizeLinkMetadata)' == 'true' ) was evaluated as ( '' == 'true' ).
Target "SetCABuildNativeEnvironmentVariables" in file "C:\Program Files (x86)\MSBuild\Microsoft\VisualStudio\v12.0\CodeAnalysis\Microsoft.CodeAnalysis.targets" from project "C:\prod\SonarQube\cxx\sonar-cxx\integration-tests\testdata\googletest_bullseye_vs_project\PathHandling.Test\PathHandling.Test.vcxproj" (target "PrepareForBuild" depends on it):
Initializing task factory "CodeTaskFactory" from assembly "C:\Program Files (x86)\MSBuild\12.0\bin\Microsoft.Build.Tasks.v12.0.dll".
Using "SetEnvironmentVariable" task from the task factory "Code Task Factory".
Task "SetEnvironmentVariable"
Done executing task "SetEnvironmentVariable".
Done building target "SetCABuildNativeEnvironmentVariables" in project "PathHandling.Test.vcxproj".
Target "EnsureNuGetPackageBuildImports" in project "C:\prod\SonarQube\cxx\sonar-cxx\integration-tests\testdata\googletest_bullseye_vs_project\PathHandling.Test\PathHandling.Test.vcxproj" (target "PrepareForBuild" depends on it):
Task "Error" skipped, due to false condition; (!Exists('..\..\..\..\..\packages\gtestmock.redist.1.7.2\build\native\gtestmock.redist.targets')) was evaluated as (!Exists('..\..\..\..\..\packages\gtestmock.redist.1.7.2\build\native\gtestmock.redist.targets')).
Task "Error" skipped, due to false condition; (!Exists('..\..\..\..\..\packages\gtestmock.1.7.2\build\native\gtestmock.targets')) was evaluated as (!Exists('..\..\..\..\..\packages\gtestmock.1.7.2\build\native\gtestmock.targets')).
Done building target "EnsureNuGetPackageBuildImports" in project "PathHandling.Test.vcxproj".
Target "PrepareForBuild" in file "C:\Program Files (x86)\MSBuild\Microsoft.Cpp\v4.0\V120\Microsoft.CppBuild.targets" from project "C:\prod\SonarQube\cxx\sonar-cxx\integration-tests\testdata\googletest_bullseye_vs_project\PathHandling.Test\PathHandling.Test.vcxproj" (target "ResolveAssemblyReferences" depends on it):
Task "VCMessage" skipped, due to false condition; ('$(DesignTimeBuild)' != 'true' and '$(ConfigurationPlatformExists)' != 'true') was evaluated as ('' != 'true' and 'true' != 'true').
Task "MakeDir"
Done executing task "MakeDir".
Task "VCMessage" skipped, due to false condition; ('$(DesignTimeBuild)'!='true' and '$(WindowsAppContainer)'=='true' and '$(ConfigurationType)'!='Application' and '$(ConfigurationType)'!='DynamicLibrary' and '$(ConfigurationType)'!='StaticLibrary') was evaluated as (''!='true' and 'false'=='true' and 'Application'!='Application' and 'Application'!='DynamicLibrary' and 'Application'!='StaticLibrary').
Task "VCMessage" skipped, due to false condition; ('$(DesignTimeBuild)'!='true' and '$(VCInstallDir)'=='' and '$(UseEnv)' != 'true' and ('$(TargetFrameworkVersion)'=='v3.5' or '$(TargetFrameworkVersion)'=='v3.0' or '$(TargetFrameworkVersion)'=='v2.0' )) was evaluated as (''!='true' and 'C:\Program Files (x86)\Microsoft Visual Studio 12.0\VC\'=='' and '' != 'true' and ('v4.0'=='v3.5' or 'v4.0'=='v3.0' or 'v4.0'=='v2.0' )).
Task "VCMessage" skipped, due to false condition; ('$(DesignTimeBuild)'!='true' and '$(VCInstallDir)'=='' and '$(UseEnv)' != 'true' and '$(PlatformToolset)'=='v90') was evaluated as (''!='true' and 'C:\Program Files (x86)\Microsoft Visual Studio 12.0\VC\'=='' and '' != 'true' and 'v120'=='v90').
Task "VCMessage" skipped, due to false condition; ('$(VCInstallDir)'=='' and '$(UseEnv)' != 'true') was evaluated as ('C:\Program Files (x86)\Microsoft Visual Studio 12.0\VC\'=='' and '' != 'true').
Task "VCMessage" skipped, due to false condition; ('$(WindowsSDKDir)'=='' and '$(UseEnv)' != 'true') was evaluated as ('C:\Program Files (x86)\Windows Kits\8.1\'=='' and '' != 'true').
Task "VCMessage" skipped, due to false condition; ('$(IntDirTrailingSlashWarning)'=='true') was evaluated as (''=='true').
Task "VCMessage" skipped, due to false condition; ('$(OutDirTrailingSlashWarning)'=='true') was evaluated as (''=='true').
Task "VCMessage" skipped, due to false condition; ('%(CompatibilityIssues.Identity)' != '' and '$(DesignTimeBuild)'!='true') was evaluated as ('' != '' and ''!='true').
Task "VCMessage" skipped, due to false condition; ('$(_MBCS_Using)' == 'true' and '$(_MBCS_Installed)' != 'true' and '$(DesignTimeBuild)' != 'true') was evaluated as ('' == 'true' and '' != 'true' and '' != 'true').
Task "VCMessage" skipped, due to false condition; ('$(IgnoreWarnIntDirSharingDetected)' != 'true' and '$(IntDirSharingDetected)' == 'true') was evaluated as ('' != 'true' and '' == 'true').
Task "VCMessage" skipped, due to false condition; ('$(IgnoreWarnIntDirInTempDetected)' != 'true' and ('$(_IntDirFullpath.StartsWith($(Tmp), true, null))' == 'true' or '$(_IntDirFullpath.StartsWith($(Temp), true, null))' == 'true' or '$(_OutDirFullpath.StartsWith($(Tmp), true, null))' == 'true' or '$(_OutDirFullpath.StartsWith($(Temp), true, null))' == 'true')) was evaluated as ('' != 'true' and ('False' == 'true' or 'False' == 'true' or 'False' == 'true' or 'False' == 'true')).
Task "MakeDir"
Done executing task "MakeDir".
Done building target "PrepareForBuild" in project "PathHandling.Test.vcxproj".
Target "_PrepareForReferenceResolution" skipped. Previously built successfully.
Target "ComputeCrtSDKReference" skipped, due to false condition; ('@(ClCompile)'!='' and '$(WindowsAppContainer)'=='true' and '$(UseCrtSDKReference)' != 'false') was evaluated as ('main.cpp;PathHandlingTest.cpp'!='' and 'false'=='true' and '' != 'false').
Target "GetInstalledSDKLocations" in file "C:\Program Files (x86)\MSBuild\12.0\bin\Microsoft.Common.CurrentVersion.targets" from project "C:\prod\SonarQube\cxx\sonar-cxx\integration-tests\testdata\googletest_bullseye_vs_project\PathHandling.Test\PathHandling.Test.vcxproj" (target "ResolveSDKReferences" depends on it):
Task "GetInstalledSDKLocations" skipped, due to false condition; ('@(SDKReference)' != '') was evaluated as ('' != '').
Done building target "GetInstalledSDKLocations" in project "PathHandling.Test.vcxproj".
Target "ResolveSDKReferences" in file "C:\Program Files (x86)\MSBuild\12.0\bin\Microsoft.Common.CurrentVersion.targets" from project "C:\prod\SonarQube\cxx\sonar-cxx\integration-tests\testdata\googletest_bullseye_vs_project\PathHandling.Test\PathHandling.Test.vcxproj" (target "ResolveAssemblyReferences" depends on it):
Task "ResolveSDKReference" skipped, due to false condition; ('@(SDKReference)'!='') was evaluated as (''!='').
Done building target "ResolveSDKReferences" in project "PathHandling.Test.vcxproj".
Target "ResolveSDKReferences" skipped. Previously built successfully.
Target "ExpandSDKReferences" in file "C:\Program Files (x86)\MSBuild\12.0\bin\Microsoft.Common.CurrentVersion.targets" from project "C:\prod\SonarQube\cxx\sonar-cxx\integration-tests\testdata\googletest_bullseye_vs_project\PathHandling.Test\PathHandling.Test.vcxproj" (target "ResolveAssemblyReferences" depends on it):
Task "GetSDKReferenceFiles" skipped, due to false condition; ('@(ResolvedSDKReference)'!='') was evaluated as (''!='').
Done building target "ExpandSDKReferences" in project "PathHandling.Test.vcxproj".
Target "FakesGenerateBeforeBuild" skipped, due to false condition; (@(Fakes) != '' AND $(BuildingProject)) was evaluated as ( != '' AND true).
Target "ResolveAssemblyReferences" in file "C:\Program Files (x86)\MSBuild\12.0\bin\Microsoft.Common.CurrentVersion.targets" from project "C:\prod\SonarQube\cxx\sonar-cxx\integration-tests\testdata\googletest_bullseye_vs_project\PathHandling.Test\PathHandling.Test.vcxproj" (target "ResolveReferences" depends on it):
Task "ResolveAssemblyReference" skipped, due to false condition; ('@(Reference)'!='' or '@(_ResolvedProjectReferencePaths)'!='' or '@(_ExplicitReference)' != '') was evaluated as (''!='' or ''!='' or '' != '').
Done building target "ResolveAssemblyReferences" in project "PathHandling.Test.vcxproj".
Target "GenerateBindingRedirects" skipped, due to false condition; ('$(AutoGenerateBindingRedirects)' == 'true' and '$(GenerateBindingRedirectsOutputType)' == 'true') was evaluated as ('' == 'true' and 'true' == 'true').
Target "GenerateBindingRedirectsUpdateAppConfig" skipped, due to false condition; ('$(AutoGenerateBindingRedirects)' == 'true' and '$(GenerateBindingRedirectsOutputType)' == 'true' and Exists('$(_GenerateBindingRedirectsIntermediateAppConfig)')) was evaluated as ('' == 'true' and 'true' == 'true' and Exists('C:\prod\SonarQube\cxx\sonar-cxx\integration-tests\testdata\googletest_bullseye_vs_project\ObjDrop\pathhandling\v120\Debug\Win32\v120\PathHandling.Test\PathHandling.Test.vcxproj.PathHandling.Test.exe.config')).
Target "ResolveComReferences" skipped, due to false condition; ('@(COMReference)'!='' or '@(COMFileReference)'!='') was evaluated as (''!='' or ''!='').
Target "AfterResolveReferences" in file "C:\Program Files (x86)\MSBuild\12.0\bin\Microsoft.Common.CurrentVersion.targets" from project "C:\prod\SonarQube\cxx\sonar-cxx\integration-tests\testdata\googletest_bullseye_vs_project\PathHandling.Test\PathHandling.Test.vcxproj" (target "ResolveReferences" depends on it):
Done building target "AfterResolveReferences" in project "PathHandling.Test.vcxproj".
Target "ImplicitlyExpandDesignTimeFacades" skipped, due to false condition; ('$(ImplicitlyExpandDesignTimeFacades)' == 'true') was evaluated as ('' == 'true').
Target "ResolveTestReferences" skipped, due to false condition; ('@(Shadow)'!='') was evaluated as (''!='').
Target "ResolveReferences" in file "C:\Program Files (x86)\MSBuild\12.0\bin\Microsoft.Common.CurrentVersion.targets" from project "C:\prod\SonarQube\cxx\sonar-cxx\integration-tests\testdata\googletest_bullseye_vs_project\PathHandling.Test\PathHandling.Test.vcxproj" (target "Build" depends on it):
Done building target "ResolveReferences" in project "PathHandling.Test.vcxproj".
Target "PrepareForBuild" skipped. Previously built successfully.
Target "PrepareForBuild" skipped. Previously built successfully.
Target "InitializeBuildStatus" in file "C:\Program Files (x86)\MSBuild\Microsoft.Cpp\v4.0\V120\Microsoft.CppBuild.targets" from project "C:\prod\SonarQube\cxx\sonar-cxx\integration-tests\testdata\googletest_bullseye_vs_project\PathHandling.Test\PathHandling.Test.vcxproj" (target "Build" depends on it):
Task "ReadLinesFromFile"
Done executing task "ReadLinesFromFile".
Task "WriteLinesToFile"
Done executing task "WriteLinesToFile".
Task "Touch"
  Touching "C:\prod\SonarQube\cxx\sonar-cxx\integration-tests\testdata\googletest_bullseye_vs_project\ObjDrop\pathhandling\v120\Debug\Win32\v120\PathHandling.Test\PathHand.6C9EC6AA.tlog\unsuccessfulbuild".
Done executing task "Touch".
Done building target "InitializeBuildStatus" in project "PathHandling.Test.vcxproj".
Target "AssignProjectConfiguration" skipped. Previously built successfully.
Target "_SplitProjectReferencesByFileExistence" skipped. Previously built successfully.
Target "BuildGenerateSourcesTraverse" in file "C:\Program Files (x86)\MSBuild\12.0\bin\Microsoft.Common.CurrentVersion.targets" from project "C:\prod\SonarQube\cxx\sonar-cxx\integration-tests\testdata\googletest_bullseye_vs_project\PathHandling.Test\PathHandling.Test.vcxproj" (target "BuildGenerateSources" depends on it):
Task "MSBuild" skipped, due to false condition; ('$(BuildPassReferences)' == 'true' and '@(ProjectReferenceWithConfiguration)' != '' and '@(_MSBuildProjectReferenceExistent)' != '' and '%(_MSBuildProjectReferenceExistent.BuildReference)' == 'true') was evaluated as ('' == 'true' and '..\PathHandling\PathHandling.vcxproj' != '' and '..\PathHandling\PathHandling.vcxproj' != '' and 'true' == 'true').
Done building target "BuildGenerateSourcesTraverse" in project "PathHandling.Test.vcxproj".
Target "PrepareForBuild" skipped. Previously built successfully.
Target "ResolveReferences" skipped. Previously built successfully.
Target "BeforeBuildGenerateSources" in file "C:\Program Files (x86)\MSBuild\Microsoft.Cpp\v4.0\V120\Microsoft.BuildSteps.Targets" from project "C:\prod\SonarQube\cxx\sonar-cxx\integration-tests\testdata\googletest_bullseye_vs_project\PathHandling.Test\PathHandling.Test.vcxproj" (target "_BuildGenerateSourcesAction" depends on it):
Done building target "BeforeBuildGenerateSources" in project "PathHandling.Test.vcxproj".
Target "PreBuildEvent" in file "C:\Program Files (x86)\MSBuild\Microsoft.Cpp\v4.0\V120\Microsoft.CppCommon.targets" from project "C:\prod\SonarQube\cxx\sonar-cxx\integration-tests\testdata\googletest_bullseye_vs_project\PathHandling.Test\PathHandling.Test.vcxproj" (target "_BuildGenerateSourcesAction" depends on it):
Task "Message" skipped, due to false condition; ('%(PreBuildEvent.Message)' != '' and '%(PreBuildEvent.Command)' != '') was evaluated as ('' != '' and '' != '').
Task "Exec" skipped, due to false condition; ('%(PreBuildEvent.Command)' != '') was evaluated as ('' != '').
Done building target "PreBuildEvent" in project "PathHandling.Test.vcxproj".
Target "CustomBuild" skipped, due to false condition; ('@(CustomBuild)' != '') was evaluated as ('' != '').
Target "FxCompile" skipped, due to false condition; ('@(FxCompile)' != '') was evaluated as ('' != '').
Target "Xsd" skipped, due to false condition; ('@(Xsd)' != '') was evaluated as ('' != '').
Target "_Xsd" in file "C:\Program Files (x86)\MSBuild\Microsoft.Cpp\v4.0\V120\Microsoft.CppBuild.targets" from project "C:\prod\SonarQube\cxx\sonar-cxx\integration-tests\testdata\googletest_bullseye_vs_project\PathHandling.Test\PathHandling.Test.vcxproj" (target "_BuildGenerateSourcesAction" depends on it):
Done building target "_Xsd" in project "PathHandling.Test.vcxproj".
Target "MakeDirsForMidl" in file "C:\Program Files (x86)\MSBuild\Microsoft.Cpp\v4.0\V120\Microsoft.CppBuild.targets" from project "C:\prod\SonarQube\cxx\sonar-cxx\integration-tests\testdata\googletest_bullseye_vs_project\PathHandling.Test\PathHandling.Test.vcxproj" (target "_Midl" depends on it):
Task "Makedir"
Done executing task "Makedir".
Done building target "MakeDirsForMidl" in project "PathHandling.Test.vcxproj".
Target "Midl" skipped, due to false condition; ('@(Midl)' != '') was evaluated as ('' != '').
Target "CustomBuild" skipped, due to false condition; ('@(CustomBuild)' != '') was evaluated as ('' != '').
Target "FxCompile" skipped, due to false condition; ('@(FxCompile)' != '') was evaluated as ('' != '').
Target "ComputeMIDLGeneratedCompileInputs" in file "C:\Program Files (x86)\MSBuild\Microsoft.Cpp\v4.0\V120\Microsoft.CppBuild.targets" from project "C:\prod\SonarQube\cxx\sonar-cxx\integration-tests\testdata\googletest_bullseye_vs_project\PathHandling.Test\PathHandling.Test.vcxproj" (target "_Midl" depends on it):
Done building target "ComputeMIDLGeneratedCompileInputs" in project "PathHandling.Test.vcxproj".
Target "AfterMidl" in file "C:\Program Files (x86)\MSBuild\Microsoft.Cpp\v4.0\V120\Microsoft.CppBuild.targets" from project "C:\prod\SonarQube\cxx\sonar-cxx\integration-tests\testdata\googletest_bullseye_vs_project\PathHandling.Test\PathHandling.Test.vcxproj" (target "_Midl" depends on it):
Done building target "AfterMidl" in project "PathHandling.Test.vcxproj".
Target "_Midl" in file "C:\Program Files (x86)\MSBuild\Microsoft.Cpp\v4.0\V120\Microsoft.CppBuild.targets" from project "C:\prod\SonarQube\cxx\sonar-cxx\integration-tests\testdata\googletest_bullseye_vs_project\PathHandling.Test\PathHandling.Test.vcxproj" (target "_BuildGenerateSourcesAction" depends on it):
Done building target "_Midl" in project "PathHandling.Test.vcxproj".
Target "AfterBuildGenerateSources" in file "C:\Program Files (x86)\MSBuild\Microsoft.Cpp\v4.0\V120\Microsoft.BuildSteps.Targets" from project "C:\prod\SonarQube\cxx\sonar-cxx\integration-tests\testdata\googletest_bullseye_vs_project\PathHandling.Test\PathHandling.Test.vcxproj" (target "_BuildGenerateSourcesAction" depends on it):
Done building target "AfterBuildGenerateSources" in project "PathHandling.Test.vcxproj".
Target "AfterBuildGenerateSourcesEvent" in file "C:\Program Files (x86)\MSBuild\Microsoft.Cpp\v4.0\V120\Microsoft.CppBuild.targets" from project "C:\prod\SonarQube\cxx\sonar-cxx\integration-tests\testdata\googletest_bullseye_vs_project\PathHandling.Test\PathHandling.Test.vcxproj" (target "_BuildGenerateSourcesAction" depends on it):
Done building target "AfterBuildGenerateSourcesEvent" in project "PathHandling.Test.vcxproj".
Target "_BuildGenerateSourcesAction" in file "C:\Program Files (x86)\MSBuild\Microsoft.Cpp\v4.0\V120\Microsoft.CppBuild.targets" from project "C:\prod\SonarQube\cxx\sonar-cxx\integration-tests\testdata\googletest_bullseye_vs_project\PathHandling.Test\PathHandling.Test.vcxproj" (target "BuildGenerateSources" depends on it):
Done building target "_BuildGenerateSourcesAction" in project "PathHandling.Test.vcxproj".
Target "BuildGenerateSources" in file "C:\Program Files (x86)\MSBuild\12.0\bin\Microsoft.Common.CurrentVersion.targets" from project "C:\prod\SonarQube\cxx\sonar-cxx\integration-tests\testdata\googletest_bullseye_vs_project\PathHandling.Test\PathHandling.Test.vcxproj" (target "Build" depends on it):
Done building target "BuildGenerateSources" in project "PathHandling.Test.vcxproj".
Target "AssignProjectConfiguration" skipped. Previously built successfully.
Target "_SplitProjectReferencesByFileExistence" skipped. Previously built successfully.
Target "BuildCompileTraverse" in file "C:\Program Files (x86)\MSBuild\12.0\bin\Microsoft.Common.CurrentVersion.targets" from project "C:\prod\SonarQube\cxx\sonar-cxx\integration-tests\testdata\googletest_bullseye_vs_project\PathHandling.Test\PathHandling.Test.vcxproj" (target "BuildCompile" depends on it):
Task "MSBuild" skipped, due to false condition; ('$(BuildPassReferences)' == 'true' and '@(ProjectReferenceWithConfiguration)' != '' and '@(_MSBuildProjectReferenceExistent)' != ''  and '%(_MSBuildProjectReferenceExistent.BuildReference)' == 'true') was evaluated as ('' == 'true' and '..\PathHandling\PathHandling.vcxproj' != '' and '..\PathHandling\PathHandling.vcxproj' != ''  and 'true' == 'true').
Done building target "BuildCompileTraverse" in project "PathHandling.Test.vcxproj".
Target "PrepareForBuild" skipped. Previously built successfully.
Target "ResolveReferences" skipped. Previously built successfully.
Target "BeforeClCompile" in file "C:\Program Files (x86)\MSBuild\Microsoft.Cpp\v4.0\V120\Microsoft.CppBuild.targets" from project "C:\prod\SonarQube\cxx\sonar-cxx\integration-tests\testdata\googletest_bullseye_vs_project\PathHandling.Test\PathHandling.Test.vcxproj" (target "_ClCompile" depends on it):
Done building target "BeforeClCompile" in project "PathHandling.Test.vcxproj".
Target "ComputeMIDLGeneratedCompileInputs" skipped. Previously built successfully.
Target "ComputeCLInputPDBName" in file "C:\Program Files (x86)\MSBuild\Microsoft.Cpp\v4.0\V120\Microsoft.CppBuild.targets" from project "C:\prod\SonarQube\cxx\sonar-cxx\integration-tests\testdata\googletest_bullseye_vs_project\PathHandling.Test\PathHandling.Test.vcxproj" (target "_ClCompile" depends on it):
Done building target "ComputeCLInputPDBName" in project "PathHandling.Test.vcxproj".
Target "ResolveReferences" skipped. Previously built successfully.
Target "ComputeReferenceCLInput" in file "C:\Program Files (x86)\MSBuild\Microsoft.Cpp\v4.0\V120\Microsoft.CppBuild.targets" from project "C:\prod\SonarQube\cxx\sonar-cxx\integration-tests\testdata\googletest_bullseye_vs_project\PathHandling.Test\PathHandling.Test.vcxproj" (target "_ClCompile" depends on it):
Task "WriteLinesToFile" skipped, due to false condition; (('@(_ReferenceCopyLocalPaths)'!='') and '$(DesignTimeBuild)' != 'true') was evaluated as ((''!='') and '' != 'true').
Task "Message" skipped, due to false condition; ('$(_REFERENCE_DEBUG)'=='true') was evaluated as (''=='true').
Done building target "ComputeReferenceCLInput" in project "PathHandling.Test.vcxproj".
Target "WarnCompileDuplicatedFilename" in file "C:\Program Files (x86)\MSBuild\Microsoft.Cpp\v4.0\V120\Microsoft.CppBuild.targets" from project "C:\prod\SonarQube\cxx\sonar-cxx\integration-tests\testdata\googletest_bullseye_vs_project\PathHandling.Test\PathHandling.Test.vcxproj" (target "_ClCompile" depends on it):
Task "VCMessage" skipped, due to false condition; ('%(ClCompile.ExcludedFromBuild)' != 'true' and '%(Filename)%(Extension)' != '@(ClCompile->'%(Filename)%(Extension)')' and '%(ObjectFileName)' == '@(ClCompile->Metadata(ObjectFileName)->Distinct())') was evaluated as ('' != 'true' and 'main.cpp' != 'main.cpp' and 'C:\prod\SonarQube\cxx\sonar-cxx\integration-tests\testdata\googletest_bullseye_vs_project\ObjDrop\pathhandling\v120\Debug\Win32\v120\PathHandling.Test\' == 'C:\prod\SonarQube\cxx\sonar-cxx\integration-tests\testdata\googletest_bullseye_vs_project\ObjDrop\pathhandling\v120\Debug\Win32\v120\PathHandling.Test\').
Task "VCMessage" skipped, due to false condition; ('%(ClCompile.ExcludedFromBuild)' != 'true' and '%(Filename)%(Extension)' != '@(ClCompile->'%(Filename)%(Extension)')' and '%(ObjectFileName)' == '@(ClCompile->Metadata(ObjectFileName)->Distinct())') was evaluated as ('' != 'true' and 'PathHandlingTest.cpp' != 'PathHandlingTest.cpp' and 'C:\prod\SonarQube\cxx\sonar-cxx\integration-tests\testdata\googletest_bullseye_vs_project\ObjDrop\pathhandling\v120\Debug\Win32\v120\PathHandling.Test\' == 'C:\prod\SonarQube\cxx\sonar-cxx\integration-tests\testdata\googletest_bullseye_vs_project\ObjDrop\pathhandling\v120\Debug\Win32\v120\PathHandling.Test\').
Done building target "WarnCompileDuplicatedFilename" in project "PathHandling.Test.vcxproj".
Target "MakeDirsForCl" in file "C:\Program Files (x86)\MSBuild\Microsoft.Cpp\v4.0\V120\Microsoft.CppBuild.targets" from project "C:\prod\SonarQube\cxx\sonar-cxx\integration-tests\testdata\googletest_bullseye_vs_project\PathHandling.Test\PathHandling.Test.vcxproj" (target "_ClCompile" depends on it):
Task "MakeDir"
Done executing task "MakeDir".
Done building target "MakeDirsForCl" in project "PathHandling.Test.vcxproj".
Target "PrepareForBuild" skipped. Previously built successfully.
Target "SetBuildDefaultEnvironmentVariables" skipped. Previously built successfully.
Target "SetUserMacroEnvironmentVariables" skipped, due to false condition; ('@(BuildMacro)' != '') was evaluated as ('' != '').
Target "_SelectedFiles" in file "C:\Program Files (x86)\MSBuild\Microsoft.Cpp\v4.0\V120\Microsoft.CppBuild.targets" from project "C:\prod\SonarQube\cxx\sonar-cxx\integration-tests\testdata\googletest_bullseye_vs_project\PathHandling.Test\PathHandling.Test.vcxproj" (target "SelectClCompile" depends on it):
Done building target "_SelectedFiles" in project "PathHandling.Test.vcxproj".
Target "ComputeMIDLGeneratedCompileInputs" skipped. Previously built successfully.
Target "ComputeCLInputPDBName" skipped. Previously built successfully.
Target "ComputeReferenceCLInput" skipped. Previously built successfully.
Target "WarnCompileDuplicatedFilename" skipped. Previously built successfully.
Target "_SelectedFiles" skipped. Previously built successfully.
Target "SelectCustomBuild" in file "C:\Program Files (x86)\MSBuild\Microsoft.Cpp\v4.0\V120\Microsoft.CppBuild.targets" from project "C:\prod\SonarQube\cxx\sonar-cxx\integration-tests\testdata\googletest_bullseye_vs_project\PathHandling.Test\PathHandling.Test.vcxproj" (target "SelectClCompile" depends on it):
Done building target "SelectCustomBuild" in project "PathHandling.Test.vcxproj".
Target "SelectClCompile" in file "C:\Program Files (x86)\MSBuild\Microsoft.Cpp\v4.0\V120\Microsoft.CppBuild.targets" from project "C:\prod\SonarQube\cxx\sonar-cxx\integration-tests\testdata\googletest_bullseye_vs_project\PathHandling.Test\PathHandling.Test.vcxproj" (target "ClCompile" depends on it):
Done building target "SelectClCompile" in project "PathHandling.Test.vcxproj".
Target "GenerateTargetFrameworkMonikerAttribute" skipped, due to false condition; ('$(GenerateTargetFrameworkAttribute)' == 'true') was evaluated as ('false' == 'true').
Target "ManagedIncrementalBuildPreProcessDependencyGraph" skipped, due to false condition; ('@(ClCompile)' != '' and '$(EnableManagedIncrementalBuild)' == 'True') was evaluated as ('main.cpp;PathHandlingTest.cpp' != '' and 'false' == 'True').
Target "ClCompile" in file "C:\Program Files (x86)\MSBuild\Microsoft.Cpp\v4.0\V120\Microsoft.CppCommon.targets" from project "C:\prod\SonarQube\cxx\sonar-cxx\integration-tests\testdata\googletest_bullseye_vs_project\PathHandling.Test\PathHandling.Test.vcxproj" (target "_ClCompile" depends on it):
Task "Delete" skipped, due to false condition; ('%(ClCompile.DebugInformationFormat)' != '' and '%(ClCompile.DebugInformationFormat)' != 'OldStyle' and '%(ClCompile.ProgramDataBaseFileName)' != '' and !Exists(%(ClCompile.ProgramDataBaseFileName))) was evaluated as ('OldStyle' != '' and 'OldStyle' != 'OldStyle' and 'C:\prod\SonarQube\cxx\sonar-cxx\integration-tests\testdata\googletest_bullseye_vs_project\ObjDrop\pathhandling\v120\Debug\Win32\v120\PathHandling.Test\vc120.pdb' != '' and !Exists(C:\prod\SonarQube\cxx\sonar-cxx\integration-tests\testdata\googletest_bullseye_vs_project\ObjDrop\pathhandling\v120\Debug\Win32\v120\PathHandling.Test\vc120.pdb)).
Task "CL" skipped, due to false condition; ('%(ClCompile.PrecompiledHeader)' == 'Create' and '%(ClCompile.ExcludedFromBuild)'!='true' and '%(ClCompile.CompilerIteration)' == '') was evaluated as ('' == 'Create' and ''!='true' and '' == '').
Using "CL" task from assembly "C:\Program Files (x86)\MSBuild\Microsoft.Cpp\v4.0\V120\Microsoft.Build.CppTasks.Common.dll".
Task "CL"
  Forcing rebuild of all source files due to missing command TLog "C:\prod\SonarQube\cxx\sonar-cxx\integration-tests\testdata\googletest_bullseye_vs_project\ObjDrop\pathhandling\v120\Debug\Win32\v120\PathHandling.Test\PathHand.6C9EC6AA.tlog\cl.command.1.tlog".
  C:\Program Files (x86)\Microsoft Visual Studio 12.0\VC\bin\CL.exe /c /IC:/prod/SonarQube/cxx/packages/gtestmock.1.7.2/build/native/../..//build/native/include/ /IC:/prod/SonarQube/cxx/packages/gtestmock.1.7.2/build/native/../..///build/native/include//googletest /I.. /Z7 /nologo /W1 /WX- /Od /Oy- /D NT /D OS_NT /D WIN32 /D _MBCS /D ANSI_HEADER /D GTEST_LINKED_AS_SHARED_LIBRARY=0 /Gm- /EHsc /MD /GS /fp:precise /Zc:wchar_t /Zc:forScope /GR /Fo"C:\prod\SonarQube\cxx\sonar-cxx\integration-tests\testdata\googletest_bullseye_vs_project\ObjDrop\pathhandling\v120\Debug\Win32\v120\PathHandling.Test\\" /Fd"C:\prod\SonarQube\cxx\sonar-cxx\integration-tests\testdata\googletest_bullseye_vs_project\ObjDrop\pathhandling\v120\Debug\Win32\v120\PathHandling.Test\vc120.pdb" /Gd /TP /analyze- /errorReport:queue -D_ITERATOR_DEBUG_LEVEL=0 main.cpp PathHandlingTest.cpp
  Tracking command:
  C:\Program Files (x86)\MSBuild\12.0\bin\Tracker.exe /d "C:\Program Files (x86)\MSBuild\12.0\bin\FileTracker.dll" /i C:\prod\SonarQube\cxx\sonar-cxx\integration-tests\testdata\googletest_bullseye_vs_project\ObjDrop\pathhandling\v120\Debug\Win32\v120\PathHandling.Test\PathHand.6C9EC6AA.tlog /r "C:\DEVELOPMENT\SONARQUBE\CXX\SONAR-CXX\INTEGRATION-TESTS\TESTDATA\GOOGLETEST_BULLSEYE_VS_PROJECT\PATHHANDLING.TEST\MAIN.CPP|C:\DEVELOPMENT\SONARQUBE\CXX\SONAR-CXX\INTEGRATION-TESTS\TESTDATA\GOOGLETEST_BULLSEYE_VS_PROJECT\PATHHANDLING.TEST\PATHHANDLINGTEST.CPP" /b MSBuildConsole_CancelEventf43bad95b923410bb5a2af0cbdc1b945  /c "C:\Program Files (x86)\Microsoft Visual Studio 12.0\VC\bin\CL.exe"  /c /IC:/prod/SonarQube/cxx/packages/gtestmock.1.7.2/build/native/../..//build/native/include/ /IC:/prod/SonarQube/cxx/packages/gtestmock.1.7.2/build/native/../..///build/native/include//googletest /I.. /Z7 /nologo /W1 /WX- /Od /Oy- /D NT /D OS_NT /D WIN32 /D _MBCS /D ANSI_HEADER /D GTEST_LINKED_AS_SHARED_LIBRARY=0 /Gm- /EHsc /MD /GS /fp:precise /Zc:wchar_t /Zc:forScope /GR /Fo"C:\prod\SonarQube\cxx\sonar-cxx\integration-tests\testdata\googletest_bullseye_vs_project\ObjDrop\pathhandling\v120\Debug\Win32\v120\PathHandling.Test\\" /Fd"C:\prod\SonarQube\cxx\sonar-cxx\integration-tests\testdata\googletest_bullseye_vs_project\ObjDrop\pathhandling\v120\Debug\Win32\v120\PathHandling.Test\vc120.pdb" /Gd /TP /analyze- /errorReport:queue -D_ITERATOR_DEBUG_LEVEL=0 main.cpp PathHandlingTest.cpp
  main.cpp
  PathHandlingTest.cpp
  Generating Code...
Done executing task "CL".
Done building target "ClCompile" in project "PathHandling.Test.vcxproj".
Target "ManagedIncrementalBuildPostProcessDependencyGraph" skipped, due to false condition; ('@(ClCompile)' != '' and '$(EnableManagedIncrementalBuild)' == 'True') was evaluated as ('main.cpp;PathHandlingTest.cpp' != '' and 'false' == 'True').
Target "AfterClCompile" in file "C:\Program Files (x86)\MSBuild\Microsoft.Cpp\v4.0\V120\Microsoft.CppBuild.targets" from project "C:\prod\SonarQube\cxx\sonar-cxx\integration-tests\testdata\googletest_bullseye_vs_project\PathHandling.Test\PathHandling.Test.vcxproj" (target "_ClCompile" depends on it):
Done building target "AfterClCompile" in project "PathHandling.Test.vcxproj".
Target "_ClCompile" in file "C:\Program Files (x86)\MSBuild\Microsoft.Cpp\v4.0\V120\Microsoft.CppBuild.targets" from project "C:\prod\SonarQube\cxx\sonar-cxx\integration-tests\testdata\googletest_bullseye_vs_project\PathHandling.Test\PathHandling.Test.vcxproj" (target "_BuildCompileAction" depends on it):
Done building target "_ClCompile" in project "PathHandling.Test.vcxproj".
Target "_ResGen" skipped, due to false condition; ('@(EmbeddedResource)'!='') was evaluated as (''!='').
Target "BeforeResourceCompile" in file "C:\Program Files (x86)\MSBuild\Microsoft.Cpp\v4.0\V120\Microsoft.CppBuild.targets" from project "C:\prod\SonarQube\cxx\sonar-cxx\integration-tests\testdata\googletest_bullseye_vs_project\PathHandling.Test\PathHandling.Test.vcxproj" (target "_ResourceCompile" depends on it):
Done building target "BeforeResourceCompile" in project "PathHandling.Test.vcxproj".
Target "MakeDirsForResourceCompile" in file "C:\Program Files (x86)\MSBuild\Microsoft.Cpp\v4.0\V120\Microsoft.CppBuild.targets" from project "C:\prod\SonarQube\cxx\sonar-cxx\integration-tests\testdata\googletest_bullseye_vs_project\PathHandling.Test\PathHandling.Test.vcxproj" (target "_ResourceCompile" depends on it):
Task "MakeDir"
Done executing task "MakeDir".
Done building target "MakeDirsForResourceCompile" in project "PathHandling.Test.vcxproj".
Target "ResourceCompile" skipped, due to false condition; ('@(ResourceCompile)' != '') was evaluated as ('' != '').
Target "AfterResourceCompile" in file "C:\Program Files (x86)\MSBuild\Microsoft.Cpp\v4.0\V120\Microsoft.CppBuild.targets" from project "C:\prod\SonarQube\cxx\sonar-cxx\integration-tests\testdata\googletest_bullseye_vs_project\PathHandling.Test\PathHandling.Test.vcxproj" (target "_ResourceCompile" depends on it):
Done building target "AfterResourceCompile" in project "PathHandling.Test.vcxproj".
Target "_ResourceCompile" in file "C:\Program Files (x86)\MSBuild\Microsoft.Cpp\v4.0\V120\Microsoft.CppBuild.targets" from project "C:\prod\SonarQube\cxx\sonar-cxx\integration-tests\testdata\googletest_bullseye_vs_project\PathHandling.Test\PathHandling.Test.vcxproj" (target "_BuildCompileAction" depends on it):
Done building target "_ResourceCompile" in project "PathHandling.Test.vcxproj".
Target "_ImpLib" skipped, due to false condition; ('$(ImpLibCompiled)' == 'true') was evaluated as ('' == 'true').
Target "_Lib" skipped, due to false condition; ('$(LibCompiled)' == 'true') was evaluated as ('' == 'true').
Target "AfterBuildCompileEvent" in file "C:\Program Files (x86)\MSBuild\Microsoft.Cpp\v4.0\V120\Microsoft.CppBuild.targets" from project "C:\prod\SonarQube\cxx\sonar-cxx\integration-tests\testdata\googletest_bullseye_vs_project\PathHandling.Test\PathHandling.Test.vcxproj" (target "_BuildCompileAction" depends on it):
Done building target "AfterBuildCompileEvent" in project "PathHandling.Test.vcxproj".
Target "_BuildCompileAction" in file "C:\Program Files (x86)\MSBuild\Microsoft.Cpp\v4.0\V120\Microsoft.CppBuild.targets" from project "C:\prod\SonarQube\cxx\sonar-cxx\integration-tests\testdata\googletest_bullseye_vs_project\PathHandling.Test\PathHandling.Test.vcxproj" (target "BuildCompile" depends on it):
Done building target "_BuildCompileAction" in project "PathHandling.Test.vcxproj".
Target "BuildCompile" in file "C:\Program Files (x86)\MSBuild\12.0\bin\Microsoft.Common.CurrentVersion.targets" from project "C:\prod\SonarQube\cxx\sonar-cxx\integration-tests\testdata\googletest_bullseye_vs_project\PathHandling.Test\PathHandling.Test.vcxproj" (target "Build" depends on it):
Done building target "BuildCompile" in project "PathHandling.Test.vcxproj".
Target "AssignProjectConfiguration" skipped. Previously built successfully.
Target "_SplitProjectReferencesByFileExistence" skipped. Previously built successfully.
Target "BuildLinkTraverse" in file "C:\Program Files (x86)\MSBuild\12.0\bin\Microsoft.Common.CurrentVersion.targets" from project "C:\prod\SonarQube\cxx\sonar-cxx\integration-tests\testdata\googletest_bullseye_vs_project\PathHandling.Test\PathHandling.Test.vcxproj" (target "BuildLink" depends on it):
Task "MSBuild" skipped, due to false condition; ('$(BuildPassReferences)' == 'true' and '@(ProjectReferenceWithConfiguration)' != '' and '@(_MSBuildProjectReferenceExistent)' != ''  and '%(_MSBuildProjectReferenceExistent.BuildReference)' == 'true') was evaluated as ('' == 'true' and '..\PathHandling\PathHandling.vcxproj' != '' and '..\PathHandling\PathHandling.vcxproj' != ''  and 'true' == 'true').
Done building target "BuildLinkTraverse" in project "PathHandling.Test.vcxproj".
Target "PrepareForBuild" skipped. Previously built successfully.
Target "ResolveReferences" skipped. Previously built successfully.
Target "ComputeLegacyManifestEmbedding" in file "C:\Program Files (x86)\MSBuild\Microsoft.Cpp\v4.0\V120\Microsoft.CppBuild.targets" from project "C:\prod\SonarQube\cxx\sonar-cxx\integration-tests\testdata\googletest_bullseye_vs_project\PathHandling.Test\PathHandling.Test.vcxproj" (target "_BuildLinkAction" depends on it):
Task "VCMessage" skipped, due to false condition; ('$(RevertManifestEmbedding)' == 'true' and '$(_LegacyManifestEmbeddingDebug)' == 'true') was evaluated as ('' == 'true' and '' == 'true').
Done building target "ComputeLegacyManifestEmbedding" in project "PathHandling.Test.vcxproj".
Target "BeforeLink" in file "C:\Program Files (x86)\MSBuild\Microsoft.Cpp\v4.0\V120\Microsoft.CppBuild.targets" from project "C:\prod\SonarQube\cxx\sonar-cxx\integration-tests\testdata\googletest_bullseye_vs_project\PathHandling.Test\PathHandling.Test.vcxproj" (target "_Link" depends on it):
Done building target "BeforeLink" in project "PathHandling.Test.vcxproj".
Target "ComputeRCOutputs" in file "C:\Program Files (x86)\MSBuild\Microsoft.Cpp\v4.0\V120\Microsoft.CppBuild.targets" from project "C:\prod\SonarQube\cxx\sonar-cxx\integration-tests\testdata\googletest_bullseye_vs_project\PathHandling.Test\PathHandling.Test.vcxproj" (target "ComputeRCGeneratedLinkInputs" depends on it):
Done building target "ComputeRCOutputs" in project "PathHandling.Test.vcxproj".
Target "ComputeRCGeneratedLinkInputs" in file "C:\Program Files (x86)\MSBuild\Microsoft.Cpp\v4.0\V120\Microsoft.CppBuild.targets" from project "C:\prod\SonarQube\cxx\sonar-cxx\integration-tests\testdata\googletest_bullseye_vs_project\PathHandling.Test\PathHandling.Test.vcxproj" (target "_Link" depends on it):
Done building target "ComputeRCGeneratedLinkInputs" in project "PathHandling.Test.vcxproj".
Target "ComputeManifestGeneratedLinkerInputs" in file "C:\Program Files (x86)\MSBuild\Microsoft.Cpp\v4.0\V120\Microsoft.CppBuild.targets" from project "C:\prod\SonarQube\cxx\sonar-cxx\integration-tests\testdata\googletest_bullseye_vs_project\PathHandling.Test\PathHandling.Test.vcxproj" (target "_Link" depends on it):
Done building target "ComputeManifestGeneratedLinkerInputs" in project "PathHandling.Test.vcxproj".
Target "ComputeCustomBuildOutput" in file "C:\Program Files (x86)\MSBuild\Microsoft.Cpp\v4.0\V120\Microsoft.CppBuild.targets" from project "C:\prod\SonarQube\cxx\sonar-cxx\integration-tests\testdata\googletest_bullseye_vs_project\PathHandling.Test\PathHandling.Test.vcxproj" (target "_Link" depends on it):
Task "CreateItem" skipped, due to false condition; ('%(CustomBuildDirsToMake.OutputFileToTool)'!='') was evaluated as (''!='').
Task "MakeDir"
Done executing task "MakeDir".
Done building target "ComputeCustomBuildOutput" in project "PathHandling.Test.vcxproj".
Target "ComputeMIDLGeneratedCompileInputs" skipped. Previously built successfully.
Target "ComputeCLInputPDBName" skipped. Previously built successfully.
Target "ComputeReferenceCLInput" skipped. Previously built successfully.
Target "WarnCompileDuplicatedFilename" skipped. Previously built successfully.
Target "ComputeCLOutputs" in file "C:\Program Files (x86)\MSBuild\Microsoft.Cpp\v4.0\V120\Microsoft.CppBuild.targets" from project "C:\prod\SonarQube\cxx\sonar-cxx\integration-tests\testdata\googletest_bullseye_vs_project\PathHandling.Test\PathHandling.Test.vcxproj" (target "ComputeCLGeneratedLinkInputs" depends on it):
Done building target "ComputeCLOutputs" in project "PathHandling.Test.vcxproj".
Target "ComputeCLGeneratedLinkInputs" in file "C:\Program Files (x86)\MSBuild\Microsoft.Cpp\v4.0\V120\Microsoft.CppBuild.targets" from project "C:\prod\SonarQube\cxx\sonar-cxx\integration-tests\testdata\googletest_bullseye_vs_project\PathHandling.Test\PathHandling.Test.vcxproj" (target "_Link" depends on it):
Done building target "ComputeCLGeneratedLinkInputs" in project "PathHandling.Test.vcxproj".
Target "ComputeLinkInputsFromProject" in file "C:\Program Files (x86)\MSBuild\Microsoft.Cpp\v4.0\V120\Microsoft.CppBuild.targets" from project "C:\prod\SonarQube\cxx\sonar-cxx\integration-tests\testdata\googletest_bullseye_vs_project\PathHandling.Test\PathHandling.Test.vcxproj" (target "_Link" depends on it):
Done building target "ComputeLinkInputsFromProject" in project "PathHandling.Test.vcxproj".
Target "PrepareForBuild" skipped. Previously built successfully.
Target "ResolveReferences" skipped. Previously built successfully.
Target "ResolvedLinkLib" in file "C:\Program Files (x86)\MSBuild\Microsoft.Cpp\v4.0\V120\Microsoft.CppBuild.targets" from project "C:\prod\SonarQube\cxx\sonar-cxx\integration-tests\testdata\googletest_bullseye_vs_project\PathHandling.Test\PathHandling.Test.vcxproj" (target "ComputeReferenceLinkInputs" depends on it):
Task "MSBuild"
  Global Properties:
    Configuration=Debug
    Platform=Win32
Project "C:\prod\SonarQube\cxx\sonar-cxx\integration-tests\testdata\googletest_bullseye_vs_project\PathHandling.Test\PathHandling.Test.vcxproj" (4) is building "C:\prod\SonarQube\cxx\sonar-cxx\integration-tests\testdata\googletest_bullseye_vs_project\PathHandling\PathHandling.vcxproj" (2:5) on node 1 (GetResolvedLinkLibs target(s)).
Building with tools version "12.0".
Project file contains ToolsVersion="4.0". This toolset may be unknown or missing, in which case you may be able to resolve this by installing the appropriate version of MSBuild, or the build may have been forced to a particular ToolsVersion for policy reasons. Treating the project as if it had ToolsVersion="12.0". For more information, please see http://go.microsoft.com/fwlink/?LinkId=293424.
Target "_CheckForInvalidConfigurationAndPlatform" skipped. Previously built successfully.
Target "PrepareForBuild" skipped. Previously built successfully.
Target "ResolveReferences" skipped. Previously built successfully.
Target "PrepareForBuild" skipped. Previously built successfully.
Target "ResolveReferences" skipped. Previously built successfully.
Target "ResolvedLinkLib" in file "C:\Program Files (x86)\MSBuild\Microsoft.Cpp\v4.0\V120\Microsoft.CppBuild.targets" from project "C:\prod\SonarQube\cxx\sonar-cxx\integration-tests\testdata\googletest_bullseye_vs_project\PathHandling\PathHandling.vcxproj" (target "GetResolvedLinkLibs" depends on it):
Task "MSBuild" skipped, due to false condition; ('%(_MSBuildProjectReferenceExistent.Extension)' == '.vcxproj' and '@(ProjectReferenceWithConfiguration)' != '' and '@(_MSBuildProjectReferenceExistent)' != '') was evaluated as ('' == '.vcxproj' and '' != '' and '' != '').
Done building target "ResolvedLinkLib" in project "PathHandling.vcxproj".
Target "GetResolvedLinkLibs" in file "C:\Program Files (x86)\MSBuild\Microsoft.Cpp\v4.0\V120\Microsoft.CppBuild.targets" from project "C:\prod\SonarQube\cxx\sonar-cxx\integration-tests\testdata\googletest_bullseye_vs_project\PathHandling\PathHandling.vcxproj" (entry point):
Done building target "GetResolvedLinkLibs" in project "PathHandling.vcxproj".
Done Building Project "C:\prod\SonarQube\cxx\sonar-cxx\integration-tests\testdata\googletest_bullseye_vs_project\PathHandling\PathHandling.vcxproj" (GetResolvedLinkLibs target(s)).
Done executing task "MSBuild".
Done building target "ResolvedLinkLib" in project "PathHandling.Test.vcxproj".
Target "ComputeResolveLinkObj" in file "C:\Program Files (x86)\MSBuild\Microsoft.Cpp\v4.0\V120\Microsoft.CppBuild.targets" from project "C:\prod\SonarQube\cxx\sonar-cxx\integration-tests\testdata\googletest_bullseye_vs_project\PathHandling.Test\PathHandling.Test.vcxproj" (target "ComputeReferenceLinkInputs" depends on it):
Task "CallTarget" skipped, due to false condition; ('%(_MSBuildProjectReferenceExistent.UseLibraryDependencyInputs)'=='true') was evaluated as ('false'=='true').
Done building target "ComputeResolveLinkObj" in project "PathHandling.Test.vcxproj".
Target "ComputeReferenceLinkInputs" in file "C:\Program Files (x86)\MSBuild\Microsoft.Cpp\v4.0\V120\Microsoft.CppBuild.targets" from project "C:\prod\SonarQube\cxx\sonar-cxx\integration-tests\testdata\googletest_bullseye_vs_project\PathHandling.Test\PathHandling.Test.vcxproj" (target "_Link" depends on it):
Task "VCMessage" skipped, due to false condition; ('%(ProjectReferenceToLink.ProjectType)' == 'DynamicLibrary' and '$(WindowsAppContainer)' == 'true' and '%(ProjectReferenceToLink.WindowsAppContainer)' != 'true') was evaluated as ('StaticLibrary' == 'DynamicLibrary' and 'false' == 'true' and '' != 'true').
Task "Message" skipped, due to false condition; ('$(_REFERENCE_DEBUG)'=='true') was evaluated as (''=='true').
Done building target "ComputeReferenceLinkInputs" in project "PathHandling.Test.vcxproj".
Target "ComputeManifestInputsTargets" in file "C:\Program Files (x86)\MSBuild\Microsoft.Cpp\v4.0\V120\Microsoft.CppBuild.targets" from project "C:\prod\SonarQube\cxx\sonar-cxx\integration-tests\testdata\googletest_bullseye_vs_project\PathHandling.Test\PathHandling.Test.vcxproj" (target "_Link" depends on it):
Done building target "ComputeManifestInputsTargets" in project "PathHandling.Test.vcxproj".
Target "ManifestResourceCompile" skipped, due to false condition; ('$(EmbedManifestBy)' == 'LINK' and '@(Manifest)' != '') was evaluated as ('LINK' == 'LINK' and '' != '').
Target "AssignWinFXEmbeddedResource" skipped, due to false condition; ('@(WinFXEmbeddedResource)' != '') was evaluated as ('' != '').
Target "AssignTargetPaths" in file "C:\Program Files (x86)\MSBuild\12.0\bin\Microsoft.Common.CurrentVersion.targets" from project "C:\prod\SonarQube\cxx\sonar-cxx\integration-tests\testdata\googletest_bullseye_vs_project\PathHandling.Test\PathHandling.Test.vcxproj" (target "PrepareResourceNames" depends on it):
Task "AssignTargetPath"
Done executing task "AssignTargetPath".
Task "AssignTargetPath"
Done executing task "AssignTargetPath".
Task "AssignTargetPath"
Done executing task "AssignTargetPath".
Task "AssignTargetPath"
Done executing task "AssignTargetPath".
Task "AssignTargetPath" skipped, due to false condition; ('@(_DeploymentBaseManifestWithTargetPath)'=='' and '%(None.Extension)'=='.manifest') was evaluated as (''=='' and '.config'=='.manifest').
Done building target "AssignTargetPaths" in project "PathHandling.Test.vcxproj".
Target "AssignTargetPaths" skipped. Previously built successfully.
Target "SplitResourcesByCulture" in file "C:\Program Files (x86)\MSBuild\12.0\bin\Microsoft.Common.CurrentVersion.targets" from project "C:\prod\SonarQube\cxx\sonar-cxx\integration-tests\testdata\googletest_bullseye_vs_project\PathHandling.Test\PathHandling.Test.vcxproj" (target "PrepareResourceNames" depends on it):
Task "Warning" skipped, due to false condition; ('@(ResxWithNoCulture)'!='') was evaluated as (''!='').
Task "Warning" skipped, due to false condition; ('@(ResxWithCulture)'!='') was evaluated as (''!='').
Task "Warning" skipped, due to false condition; ('@(NonResxWithCulture)'!='') was evaluated as (''!='').
Task "Warning" skipped, due to false condition; ('@(NonResxWithNoCulture)'!='') was evaluated as (''!='').
Using "AssignCulture" task from assembly "Microsoft.Build.Tasks.v12.0, Version=12.0.0.0, Culture=neutral, PublicKeyToken=b03f5f7f11d50a3a".
Task "AssignCulture"
Done executing task "AssignCulture".
Done building target "SplitResourcesByCulture" in project "PathHandling.Test.vcxproj".
Target "CreateManifestResourceNames" skipped, due to false condition; ('@(EmbeddedResource)' != '') was evaluated as ('' != '').
Target "CreateCustomManifestResourceNames" in file "C:\Program Files (x86)\MSBuild\12.0\bin\Microsoft.Common.CurrentVersion.targets" from project "C:\prod\SonarQube\cxx\sonar-cxx\integration-tests\testdata\googletest_bullseye_vs_project\PathHandling.Test\PathHandling.Test.vcxproj" (target "PrepareResourceNames" depends on it):
Done building target "CreateCustomManifestResourceNames" in project "PathHandling.Test.vcxproj".
Target "PrepareResourceNames" in file "C:\Program Files (x86)\MSBuild\12.0\bin\Microsoft.Common.CurrentVersion.targets" from project "C:\prod\SonarQube\cxx\sonar-cxx\integration-tests\testdata\googletest_bullseye_vs_project\PathHandling.Test\PathHandling.Test.vcxproj" (target "_Link" depends on it):
Done building target "PrepareResourceNames" in project "PathHandling.Test.vcxproj".
Target "MakeDirsForLink" in file "C:\Program Files (x86)\MSBuild\Microsoft.Cpp\v4.0\V120\Microsoft.CppBuild.targets" from project "C:\prod\SonarQube\cxx\sonar-cxx\integration-tests\testdata\googletest_bullseye_vs_project\PathHandling.Test\PathHandling.Test.vcxproj" (target "_Link" depends on it):
Task "MakeDir"
Done executing task "MakeDir".
Done building target "MakeDirsForLink" in project "PathHandling.Test.vcxproj".
Target "DoLinkOutputFilesMatch" in file "C:\Program Files (x86)\MSBuild\Microsoft.Cpp\v4.0\V120\Microsoft.CppBuild.targets" from project "C:\prod\SonarQube\cxx\sonar-cxx\integration-tests\testdata\googletest_bullseye_vs_project\PathHandling.Test\PathHandling.Test.vcxproj" (target "_Link" depends on it):
Task "VCMessage" skipped, due to false condition; ('@(_OutputFileFromLink)' == '') was evaluated as ('C:\prod\SonarQube\cxx\sonar-cxx\integration-tests\testdata\googletest_bullseye_vs_project\BuildDrop\Test\v120\Win32\Debug\\PathHandling.Test.exe' == '').
Task "VCMessage" skipped, due to false condition; ('@(_OutputFileFromLink)' != '' and '%(_OutputFileFromLink.FullPath)' != '$([System.IO.Path]::GetFullPath($(TargetPath)))') was evaluated as ('C:\prod\SonarQube\cxx\sonar-cxx\integration-tests\testdata\googletest_bullseye_vs_project\BuildDrop\Test\v120\Win32\Debug\\PathHandling.Test.exe' != '' and 'C:\prod\SonarQube\cxx\sonar-cxx\integration-tests\testdata\googletest_bullseye_vs_project\BuildDrop\Test\v120\Win32\Debug\PathHandling.Test.exe' != 'C:\prod\SonarQube\cxx\sonar-cxx\integration-tests\testdata\googletest_bullseye_vs_project\BuildDrop\Test\v120\Win32\Debug\PathHandling.Test.exe').
Task "VCMessage" skipped, due to false condition; ('@(_OutputFileFromLink)' != '' and '%(_OutputFileFromLink.Extension)' != '' and '%(_OutputFileFromLink.Extension)' != '$(TargetExt)') was evaluated as ('C:\prod\SonarQube\cxx\sonar-cxx\integration-tests\testdata\googletest_bullseye_vs_project\BuildDrop\Test\v120\Win32\Debug\\PathHandling.Test.exe' != '' and '.exe' != '' and '.exe' != '.exe').
Task "VCMessage" skipped, due to false condition; ('@(_OutputFileFromLink)' != '' and '%(_OutputFileFromLink.Filename)' != '' and '%(_OutputFileFromLink.Filename)' != '$(TargetName)') was evaluated as ('C:\prod\SonarQube\cxx\sonar-cxx\integration-tests\testdata\googletest_bullseye_vs_project\BuildDrop\Test\v120\Win32\Debug\\PathHandling.Test.exe' != '' and 'PathHandling.Test' != '' and 'PathHandling.Test' != 'PathHandling.Test').
Task "VCMessage" skipped, due to false condition; ('%(Link.MinimumRequiredVersion)' != '' and ('%(Link.Subsystem)' == '' or '%(Link.Subsystem)' == 'NotSet')) was evaluated as ('' != '' and ('Console' == '' or 'Console' == 'NotSet')).
Done building target "DoLinkOutputFilesMatch" in project "PathHandling.Test.vcxproj".
Target "PreLinkEvent" in file "C:\Program Files (x86)\MSBuild\Microsoft.Cpp\v4.0\V120\Microsoft.CppCommon.targets" from project "C:\prod\SonarQube\cxx\sonar-cxx\integration-tests\testdata\googletest_bullseye_vs_project\PathHandling.Test\PathHandling.Test.vcxproj" (target "_Link" depends on it):
Task "Message" skipped, due to false condition; ('%(PreLinkEvent.Message)' != '' and '%(PreLinkEvent.Command)' != '') was evaluated as ('' != '' and '' != '').
Task "Exec" skipped, due to false condition; ('%(PreLinkEvent.Command)' != '') was evaluated as ('' != '').
Done building target "PreLinkEvent" in project "PathHandling.Test.vcxproj".
Target "ComputeLinkSwitches" in file "C:\Program Files (x86)\MSBuild\Microsoft.Cpp\v4.0\V120\Microsoft.CppCommon.targets" from project "C:\prod\SonarQube\cxx\sonar-cxx\integration-tests\testdata\googletest_bullseye_vs_project\PathHandling.Test\PathHandling.Test.vcxproj" (target "Link" depends on it):
Done building target "ComputeLinkSwitches" in project "PathHandling.Test.vcxproj".
Target "Link" in file "C:\Program Files (x86)\MSBuild\Microsoft.Cpp\v4.0\V120\Microsoft.CppCommon.targets" from project "C:\prod\SonarQube\cxx\sonar-cxx\integration-tests\testdata\googletest_bullseye_vs_project\PathHandling.Test\PathHandling.Test.vcxproj" (target "_Link" depends on it):
Using "Link" task from assembly "C:\Program Files (x86)\MSBuild\Microsoft.Cpp\v4.0\V120\Microsoft.Build.CppTasks.Common.dll".
Task "Link"
  C:\Program Files (x86)\Microsoft Visual Studio 12.0\VC\bin\link.exe /ERRORREPORT:QUEUE /OUT:"C:\prod\SonarQube\cxx\sonar-cxx\integration-tests\testdata\googletest_bullseye_vs_project\BuildDrop\Test\v120\Win32\Debug\\PathHandling.Test.exe" /INCREMENTAL /NOLOGO C:\prod\SonarQube\cxx\packages\gtestmock.1.7.2\build\native\../..//build/native/lib/Win32\v120\static\sgtestgmock.lib kernel32.lib user32.lib gdi32.lib winspool.lib comdlg32.lib advapi32.lib shell32.lib ole32.lib oleaut32.lib uuid.lib odbc32.lib odbccp32.lib /MANIFEST /MANIFESTUAC:"level='asInvoker' uiAccess='false'" /manifest:embed /DEBUG /PDB:"C:\prod\SonarQube\cxx\sonar-cxx\integration-tests\testdata\googletest_bullseye_vs_project\BuildDrop\Test\v120\Win32\Debug\\PathHandling.Test.pdb" /SUBSYSTEM:CONSOLE /TLBID:1 /DYNAMICBASE /NXCOMPAT /IMPLIB:"C:\prod\SonarQube\cxx\sonar-cxx\integration-tests\testdata\googletest_bullseye_vs_project\BuildDrop\Test\v120\Win32\Debug\\PathHandling.Test.lib" /MACHINE:X86 /SAFESEH /SAFESEH:NO "C:\prod\SonarQube\cxx\sonar-cxx\integration-tests\testdata\googletest_bullseye_vs_project\ObjDrop\pathhandling\v120\Debug\Win32\v120\PathHandling.Test\main.obj"
  "C:\prod\SonarQube\cxx\sonar-cxx\integration-tests\testdata\googletest_bullseye_vs_project\ObjDrop\pathhandling\v120\Debug\Win32\v120\PathHandling.Test\PathHandlingTest.obj"
  "C:\prod\SonarQube\cxx\sonar-cxx\integration-tests\testdata\googletest_bullseye_vs_project\BuildDrop\v120\Win32\Debug\PathHandling.lib"
  Tracking command:
  C:\Program Files (x86)\MSBuild\12.0\bin\Tracker.exe /a /d "C:\Program Files (x86)\MSBuild\12.0\bin\FileTracker.dll" /i C:\prod\SonarQube\cxx\sonar-cxx\integration-tests\testdata\googletest_bullseye_vs_project\ObjDrop\pathhandling\v120\Debug\Win32\v120\PathHandling.Test\PathHand.6C9EC6AA.tlog /r "C:\DEVELOPMENT\SONARQUBE\CXX\SONAR-CXX\INTEGRATION-TESTS\TESTDATA\GOOGLETEST_BULLSEYE_VS_PROJECT\BUILDDROP\V120\WIN32\DEBUG\PATHHANDLING.LIB|C:\DEVELOPMENT\SONARQUBE\CXX\SONAR-CXX\INTEGRATION-TESTS\TESTDATA\GOOGLETEST_BULLSEYE_VS_PROJECT\OBJDROP\PATHHANDLING\V120\DEBUG\WIN32\V120\PATHHANDLING.TEST\MAIN.OBJ|C:\DEVELOPMENT\SONARQUBE\CXX\SONAR-CXX\INTEGRATION-TESTS\TESTDATA\GOOGLETEST_BULLSEYE_VS_PROJECT\OBJDROP\PATHHANDLING\V120\DEBUG\WIN32\V120\PATHHANDLING.TEST\PATHHANDLINGTEST.OBJ" /b MSBuildConsole_CancelEvent042947a3f9bb4042ad63800f04a02ec7  /c "C:\Program Files (x86)\Microsoft Visual Studio 12.0\VC\bin\link.exe"  /ERRORREPORT:QUEUE /OUT:"C:\prod\SonarQube\cxx\sonar-cxx\integration-tests\testdata\googletest_bullseye_vs_project\BuildDrop\Test\v120\Win32\Debug\\PathHandling.Test.exe" /INCREMENTAL /NOLOGO C:\prod\SonarQube\cxx\packages\gtestmock.1.7.2\build\native\../..//build/native/lib/Win32\v120\static\sgtestgmock.lib kernel32.lib user32.lib gdi32.lib winspool.lib comdlg32.lib advapi32.lib shell32.lib ole32.lib oleaut32.lib uuid.lib odbc32.lib odbccp32.lib /MANIFEST /MANIFESTUAC:"level='asInvoker' uiAccess='false'" /manifest:embed /DEBUG /PDB:"C:\prod\SonarQube\cxx\sonar-cxx\integration-tests\testdata\googletest_bullseye_vs_project\BuildDrop\Test\v120\Win32\Debug\\PathHandling.Test.pdb" /SUBSYSTEM:CONSOLE /TLBID:1 /DYNAMICBASE /NXCOMPAT /IMPLIB:"C:\prod\SonarQube\cxx\sonar-cxx\integration-tests\testdata\googletest_bullseye_vs_project\BuildDrop\Test\v120\Win32\Debug\\PathHandling.Test.lib" /MACHINE:X86 /SAFESEH /SAFESEH:NO "C:\prod\SonarQube\cxx\sonar-cxx\integration-tests\testdata\googletest_bullseye_vs_project\ObjDrop\pathhandling\v120\Debug\Win32\v120\PathHandling.Test\main.obj"
  "C:\prod\SonarQube\cxx\sonar-cxx\integration-tests\testdata\googletest_bullseye_vs_project\ObjDrop\pathhandling\v120\Debug\Win32\v120\PathHandling.Test\PathHandlingTest.obj"
  "C:\prod\SonarQube\cxx\sonar-cxx\integration-tests\testdata\googletest_bullseye_vs_project\BuildDrop\v120\Win32\Debug\PathHandling.lib"
Done executing task "Link".
Task "Message"
  PathHandling.Test.vcxproj -> C:\prod\SonarQube\cxx\sonar-cxx\integration-tests\testdata\googletest_bullseye_vs_project\BuildDrop\Test\v120\Win32\Debug\\PathHandling.Test.exe
Done executing task "Message".
Done building target "Link" in project "PathHandling.Test.vcxproj".
Target "MetaGenInputsOutputs" skipped, due to false condition; ('$(EnableManagedIncrementalBuild)' == 'True') was evaluated as ('false' == 'True').
Target "ComputeMetaGenInputs" skipped, due to false condition; ('$(CLRSupport)'!='' and '$(CLRSupport)'!='false') was evaluated as ('false'!='' and 'false'!='false').
Target "MetaGen" skipped, due to false condition; ('@(MetaGen)' != '') was evaluated as ('' != '').
Target "ComputeLinkImportLibraryOutputsForClean" in file "C:\Program Files (x86)\MSBuild\Microsoft.Cpp\v4.0\V120\Microsoft.CppBuild.targets" from project "C:\prod\SonarQube\cxx\sonar-cxx\integration-tests\testdata\googletest_bullseye_vs_project\PathHandling.Test\PathHandling.Test.vcxproj" (target "_Link" depends on it):
Task "WriteLinesToFile" skipped, due to false condition; ('@(_LinkSecondaryOutput)' != '') was evaluated as ('' != '').
Done building target "ComputeLinkImportLibraryOutputsForClean" in project "PathHandling.Test.vcxproj".
Target "AfterLink" in file "C:\Program Files (x86)\MSBuild\Microsoft.Cpp\v4.0\V120\Microsoft.CppBuild.targets" from project "C:\prod\SonarQube\cxx\sonar-cxx\integration-tests\testdata\googletest_bullseye_vs_project\PathHandling.Test\PathHandling.Test.vcxproj" (target "_Link" depends on it):
Done building target "AfterLink" in project "PathHandling.Test.vcxproj".
Target "_Link" in file "C:\Program Files (x86)\MSBuild\Microsoft.Cpp\v4.0\V120\Microsoft.CppBuild.targets" from project "C:\prod\SonarQube\cxx\sonar-cxx\integration-tests\testdata\googletest_bullseye_vs_project\PathHandling.Test\PathHandling.Test.vcxproj" (target "_BuildLinkAction" depends on it):
Done building target "_Link" in project "PathHandling.Test.vcxproj".
Target "_ALink" in file "C:\Program Files (x86)\MSBuild\Microsoft.Cpp\v4.0\V120\Microsoft.CppBuild.targets" from project "C:\prod\SonarQube\cxx\sonar-cxx\integration-tests\testdata\googletest_bullseye_vs_project\PathHandling.Test\PathHandling.Test.vcxproj" (target "_BuildLinkAction" depends on it):
Done building target "_ALink" in project "PathHandling.Test.vcxproj".
Target "ComputeLegacyManifestEmbedding" skipped. Previously built successfully.
Target "_Manifest" in file "C:\Program Files (x86)\MSBuild\Microsoft.Cpp\v4.0\V120\Microsoft.CppBuild.targets" from project "C:\prod\SonarQube\cxx\sonar-cxx\integration-tests\testdata\googletest_bullseye_vs_project\PathHandling.Test\PathHandling.Test.vcxproj" (target "_BuildLinkAction" depends on it):
Task "CallTarget" skipped, due to false condition; ('$(LegacyManifestEmbedding)' == 'true') was evaluated as ('' == 'true').
Done building target "_Manifest" in project "PathHandling.Test.vcxproj".
Target "RegisterOutput" in file "C:\Program Files (x86)\MSBuild\Microsoft.Cpp\v4.0\V120\Microsoft.CppCommon.targets" from project "C:\prod\SonarQube\cxx\sonar-cxx\integration-tests\testdata\googletest_bullseye_vs_project\PathHandling.Test\PathHandling.Test.vcxproj" (target "_BuildLinkAction" depends on it):
Task "Exec" skipped, due to false condition; ('$(ConfigurationType)'=='DynamicLibrary' and '%(Link.RegisterOutput)'=='true' and '%(Link.PerUserRedirection)'!='true') was evaluated as ('Application'=='DynamicLibrary' and 'false'=='true' and 'false'!='true').
Task "Exec" skipped, due to false condition; ('$(ConfigurationType)'=='DynamicLibrary' and '%(Link.RegisterOutput)'=='true' and '%(Link.PerUserRedirection)'=='true') was evaluated as ('Application'=='DynamicLibrary' and 'false'=='true' and 'false'=='true').
Task "Exec" skipped, due to false condition; ('$(ConfigurationType)'=='Application' and '%(Link.RegisterOutput)'=='true' and '%(Link.PerUserRedirection)'!='true') was evaluated as ('Application'=='Application' and 'false'=='true' and 'false'!='true').
Task "Exec" skipped, due to false condition; ('$(ConfigurationType)'=='Application' and '%(Link.RegisterOutput)'=='true' and '%(Link.PerUserRedirection)'=='true') was evaluated as ('Application'=='Application' and 'false'=='true' and 'false'=='true').
Task "VCMessage" skipped, due to false condition; ('$(_RegisterOutputExitCode)' != '' and '$(_RegisterOutputExitCode)' != '0') was evaluated as ('' != '' and '' != '0').
Done building target "RegisterOutput" in project "PathHandling.Test.vcxproj".
Target "PrepareForBuild" skipped. Previously built successfully.
Target "ResolveReferences" skipped. Previously built successfully.
Target "ResolvedXDCMake" in file "C:\Program Files (x86)\MSBuild\Microsoft.Cpp\v4.0\V120\Microsoft.CppBuild.targets" from project "C:\prod\SonarQube\cxx\sonar-cxx\integration-tests\testdata\googletest_bullseye_vs_project\PathHandling.Test\PathHandling.Test.vcxproj" (target "_XdcMake" depends on it):
Task "MSBuild" skipped, due to false condition; ('%(_MSBuildProjectReferenceExistent.Extension)' == '.vcxproj' and '@(ProjectReferenceWithConfiguration)' != '' and '@(_MSBuildProjectReferenceExistent)' != '' and '$(_ClCompileGenerateXMLDocumentationFiles)' == 'true') was evaluated as ('.vcxproj' == '.vcxproj' and '..\PathHandling\PathHandling.vcxproj' != '' and '..\PathHandling\PathHandling.vcxproj' != '' and '' == 'true').
Done building target "ResolvedXDCMake" in project "PathHandling.Test.vcxproj".
Target "ComputeCLCompileGeneratedXDCFiles" in file "C:\Program Files (x86)\MSBuild\Microsoft.Cpp\v4.0\V120\Microsoft.CppBuild.targets" from project "C:\prod\SonarQube\cxx\sonar-cxx\integration-tests\testdata\googletest_bullseye_vs_project\PathHandling.Test\PathHandling.Test.vcxproj" (target "_XdcMake" depends on it):
Done building target "ComputeCLCompileGeneratedXDCFiles" in project "PathHandling.Test.vcxproj".
Target "MakeDirsForXdcMake" in file "C:\Program Files (x86)\MSBuild\Microsoft.Cpp\v4.0\V120\Microsoft.CppBuild.targets" from project "C:\prod\SonarQube\cxx\sonar-cxx\integration-tests\testdata\googletest_bullseye_vs_project\PathHandling.Test\PathHandling.Test.vcxproj" (target "_XdcMake" depends on it):
Task "MakeDir"
Done executing task "MakeDir".
Done building target "MakeDirsForXdcMake" in project "PathHandling.Test.vcxproj".
Target "XdcMake" skipped, due to false condition; ('@(XdcMake)' != '') was evaluated as ('' != '').
Target "_XdcMake" in file "C:\Program Files (x86)\MSBuild\Microsoft.Cpp\v4.0\V120\Microsoft.CppBuild.targets" from project "C:\prod\SonarQube\cxx\sonar-cxx\integration-tests\testdata\googletest_bullseye_vs_project\PathHandling.Test\PathHandling.Test.vcxproj" (target "_BuildLinkAction" depends on it):
Done building target "_XdcMake" in project "PathHandling.Test.vcxproj".
Target "ComputeCLCompileGeneratedSbrFiles" in file "C:\Program Files (x86)\MSBuild\Microsoft.Cpp\v4.0\V120\Microsoft.CppBuild.targets" from project "C:\prod\SonarQube\cxx\sonar-cxx\integration-tests\testdata\googletest_bullseye_vs_project\PathHandling.Test\PathHandling.Test.vcxproj" (target "_BscMake" depends on it):
Done building target "ComputeCLCompileGeneratedSbrFiles" in project "PathHandling.Test.vcxproj".
Target "MakeDirsForBscMake" in file "C:\Program Files (x86)\MSBuild\Microsoft.Cpp\v4.0\V120\Microsoft.CppBuild.targets" from project "C:\prod\SonarQube\cxx\sonar-cxx\integration-tests\testdata\googletest_bullseye_vs_project\PathHandling.Test\PathHandling.Test.vcxproj" (target "_BscMake" depends on it):
Task "MakeDir"
Done executing task "MakeDir".
Done building target "MakeDirsForBscMake" in project "PathHandling.Test.vcxproj".
Target "BscMake" skipped, due to false condition; ('@(BscMake)' != '') was evaluated as ('' != '').
Target "CustomBuildStep" skipped, due to false condition; ('@(CustomBuildStep)' != '' and '$(SelectedFiles)'=='') was evaluated as ('' != '' and ''=='').
Target "_BscMake" in file "C:\Program Files (x86)\MSBuild\Microsoft.Cpp\v4.0\V120\Microsoft.CppBuild.targets" from project "C:\prod\SonarQube\cxx\sonar-cxx\integration-tests\testdata\googletest_bullseye_vs_project\PathHandling.Test\PathHandling.Test.vcxproj" (target "_BuildLinkAction" depends on it):
Done building target "_BscMake" in project "PathHandling.Test.vcxproj".
Target "RunMergeNativeCodeAnalysis" skipped, due to false condition; ('$(Language)'=='C++' and '$(RunCodeAnalysisOnThisProject)'=='true') was evaluated as ('C++'=='C++' and ''=='true').
Target "RunNativeCodeAnalysis" skipped, due to false condition; ('$(Language)'=='C++' and '$(RunCodeAnalysisOnThisProject)'=='true') was evaluated as ('C++'=='C++' and ''=='true').
Target "_GenerateSatelliteAssemblyInputs" in file "C:\Program Files (x86)\MSBuild\12.0\bin\Microsoft.Common.CurrentVersion.targets" from project "C:\prod\SonarQube\cxx\sonar-cxx\integration-tests\testdata\googletest_bullseye_vs_project\PathHandling.Test\PathHandling.Test.vcxproj" (target "CreateSatelliteAssemblies" depends on it):
Task "Warning" skipped, due to false condition; ('@(ManifestResourceWithCulture)'!='' and '%(ManifestResourceWithCulture.EmittedForCompatibilityOnly)'=='') was evaluated as (''!='' and ''=='').
Task "Warning" skipped, due to false condition; ('@(ManifestNonResxWithCultureOnDisk)'!='' and '%(ManifestNonResxWithCultureOnDisk.EmittedForCompatibilityOnly)'=='') was evaluated as (''!='' and ''=='').
Done building target "_GenerateSatelliteAssemblyInputs" in project "PathHandling.Test.vcxproj".
Target "ComputeIntermediateSatelliteAssemblies" skipped, due to false condition; (@(ReferenceSatellitePaths->'%(DestinationSubDirectory)') != '') was evaluated as ( != '').
Target "GenerateSatelliteAssemblies" skipped, due to false condition; ('@(_SatelliteAssemblyResourceInputs)' != '') was evaluated as ('' != '').
Target "CreateSatelliteAssemblies" in file "C:\Program Files (x86)\MSBuild\12.0\bin\Microsoft.Common.CurrentVersion.targets" from project "C:\prod\SonarQube\cxx\sonar-cxx\integration-tests\testdata\googletest_bullseye_vs_project\PathHandling.Test\PathHandling.Test.vcxproj" (target "_BuildLinkAction" depends on it):
Done building target "CreateSatelliteAssemblies" in project "PathHandling.Test.vcxproj".
Target "_Appverifier" in file "C:\Program Files (x86)\MSBuild\Microsoft.Cpp\v4.0\V120\Microsoft.CppBuild.targets" from project "C:\prod\SonarQube\cxx\sonar-cxx\integration-tests\testdata\googletest_bullseye_vs_project\PathHandling.Test\PathHandling.Test.vcxproj" (target "_BuildLinkAction" depends on it):
Done building target "_Appverifier" in project "PathHandling.Test.vcxproj".
Target "_Deploy" in file "C:\Program Files (x86)\MSBuild\Microsoft.Cpp\v4.0\V120\Microsoft.CppBuild.targets" from project "C:\prod\SonarQube\cxx\sonar-cxx\integration-tests\testdata\googletest_bullseye_vs_project\PathHandling.Test\PathHandling.Test.vcxproj" (target "_BuildLinkAction" depends on it):
Done building target "_Deploy" in project "PathHandling.Test.vcxproj".
Target "ComputeIntermediateSatelliteAssemblies" skipped, due to false condition; (@(ReferenceSatellitePaths->'%(DestinationSubDirectory)') != '') was evaluated as ( != '').
Target "_CopyFilesMarkedCopyLocal" skipped, due to false condition; ('@(ReferenceCopyLocalPaths)' != '') was evaluated as ('' != '').
Target "AssignTargetPaths" skipped. Previously built successfully.
Target "_SplitProjectReferencesByFileExistence" skipped. Previously built successfully.
Target "GetCopyToOutputDirectoryXamlAppDefs" in file "C:\Windows\Microsoft.NET\Framework\v4.0.30319\Microsoft.Xaml.targets" from project "C:\prod\SonarQube\cxx\sonar-cxx\integration-tests\testdata\googletest_bullseye_vs_project\PathHandling.Test\PathHandling.Test.vcxproj" (target "GetCopyToOutputDirectoryItems" depends on it):
Task "AssignTargetPath"
Done executing task "AssignTargetPath".
Done building target "GetCopyToOutputDirectoryXamlAppDefs" in project "PathHandling.Test.vcxproj".
Target "GetCopyToOutputDirectoryItems" in file "C:\Program Files (x86)\MSBuild\12.0\bin\Microsoft.Common.CurrentVersion.targets" from project "C:\prod\SonarQube\cxx\sonar-cxx\integration-tests\testdata\googletest_bullseye_vs_project\PathHandling.Test\PathHandling.Test.vcxproj" (target "_CopySourceItemsToOutputDirectory" depends on it):
Task "MSBuild"
  Global Properties:
    Configuration=Debug
    Platform=Win32
Project "C:\prod\SonarQube\cxx\sonar-cxx\integration-tests\testdata\googletest_bullseye_vs_project\PathHandling.Test\PathHandling.Test.vcxproj" (4) is building "C:\prod\SonarQube\cxx\sonar-cxx\integration-tests\testdata\googletest_bullseye_vs_project\PathHandling\PathHandling.vcxproj" (2:6) on node 1 (GetCopyToOutputDirectoryItems target(s)).
Building with tools version "12.0".
Target "_CheckForInvalidConfigurationAndPlatform" skipped. Previously built successfully.
Target "GetCopyToOutputDirectoryItems" skipped. Previously built successfully.
Done Building Project "C:\prod\SonarQube\cxx\sonar-cxx\integration-tests\testdata\googletest_bullseye_vs_project\PathHandling\PathHandling.vcxproj" (GetCopyToOutputDirectoryItems target(s)).
Done executing task "MSBuild".
Task "AssignTargetPath"
Done executing task "AssignTargetPath".
Done building target "GetCopyToOutputDirectoryItems" in project "PathHandling.Test.vcxproj".
Target "_CopyOutOfDateSourceItemsToOutputDirectory" skipped, due to false condition; ( '@(_SourceItemsToCopyToOutputDirectory)' != '' ) was evaluated as ( '' != '' ).
Target "_CopyOutOfDateSourceItemsToOutputDirectoryAlways" skipped, due to false condition; ( '@(_SourceItemsToCopyToOutputDirectoryAlways)' != '' ) was evaluated as ( '' != '' ).
Target "_CopySourceItemsToOutputDirectory" in file "C:\Program Files (x86)\MSBuild\12.0\bin\Microsoft.Common.CurrentVersion.targets" from project "C:\prod\SonarQube\cxx\sonar-cxx\integration-tests\testdata\googletest_bullseye_vs_project\PathHandling.Test\PathHandling.Test.vcxproj" (target "CopyFilesToOutputDirectory" depends on it):
Done building target "_CopySourceItemsToOutputDirectory" in project "PathHandling.Test.vcxproj".
Target "_CopyAppConfigFile" skipped, due to false condition; ( '@(AppConfigWithTargetPath)' != '' ) was evaluated as ( '' != '' ).
Target "_CopyManifestFiles" skipped, due to false condition; ( '$(_DeploymentCopyApplicationManifest)'=='true' or '$(GenerateClickOnceManifests)'=='true' ) was evaluated as ( ''=='true' or ''=='true' ).
Target "_CheckForCompileOutputs" in file "C:\Program Files (x86)\MSBuild\12.0\bin\Microsoft.Common.CurrentVersion.targets" from project "C:\prod\SonarQube\cxx\sonar-cxx\integration-tests\testdata\googletest_bullseye_vs_project\PathHandling.Test\PathHandling.Test.vcxproj" (target "CopyFilesToOutputDirectory" depends on it):
Done building target "_CheckForCompileOutputs" in project "PathHandling.Test.vcxproj".
Target "_SGenCheckForOutputs" skipped, due to false condition; ('$(_SGenGenerateSerializationAssembliesConfig)' == 'On' or ('@(WebReferenceUrl)'!='' and '$(_SGenGenerateSerializationAssembliesConfig)' == 'Auto')) was evaluated as ('Off' == 'On' or (''!='' and 'Off' == 'Auto')).
Target "CopyFilesToOutputDirectory" in file "C:\Program Files (x86)\MSBuild\12.0\bin\Microsoft.Common.CurrentVersion.targets" from project "C:\prod\SonarQube\cxx\sonar-cxx\integration-tests\testdata\googletest_bullseye_vs_project\PathHandling.Test\PathHandling.Test.vcxproj" (target "PrepareForRun" depends on it):
Task "Copy" skipped, due to false condition; ('$(CopyBuildOutputToOutputDirectory)' == 'true' and '$(SkipCopyBuildProduct)' != 'true') was evaluated as ('true' == 'true' and 'true' != 'true').
Task "Message" skipped, due to false condition; ('$(CopyBuildOutputToOutputDirectory)' == 'true' and '$(SkipCopyBuildProduct)'!='true') was evaluated as ('true' == 'true' and 'true'!='true').
Task "Copy" skipped, due to false condition; ('@(AddModules)' != '') was evaluated as ('' != '').
Task "Copy" skipped, due to false condition; ('$(_SGenDllCreated)'=='true') was evaluated as ('false'=='true').
Task "Copy" skipped, due to false condition; ('$(_DebugSymbolsProduced)'=='true' and '$(SkipCopyingSymbolsToOutputDirectory)' != 'true' and '$(CopyOutputSymbolsToOutputDirectory)'=='true') was evaluated as ('false'=='true' and '' != 'true' and 'true'=='true').
Task "Copy" skipped, due to false condition; ('$(_DocumentationFileProduced)'=='true') was evaluated as ('false'=='true').
Task "Copy" skipped, due to false condition; ('@(IntermediateSatelliteAssembliesWithTargetPath)' != '') was evaluated as ('' != '').
Task "Copy" skipped, due to false condition; ('@(ReferenceComWrappersToCopyLocal)' != '' or '@(ResolvedIsolatedComModules)' != '' or '@(_DeploymentLooseManifestFile)' != '' or '@(NativeReferenceFile)' != '' ) was evaluated as ('' != '' or '' != '' or '' != '' or '' != '' ).
Task "Copy" skipped, due to false condition; ('$(SkipCopyWinMDArtifact)' != 'true' and '@(WinMDExpArtifacts)' != '') was evaluated as ('' != 'true' and '' != '').
Task "Message" skipped, due to false condition; ('$(SkipCopyWinMDArtifact)' != 'true' and '$(_WindowsMetadataOutputPath)' != '') was evaluated as ('' != 'true' and '' != '').
Done building target "CopyFilesToOutputDirectory" in project "PathHandling.Test.vcxproj".
Target "PrepareForRun" in file "C:\Program Files (x86)\MSBuild\12.0\bin\Microsoft.Common.CurrentVersion.targets" from project "C:\prod\SonarQube\cxx\sonar-cxx\integration-tests\testdata\googletest_bullseye_vs_project\PathHandling.Test\PathHandling.Test.vcxproj" (target "_BuildLinkAction" depends on it):
Done building target "PrepareForRun" in project "PathHandling.Test.vcxproj".
Target "CustomBuildStep" skipped, due to false condition; ('@(CustomBuildStep)' != '' and '$(SelectedFiles)'=='') was evaluated as ('' != '' and ''=='').
Target "PostBuildEvent" in file "C:\Program Files (x86)\MSBuild\Microsoft.Cpp\v4.0\V120\Microsoft.CppCommon.targets" from project "C:\prod\SonarQube\cxx\sonar-cxx\integration-tests\testdata\googletest_bullseye_vs_project\PathHandling.Test\PathHandling.Test.vcxproj" (target "_BuildLinkAction" depends on it):
Task "Message" skipped, due to false condition; ('%(PostBuildEvent.Message)' != '' and '%(PostBuildEvent.Command)' != '') was evaluated as ('' != '' and '' != '').
Task "Exec" skipped, due to false condition; ('%(PostBuildEvent.Command)' != '') was evaluated as ('' != '').
Done building target "PostBuildEvent" in project "PathHandling.Test.vcxproj".
Target "_BuildLinkAction" in file "C:\Program Files (x86)\MSBuild\Microsoft.Cpp\v4.0\V120\Microsoft.CppBuild.targets" from project "C:\prod\SonarQube\cxx\sonar-cxx\integration-tests\testdata\googletest_bullseye_vs_project\PathHandling.Test\PathHandling.Test.vcxproj" (target "BuildLink" depends on it):
Done building target "_BuildLinkAction" in project "PathHandling.Test.vcxproj".
Target "BuildLink" in file "C:\Program Files (x86)\MSBuild\12.0\bin\Microsoft.Common.CurrentVersion.targets" from project "C:\prod\SonarQube\cxx\sonar-cxx\integration-tests\testdata\googletest_bullseye_vs_project\PathHandling.Test\PathHandling.Test.vcxproj" (target "Build" depends on it):
Done building target "BuildLink" in project "PathHandling.Test.vcxproj".
Target "CreateTfsBuildInfoResource" skipped, due to false condition; ( $(AddBuildInfoToAssembly)==true ) was evaluated as ( false==true ).
Target "AfterBuild" in file "C:\prod\SonarQube\cxx\MSBuild\GtestXunitConverterTask.targets" from project "C:\prod\SonarQube\cxx\sonar-cxx\integration-tests\testdata\googletest_bullseye_vs_project\PathHandling.Test\PathHandling.Test.vcxproj" (target "Build" depends on it):
Task "Message"
  ReferencesBin 
Done executing task "Message".
Task "Message"
  Run Gtest Test PathHandling.Test.exe
Done executing task "Message".
Task "Message"
  Solution Path C:\prod\SonarQube\cxx\sonar-cxx\integration-tests\testdata\googletest_bullseye_vs_project\
Done executing task "Message".
Task "Message"
  Output Xml: C:\prod\SonarQube\cxx\sonar-cxx\integration-tests\testdata\googletest_bullseye_vs_project\\sonarcpp\reports-xunit
Done executing task "Message".
Task "Message"
  SkipSearchForFileLocation false
Done executing task "Message".
Using "GtestXunitConverterTask" task from assembly "C:\prod\SonarQube\cxx\MSBuild\GtestXunitConverterTask.dll".
Task "GtestXunitConverterTask"
  Get Test Files in: C:\prod\SonarQube\cxx\sonar-cxx\integration-tests\testdata\googletest_bullseye_vs_project\PathHandling\PathHandling.vcxproj Using TextSuffix: .cpp And ReplacementStrings: 
  Get Test Files in: C:\prod\SonarQube\cxx\sonar-cxx\integration-tests\testdata\googletest_bullseye_vs_project\PathHandling.Test\PathHandling.Test.vcxproj Using TextSuffix: .cpp And ReplacementStrings: 
  gtest: C:\prod\SonarQube\cxx\sonar-cxx\integration-tests\testdata\googletest_bullseye_vs_project\BuildDrop\Test\v120\Win32\Debug\\\PathHandling.Test.exe --gtest_output=xml:C:\prod\SonarQube\cxx\sonar-cxx\integration-tests\testdata\googletest_bullseye_vs_project\BuildDrop\Test\v120\Win32\Debug\\\PathHandling.Test.exe.xml
  [==========] Running 2 tests from 1 test case.
  [----------] Global test environment set-up.
  [----------] 2 tests from PathHandlingTest
  [ RUN      ] PathHandlingTest.TestNormalPathCombine
  [       OK ] PathHandlingTest.TestNormalPathCombine (0 ms)
  [ RUN      ] PathHandlingTest.TestRelativePathCombine
  PathHandlingTest.cpp(19): error: Expected: ("c:/path/alskdlas.cpp") != (pathHandle.CompinePaths("c:/path", "alskdlas.cpp")), actual: "c:/path/alskdlas.cpp" vs "c:/path/alskdlas.cpp"
  [  FAILED  ] PathHandlingTest.TestRelativePathCombine (0 ms)
  [----------] 2 tests from PathHandlingTest (0 ms total)
  [----------] Global test environment tear-down
  [==========] 2 tests from 1 test case ran. (0 ms total)
  [  PASSED  ] 1 test.
  [  FAILED  ] 1 test, listed below:
  [  FAILED  ] PathHandlingTest.TestRelativePathCombine
   1 FAILED TEST
  Parse Source File: C:\prod\SonarQube\cxx\sonar-cxx\integration-tests\testdata\googletest_bullseye_vs_project\PathHandling\PathHandle.cpp
  Parse Source File: C:\prod\SonarQube\cxx\sonar-cxx\integration-tests\testdata\googletest_bullseye_vs_project\PathHandling.Test\main.cpp
  Parse Source File: C:\prod\SonarQube\cxx\sonar-cxx\integration-tests\testdata\googletest_bullseye_vs_project\PathHandling.Test\PathHandlingTest.cpp
  Parse Source File: C:\prod\SonarQube\cxx\sonar-cxx\integration-tests\testdata\googletest_bullseye_vs_project\PathHandling.Test\PathHandlingTest.cpp
  Parse Source File: C:\prod\SonarQube\cxx\sonar-cxx\integration-tests\testdata\googletest_bullseye_vs_project\PathHandling.Test\PathHandlingTest.cpp
C:\prod\SonarQube\cxx\MSBuild\GtestXunitConverterTask.targets(10,9): error : C:\prod\SonarQube\cxx\sonar-cxx\integration-tests\testdata\googletest_bullseye_vs_project\BuildDrop\Test\v120\Win32\Debug\\\PathHandling.Test.exe Exit with Return Code = 1 [C:\prod\SonarQube\cxx\sonar-cxx\integration-tests\testdata\googletest_bullseye_vs_project\PathHandling.Test\PathHandling.Test.vcxproj]
  GtestXunitConverter End: 172 ms
Done executing task "GtestXunitConverterTask" -- FAILED.
Done building target "AfterBuild" in project "PathHandling.Test.vcxproj" -- FAILED.
Done Building Project "C:\prod\SonarQube\cxx\sonar-cxx\integration-tests\testdata\googletest_bullseye_vs_project\PathHandling.Test\PathHandling.Test.vcxproj" (default targets) -- FAILED.
Done executing task "MSBuild" -- FAILED.
Done building target "Build" in project "PathHandling.Test.vcxproj.metaproj" -- FAILED.
Done Building Project "C:\prod\SonarQube\cxx\sonar-cxx\integration-tests\testdata\googletest_bullseye_vs_project\PathHandling.Test\PathHandling.Test.vcxproj.metaproj" (default targets) -- FAILED.
Done executing task "MSBuild" -- FAILED.
Done building target "Build" in project "pathhandling.sln" -- FAILED.
Done Building Project "C:\prod\SonarQube\cxx\sonar-cxx\integration-tests\testdata\googletest_bullseye_vs_project\pathhandling.sln" (default targets) -- FAILED.

Build FAILED.

"C:\prod\SonarQube\cxx\sonar-cxx\integration-tests\testdata\googletest_bullseye_vs_project\pathhandling.sln" (default target) (1) ->
"C:\prod\SonarQube\cxx\sonar-cxx\integration-tests\testdata\googletest_bullseye_vs_project\PathHandling.Test\PathHandling.Test.vcxproj.metaproj" (default target) (3) ->
"C:\prod\SonarQube\cxx\sonar-cxx\integration-tests\testdata\googletest_bullseye_vs_project\PathHandling.Test\PathHandling.Test.vcxproj" (default target) (4) ->
(AfterBuild target) -> 
  C:\prod\SonarQube\cxx\MSBuild\GtestXunitConverterTask.targets(10,9): error : C:\prod\SonarQube\cxx\sonar-cxx\integration-tests\testdata\googletest_bullseye_vs_project\BuildDrop\Test\v120\Win32\Debug\\\PathHandling.Test.exe Exit with Return Code = 1 [C:\prod\SonarQube\cxx\sonar-cxx\integration-tests\testdata\googletest_bullseye_vs_project\PathHandling.Test\PathHandling.Test.vcxproj]

    0 Warning(s)
    1 Error(s)

Time Elapsed 00:00:02.45
